18:23:44:168  INFO 30376 --- [main] com.hmall.pay.PayApplication             : Starting PayApplication using Java 11.0.23 on lzy with PID 30376 (D:\ProgramData\javaproject\SpringCloud\datas\two\hmall\pay-service\target\classes started by 11057 in D:\ProgramData\javaproject\SpringCloud\datas\two\hmall)
18:23:44:173 DEBUG 30376 --- [main] com.hmall.pay.PayApplication             : Running with Spring Boot v2.7.12, Spring v5.3.27
18:23:44:174  INFO 30376 --- [main] com.hmall.pay.PayApplication             : The following 1 profile is active: "local"
18:23:45:514  INFO 30376 --- [main] o.s.cloud.context.scope.GenericScope     : BeanFactory id=01d8b01a-9dca-395a-8a21-45a8fef661c6
18:23:46:026  INFO 30376 --- [main] o.s.b.w.embedded.tomcat.TomcatWebServer  : Tomcat initialized with port(s): 8086 (http)
18:23:46:039  INFO 30376 --- [main] o.apache.catalina.core.StandardService   : Starting service [Tomcat]
18:23:46:040  INFO 30376 --- [main] org.apache.catalina.core.StandardEngine  : Starting Servlet engine: [Apache Tomcat/9.0.75]
18:23:46:258  INFO 30376 --- [main] o.a.c.c.C.[Tomcat].[localhost].[/]       : Initializing Spring embedded WebApplicationContext
18:23:46:258  INFO 30376 --- [main] w.s.c.ServletWebServerApplicationContext : Root WebApplicationContext: initialization completed in 2028 ms
18:23:46:533  INFO 30376 --- [main] o.s.c.openfeign.FeignClientFactoryBean   : For 'user-service' URL not provided. Will try picking an instance via load-balancing.
18:23:46:610  INFO 30376 --- [main] o.s.c.openfeign.FeignClientFactoryBean   : For 'trade-service' URL not provided. Will try picking an instance via load-balancing.
18:23:55:545  INFO 30376 --- [main] pertySourcedRequestMappingHandlerMapping : Mapped URL path [/v2/api-docs] onto method [springfox.documentation.swagger2.web.Swagger2ControllerWebMvc#getDocumentation(String, HttpServletRequest)]
18:23:58:601  INFO 30376 --- [main] com.alibaba.nacos.common.remote.client   : [RpcClientFactory] create a new rpc client of ee0ce087-e1c9-42b8-99e2-d21437fe0cfe
18:23:58:683  INFO 30376 --- [main] org.reflections.Reflections              : Reflections took 46 ms to scan 1 urls, producing 3 keys and 6 values 
18:23:58:734  INFO 30376 --- [main] org.reflections.Reflections              : Reflections took 17 ms to scan 1 urls, producing 4 keys and 9 values 
18:23:58:753  INFO 30376 --- [main] org.reflections.Reflections              : Reflections took 12 ms to scan 1 urls, producing 3 keys and 10 values 
18:23:58:759  WARN 30376 --- [main] org.reflections.Reflections              : given scan urls are empty. set urls in the configuration
18:23:58:789  INFO 30376 --- [main] org.reflections.Reflections              : Reflections took 30 ms to scan 1 urls, producing 1 keys and 5 values 
18:23:58:808  INFO 30376 --- [main] org.reflections.Reflections              : Reflections took 14 ms to scan 1 urls, producing 1 keys and 7 values 
18:23:58:825  INFO 30376 --- [main] org.reflections.Reflections              : Reflections took 12 ms to scan 1 urls, producing 2 keys and 8 values 
18:23:58:827  WARN 30376 --- [main] org.reflections.Reflections              : given scan urls are empty. set urls in the configuration
18:23:58:829  INFO 30376 --- [main] com.alibaba.nacos.common.remote.client   : [ee0ce087-e1c9-42b8-99e2-d21437fe0cfe] RpcClient init label, labels = {module=naming, source=sdk}
18:23:58:832  INFO 30376 --- [main] com.alibaba.nacos.common.remote.client   : [ee0ce087-e1c9-42b8-99e2-d21437fe0cfe] RpcClient init, ServerListFactory = com.alibaba.nacos.client.naming.core.ServerListManager
18:23:58:832  INFO 30376 --- [main] com.alibaba.nacos.common.remote.client   : [ee0ce087-e1c9-42b8-99e2-d21437fe0cfe] Registry connection listener to current client:com.alibaba.nacos.client.naming.remote.gprc.redo.NamingGrpcRedoService
18:23:58:833  INFO 30376 --- [main] com.alibaba.nacos.common.remote.client   : [ee0ce087-e1c9-42b8-99e2-d21437fe0cfe] Register server push request handler:com.alibaba.nacos.client.naming.remote.gprc.NamingPushRequestHandler
18:23:58:835  INFO 30376 --- [main] com.alibaba.nacos.common.remote.client   : [ee0ce087-e1c9-42b8-99e2-d21437fe0cfe] Try to connect to server on start up, server: {serverIp = '192.168.88.135', server main port = 8848}
18:24:04:882 ERROR 30376 --- [main] c.a.n.c.remote.client.grpc.GrpcClient    : Server check fail, please check server 192.168.88.135 ,port 9848 is available , error ={}

java.util.concurrent.TimeoutException: Waited 3000 milliseconds (plus 12 milliseconds, 954700 nanoseconds delay) for com.alibaba.nacos.shaded.io.grpc.stub.ClientCalls$GrpcFuture@26291192[status=PENDING, info=[GrpcFuture{clientCall={delegate={delegate=ClientCallImpl{method=MethodDescriptor{fullMethodName=Request/request, type=UNARY, idempotent=false, safe=false, sampledToLocalTracing=true, requestMarshaller=com.alibaba.nacos.shaded.io.grpc.protobuf.lite.ProtoLiteUtils$MessageMarshaller@4fc256ec, responseMarshaller=com.alibaba.nacos.shaded.io.grpc.protobuf.lite.ProtoLiteUtils$MessageMarshaller@3bc3d70e, schemaDescriptor=com.alibaba.nacos.api.grpc.auto.RequestGrpc$RequestMethodDescriptorSupplier@78bce1c4}}}}}]]
	at com.alibaba.nacos.shaded.com.google.common.util.concurrent.AbstractFuture.get(AbstractFuture.java:508) ~[nacos-client-2.0.4.jar:na]
	at com.alibaba.nacos.common.remote.client.grpc.GrpcClient.serverCheck(GrpcClient.java:148) ~[nacos-client-2.0.4.jar:na]
	at com.alibaba.nacos.common.remote.client.grpc.GrpcClient.connectToServer(GrpcClient.java:264) ~[nacos-client-2.0.4.jar:na]
	at com.alibaba.nacos.common.remote.client.RpcClient.start(RpcClient.java:390) ~[nacos-client-2.0.4.jar:na]
	at com.alibaba.nacos.client.naming.remote.gprc.NamingGrpcClientProxy.start(NamingGrpcClientProxy.java:96) ~[nacos-client-2.0.4.jar:na]
	at com.alibaba.nacos.client.naming.remote.gprc.NamingGrpcClientProxy.<init>(NamingGrpcClientProxy.java:89) ~[nacos-client-2.0.4.jar:na]
	at com.alibaba.nacos.client.naming.remote.NamingClientProxyDelegate.<init>(NamingClientProxyDelegate.java:76) ~[nacos-client-2.0.4.jar:na]
	at com.alibaba.nacos.client.naming.NacosNamingService.init(NacosNamingService.java:95) ~[nacos-client-2.0.4.jar:na]
	at com.alibaba.nacos.client.naming.NacosNamingService.<init>(NacosNamingService.java:81) ~[nacos-client-2.0.4.jar:na]
	at java.base/jdk.internal.reflect.NativeConstructorAccessorImpl.newInstance0(Native Method) ~[na:na]
	at java.base/jdk.internal.reflect.NativeConstructorAccessorImpl.newInstance(NativeConstructorAccessorImpl.java:62) ~[na:na]
	at java.base/jdk.internal.reflect.DelegatingConstructorAccessorImpl.newInstance(DelegatingConstructorAccessorImpl.java:45) ~[na:na]
	at java.base/java.lang.reflect.Constructor.newInstance(Constructor.java:490) ~[na:na]
	at com.alibaba.nacos.api.naming.NamingFactory.createNamingService(NamingFactory.java:59) ~[nacos-client-2.0.4.jar:na]
	at com.alibaba.nacos.api.NacosFactory.createNamingService(NacosFactory.java:77) ~[nacos-client-2.0.4.jar:na]
	at com.alibaba.cloud.nacos.NacosServiceManager.createNewNamingService(NacosServiceManager.java:99) ~[spring-cloud-starter-alibaba-nacos-discovery-2021.0.4.0.jar:2021.0.4.0]
	at com.alibaba.cloud.nacos.NacosServiceManager.buildNamingService(NacosServiceManager.java:90) ~[spring-cloud-starter-alibaba-nacos-discovery-2021.0.4.0.jar:2021.0.4.0]
	at com.alibaba.cloud.nacos.NacosServiceManager.getNamingService(NacosServiceManager.java:46) ~[spring-cloud-starter-alibaba-nacos-discovery-2021.0.4.0.jar:2021.0.4.0]
	at com.alibaba.cloud.nacos.discovery.NacosWatch.start(NacosWatch.java:130) ~[spring-cloud-starter-alibaba-nacos-discovery-2021.0.4.0.jar:2021.0.4.0]
	at org.springframework.context.support.DefaultLifecycleProcessor.doStart(DefaultLifecycleProcessor.java:178) ~[spring-context-5.3.27.jar:5.3.27]
	at org.springframework.context.support.DefaultLifecycleProcessor.access$200(DefaultLifecycleProcessor.java:54) ~[spring-context-5.3.27.jar:5.3.27]
	at org.springframework.context.support.DefaultLifecycleProcessor$LifecycleGroup.start(DefaultLifecycleProcessor.java:356) ~[spring-context-5.3.27.jar:5.3.27]
	at java.base/java.lang.Iterable.forEach(Iterable.java:75) ~[na:na]
	at org.springframework.context.support.DefaultLifecycleProcessor.startBeans(DefaultLifecycleProcessor.java:155) ~[spring-context-5.3.27.jar:5.3.27]
	at org.springframework.context.support.DefaultLifecycleProcessor.onRefresh(DefaultLifecycleProcessor.java:123) ~[spring-context-5.3.27.jar:5.3.27]
	at org.springframework.context.support.AbstractApplicationContext.finishRefresh(AbstractApplicationContext.java:937) ~[spring-context-5.3.27.jar:5.3.27]
	at org.springframework.context.support.AbstractApplicationContext.refresh(AbstractApplicationContext.java:586) ~[spring-context-5.3.27.jar:5.3.27]
	at org.springframework.boot.web.servlet.context.ServletWebServerApplicationContext.refresh(ServletWebServerApplicationContext.java:147) ~[spring-boot-2.7.12.jar:2.7.12]
	at org.springframework.boot.SpringApplication.refresh(SpringApplication.java:731) ~[spring-boot-2.7.12.jar:2.7.12]
	at org.springframework.boot.SpringApplication.refreshContext(SpringApplication.java:408) ~[spring-boot-2.7.12.jar:2.7.12]
	at org.springframework.boot.SpringApplication.run(SpringApplication.java:307) ~[spring-boot-2.7.12.jar:2.7.12]
	at org.springframework.boot.SpringApplication.run(SpringApplication.java:1303) ~[spring-boot-2.7.12.jar:2.7.12]
	at org.springframework.boot.SpringApplication.run(SpringApplication.java:1292) ~[spring-boot-2.7.12.jar:2.7.12]
	at com.hmall.pay.PayApplication.main(PayApplication.java:14) ~[classes/:na]

18:24:04:888  INFO 30376 --- [main] com.alibaba.nacos.common.remote.client   : [ee0ce087-e1c9-42b8-99e2-d21437fe0cfe] Try to connect to server on start up, server: {serverIp = '192.168.88.135', server main port = 8848}
18:24:05:307  INFO 30376 --- [main] com.alibaba.nacos.common.remote.client   : [ee0ce087-e1c9-42b8-99e2-d21437fe0cfe] Success to connect to server [192.168.88.135:8848] on start up, connectionId = 1719743044469_192.168.88.1_60084
18:24:05:307  INFO 30376 --- [com.alibaba.nacos.client.remote.worker] com.alibaba.nacos.common.remote.client   : [ee0ce087-e1c9-42b8-99e2-d21437fe0cfe] Notify connected event to listeners.
18:24:05:309  INFO 30376 --- [main] com.alibaba.nacos.common.remote.client   : [ee0ce087-e1c9-42b8-99e2-d21437fe0cfe] Register server push request handler:com.alibaba.nacos.common.remote.client.RpcClient$ConnectResetRequestHandler
18:24:05:310  INFO 30376 --- [main] com.alibaba.nacos.common.remote.client   : [ee0ce087-e1c9-42b8-99e2-d21437fe0cfe] Register server push request handler:com.alibaba.nacos.common.remote.client.RpcClient$$Lambda$977/0x00000008006d5440
18:24:05:380  INFO 30376 --- [main] o.s.b.w.embedded.tomcat.TomcatWebServer  : Tomcat started on port(s): 8086 (http) with context path ''
18:24:05:412  INFO 30376 --- [main] c.a.c.n.registry.NacosServiceRegistry    : nacos registry, DEFAULT_GROUP pay-service 192.168.123.61:8086 register finished
18:24:05:891  INFO 30376 --- [nacos-grpc-client-executor-9] com.alibaba.nacos.common.remote.client   : [ee0ce087-e1c9-42b8-99e2-d21437fe0cfe] Receive server push request, request = NotifySubscriberRequest, requestId = 100
18:24:05:896  INFO 30376 --- [nacos-grpc-client-executor-9] com.alibaba.nacos.common.remote.client   : [ee0ce087-e1c9-42b8-99e2-d21437fe0cfe] Ack server push request, request = NotifySubscriberRequest, requestId = 100
18:24:07:782  INFO 30376 --- [main] d.s.w.p.DocumentationPluginsBootstrapper : Documentation plugins bootstrapped
18:24:07:786  INFO 30376 --- [main] d.s.w.p.DocumentationPluginsBootstrapper : Found 1 custom documentation plugin(s)
18:24:07:815  INFO 30376 --- [main] s.d.s.w.s.ApiListingReferenceScanner     : Scanning for api listing references
18:24:07:916  INFO 30376 --- [main] com.hmall.pay.PayApplication             : Started PayApplication in 26.911 seconds (JVM running for 29.08)
18:33:53:446  INFO 30376 --- [http-nio-8086-exec-1] o.apache.tomcat.util.http.parser.Cookie  : A cookie header was received [Hm_lvt_9007fab6814e892d3020a64454da5a55=1706944313,1707027411;] that contained an invalid cookie. That cookie will be ignored.
 Note: further occurrences of this error will be logged at DEBUG level.
18:33:53:512  INFO 30376 --- [http-nio-8086-exec-1] o.a.c.c.C.[Tomcat].[localhost].[/]       : Initializing Spring DispatcherServlet 'dispatcherServlet'
18:33:53:512  INFO 30376 --- [http-nio-8086-exec-1] o.s.web.servlet.DispatcherServlet        : Initializing Servlet 'dispatcherServlet'
18:33:53:597  INFO 30376 --- [http-nio-8086-exec-1] o.s.web.servlet.DispatcherServlet        : Completed initialization in 83 ms
18:33:54:473  INFO 30376 --- [http-nio-8086-exec-1] com.zaxxer.hikari.HikariDataSource       : HikariPool-1 - Starting...
18:33:55:081  INFO 30376 --- [http-nio-8086-exec-1] com.zaxxer.hikari.HikariDataSource       : HikariPool-1 - Start completed.
18:33:55:094 DEBUG 30376 --- [http-nio-8086-exec-1] c.h.pay.mapper.PayOrderMapper.selectOne  : ==>  Preparing: SELECT id,biz_order_no,pay_order_no,biz_user_id,pay_channel_code,amount,pay_type,status,expand_json,result_code,result_msg,pay_success_time,pay_over_time,qr_code_url,create_time,update_time,creater,updater,is_delete FROM pay_order WHERE (biz_order_no = ?)
18:33:55:157 DEBUG 30376 --- [http-nio-8086-exec-1] c.h.pay.mapper.PayOrderMapper.selectOne  : ==> Parameters: 1807361905718648833(Long)
18:33:55:221 DEBUG 30376 --- [http-nio-8086-exec-1] c.h.pay.mapper.PayOrderMapper.selectOne  : <==      Total: 0
18:33:55:469 DEBUG 30376 --- [http-nio-8086-exec-1] c.h.pay.mapper.PayOrderMapper.insert     : ==>  Preparing: INSERT INTO pay_order ( id, biz_order_no, pay_order_no, biz_user_id, pay_channel_code, amount, pay_type, status, pay_over_time ) VALUES ( ?, ?, ?, ?, ?, ?, ?, ?, ? )
18:33:55:476 DEBUG 30376 --- [http-nio-8086-exec-1] c.h.pay.mapper.PayOrderMapper.insert     : ==> Parameters: 1807361919664734210(Long), 1807361905718648833(Long), 1807361919199166466(Long), 2(Long), balance(String), 316100(Integer), 5(Integer), 1(Integer), 2024-06-30T20:33:55.346790800(LocalDateTime)
18:33:55:495 DEBUG 30376 --- [http-nio-8086-exec-1] c.h.pay.mapper.PayOrderMapper.insert     : <==    Updates: 1
18:34:23:510 DEBUG 30376 --- [http-nio-8086-exec-2] c.h.pay.mapper.PayOrderMapper.selectOne  : ==>  Preparing: SELECT id,biz_order_no,pay_order_no,biz_user_id,pay_channel_code,amount,pay_type,status,expand_json,result_code,result_msg,pay_success_time,pay_over_time,qr_code_url,create_time,update_time,creater,updater,is_delete FROM pay_order WHERE (biz_order_no = ?)
18:34:23:510 DEBUG 30376 --- [http-nio-8086-exec-2] c.h.pay.mapper.PayOrderMapper.selectOne  : ==> Parameters: 1807362035624632322(Long)
18:34:23:512 DEBUG 30376 --- [http-nio-8086-exec-2] c.h.pay.mapper.PayOrderMapper.selectOne  : <==      Total: 0
18:34:23:513 DEBUG 30376 --- [http-nio-8086-exec-2] c.h.pay.mapper.PayOrderMapper.insert     : ==>  Preparing: INSERT INTO pay_order ( id, biz_order_no, pay_order_no, biz_user_id, pay_channel_code, amount, pay_type, status, pay_over_time ) VALUES ( ?, ?, ?, ?, ?, ?, ?, ?, ? )
18:34:23:515 DEBUG 30376 --- [http-nio-8086-exec-2] c.h.pay.mapper.PayOrderMapper.insert     : ==> Parameters: 1807362037302378498(Long), 1807362035624632322(Long), 1807362037302378497(Long), 2(Long), balance(String), 316100(Integer), 5(Integer), 1(Integer), 2024-06-30T20:34:23.513608900(LocalDateTime)
18:34:23:521 DEBUG 30376 --- [http-nio-8086-exec-2] c.h.pay.mapper.PayOrderMapper.insert     : <==    Updates: 1
18:34:25:262 DEBUG 30376 --- [http-nio-8086-exec-3] c.h.p.mapper.PayOrderMapper.selectById   : ==>  Preparing: SELECT id,biz_order_no,pay_order_no,biz_user_id,pay_channel_code,amount,pay_type,status,expand_json,result_code,result_msg,pay_success_time,pay_over_time,qr_code_url,create_time,update_time,creater,updater,is_delete FROM pay_order WHERE id=?
18:34:25:263 DEBUG 30376 --- [http-nio-8086-exec-3] c.h.p.mapper.PayOrderMapper.selectById   : ==> Parameters: 1807362037302378498(Long)
18:34:25:274 DEBUG 30376 --- [http-nio-8086-exec-3] c.h.p.mapper.PayOrderMapper.selectById   : <==      Total: 1
18:34:25:296 DEBUG 30376 --- [http-nio-8086-exec-3] com.hmall.api.client.UserClient          : [UserClient#deductMoney] ---> PUT http://user-service/users/money/deduct?pw=123&amount=316100 HTTP/1.1
18:34:25:296 DEBUG 30376 --- [http-nio-8086-exec-3] com.hmall.api.client.UserClient          : [UserClient#deductMoney] user-info: 2
18:34:25:297 DEBUG 30376 --- [http-nio-8086-exec-3] com.hmall.api.client.UserClient          : [UserClient#deductMoney] ---> END HTTP (0-byte body)
18:34:25:714 DEBUG 30376 --- [http-nio-8086-exec-3] com.hmall.api.client.UserClient          : [UserClient#deductMoney] <--- HTTP/1.1 200 (415ms)
18:34:25:715 DEBUG 30376 --- [http-nio-8086-exec-3] com.hmall.api.client.UserClient          : [UserClient#deductMoney] connection: keep-alive
18:34:25:715 DEBUG 30376 --- [http-nio-8086-exec-3] com.hmall.api.client.UserClient          : [UserClient#deductMoney] content-length: 0
18:34:25:715 DEBUG 30376 --- [http-nio-8086-exec-3] com.hmall.api.client.UserClient          : [UserClient#deductMoney] date: Sun, 30 Jun 2024 10:34:25 GMT
18:34:25:715 DEBUG 30376 --- [http-nio-8086-exec-3] com.hmall.api.client.UserClient          : [UserClient#deductMoney] keep-alive: timeout=60
18:34:25:715 DEBUG 30376 --- [http-nio-8086-exec-3] com.hmall.api.client.UserClient          : [UserClient#deductMoney] 
18:34:25:715 DEBUG 30376 --- [http-nio-8086-exec-3] com.hmall.api.client.UserClient          : [UserClient#deductMoney] <--- END HTTP (0-byte body)
18:34:25:725 DEBUG 30376 --- [http-nio-8086-exec-3] c.h.pay.mapper.PayOrderMapper.update     : ==>  Preparing: UPDATE pay_order SET status=?,pay_success_time=? WHERE (id = ? AND status IN (?,?))
18:34:25:727 DEBUG 30376 --- [http-nio-8086-exec-3] c.h.pay.mapper.PayOrderMapper.update     : ==> Parameters: 3(Integer), 2024-06-30T18:34:25.716367900(LocalDateTime), 1807362037302378498(Long), 0(Integer), 1(Integer)
18:34:25:730 DEBUG 30376 --- [http-nio-8086-exec-3] c.h.pay.mapper.PayOrderMapper.update     : <==    Updates: 1
18:34:25:731 DEBUG 30376 --- [http-nio-8086-exec-3] com.hmall.api.client.TradeClient         : [TradeClient#markOrderPaySuccess] ---> PUT http://trade-service/orders/1807362035624632322 HTTP/1.1
18:34:25:731 DEBUG 30376 --- [http-nio-8086-exec-3] com.hmall.api.client.TradeClient         : [TradeClient#markOrderPaySuccess] user-info: 2
18:34:25:732 DEBUG 30376 --- [http-nio-8086-exec-3] com.hmall.api.client.TradeClient         : [TradeClient#markOrderPaySuccess] ---> END HTTP (0-byte body)
18:34:25:782 DEBUG 30376 --- [http-nio-8086-exec-3] com.hmall.api.client.TradeClient         : [TradeClient#markOrderPaySuccess] <--- HTTP/1.1 200 (50ms)
18:34:25:782 DEBUG 30376 --- [http-nio-8086-exec-3] com.hmall.api.client.TradeClient         : [TradeClient#markOrderPaySuccess] connection: keep-alive
18:34:25:782 DEBUG 30376 --- [http-nio-8086-exec-3] com.hmall.api.client.TradeClient         : [TradeClient#markOrderPaySuccess] content-length: 0
18:34:25:782 DEBUG 30376 --- [http-nio-8086-exec-3] com.hmall.api.client.TradeClient         : [TradeClient#markOrderPaySuccess] date: Sun, 30 Jun 2024 10:34:25 GMT
18:34:25:782 DEBUG 30376 --- [http-nio-8086-exec-3] com.hmall.api.client.TradeClient         : [TradeClient#markOrderPaySuccess] keep-alive: timeout=60
18:34:25:782 DEBUG 30376 --- [http-nio-8086-exec-3] com.hmall.api.client.TradeClient         : [TradeClient#markOrderPaySuccess] 
18:34:25:782 DEBUG 30376 --- [http-nio-8086-exec-3] com.hmall.api.client.TradeClient         : [TradeClient#markOrderPaySuccess] <--- END HTTP (0-byte body)
18:34:26:125  INFO 30376 --- [nacos-grpc-client-executor-137] com.alibaba.nacos.common.remote.client   : [ee0ce087-e1c9-42b8-99e2-d21437fe0cfe] Receive server push request, request = NotifySubscriberRequest, requestId = 121
18:34:26:127  INFO 30376 --- [nacos-grpc-client-executor-137] com.alibaba.nacos.common.remote.client   : [ee0ce087-e1c9-42b8-99e2-d21437fe0cfe] Ack server push request, request = NotifySubscriberRequest, requestId = 121
18:34:26:305  INFO 30376 --- [nacos-grpc-client-executor-138] com.alibaba.nacos.common.remote.client   : [ee0ce087-e1c9-42b8-99e2-d21437fe0cfe] Receive server push request, request = NotifySubscriberRequest, requestId = 122
18:34:26:305  INFO 30376 --- [nacos-grpc-client-executor-138] com.alibaba.nacos.common.remote.client   : [ee0ce087-e1c9-42b8-99e2-d21437fe0cfe] Ack server push request, request = NotifySubscriberRequest, requestId = 122
18:36:02:161  WARN 30376 --- [Thread-7] c.a.n.common.http.HttpClientBeanHolder   : [HttpClientBeanHolder] Start destroying common HttpClient
18:36:02:161  WARN 30376 --- [Thread-4] c.a.nacos.common.notify.NotifyCenter     : [NotifyCenter] Start destroying Publisher
18:36:02:161  WARN 30376 --- [Thread-4] c.a.nacos.common.notify.NotifyCenter     : [NotifyCenter] Destruction of the end
18:36:02:166  WARN 30376 --- [Thread-7] c.a.n.common.http.HttpClientBeanHolder   : [HttpClientBeanHolder] Destruction of the end
18:36:03:650  INFO 30376 --- [SpringApplicationShutdownHook] c.a.c.n.registry.NacosServiceRegistry    : De-registering from Nacos Server now...
18:36:03:657  INFO 30376 --- [SpringApplicationShutdownHook] c.a.c.n.registry.NacosServiceRegistry    : De-registration finished.
18:36:03:992  INFO 30376 --- [SpringApplicationShutdownHook] com.alibaba.nacos.common.remote.client   : Shutdown rpc client, set status to shutdown
18:36:03:992  INFO 30376 --- [SpringApplicationShutdownHook] com.alibaba.nacos.common.remote.client   : Shutdown client event executor java.util.concurrent.ScheduledThreadPoolExecutor@2d8a7964[Running, pool size = 2, active threads = 2, queued tasks = 0, completed tasks = 0]
18:36:03:992  INFO 30376 --- [SpringApplicationShutdownHook] com.alibaba.nacos.common.remote.client   : Close current connection 1719743044469_192.168.88.1_60084
18:36:03:996  INFO 30376 --- [nacos-grpc-client-executor-162] c.a.n.c.remote.client.grpc.GrpcClient    : [1719743044469_192.168.88.1_60084]Ignore complete event,isRunning:false,isAbandon=false
18:36:04:007  INFO 30376 --- [SpringApplicationShutdownHook] c.a.n.c.remote.client.grpc.GrpcClient    : Shutdown grpc executor java.util.concurrent.ThreadPoolExecutor@1551981[Running, pool size = 5, active threads = 0, queued tasks = 0, completed tasks = 163]
18:36:04:023  INFO 30376 --- [SpringApplicationShutdownHook] com.zaxxer.hikari.HikariDataSource       : HikariPool-1 - Shutdown initiated...
18:36:04:044  INFO 30376 --- [SpringApplicationShutdownHook] com.zaxxer.hikari.HikariDataSource       : HikariPool-1 - Shutdown completed.
