14:23:26:494  INFO 18576 --- [main] com.hmall.HMallApplication               : Starting HMallApplication using Java 11.0.23 on lzy with PID 18576 (D:\ProgramData\javaproject\SpringCloud\datas\two\hmall\hm-service\target\classes started by 11057 in D:\ProgramData\javaproject\SpringCloud\datas\two\hmall)
14:23:26:496 DEBUG 18576 --- [main] com.hmall.HMallApplication               : Running with Spring Boot v2.7.12, Spring v5.3.27
14:23:26:497  INFO 18576 --- [main] com.hmall.HMallApplication               : The following 1 profile is active: "local"
14:23:27:305  INFO 18576 --- [main] .s.d.r.c.RepositoryConfigurationDelegate : Multiple Spring Data modules found, entering strict repository configuration mode
14:23:27:307  INFO 18576 --- [main] .s.d.r.c.RepositoryConfigurationDelegate : Bootstrapping Spring Data Redis repositories in DEFAULT mode.
14:23:27:340  INFO 18576 --- [main] .s.d.r.c.RepositoryConfigurationDelegate : Finished Spring Data repository scanning in 13 ms. Found 0 Redis repository interfaces.
14:23:27:854  INFO 18576 --- [main] o.s.b.w.embedded.tomcat.TomcatWebServer  : Tomcat initialized with port(s): 8080 (http)
14:23:27:867  INFO 18576 --- [main] o.apache.catalina.core.StandardService   : Starting service [Tomcat]
14:23:27:867  INFO 18576 --- [main] org.apache.catalina.core.StandardEngine  : Starting Servlet engine: [Apache Tomcat/9.0.75]
14:23:28:021  INFO 18576 --- [main] o.a.c.c.C.[Tomcat].[localhost].[/]       : Initializing Spring embedded WebApplicationContext
14:23:28:021  INFO 18576 --- [main] w.s.c.ServletWebServerApplicationContext : Root WebApplicationContext: initialization completed in 1479 ms
14:23:31:131  INFO 18576 --- [main] pertySourcedRequestMappingHandlerMapping : Mapped URL path [/v2/api-docs] onto method [springfox.documentation.swagger2.web.Swagger2ControllerWebMvc#getDocumentation(String, HttpServletRequest)]
14:23:31:555  INFO 18576 --- [main] o.s.b.w.embedded.tomcat.TomcatWebServer  : Tomcat started on port(s): 8080 (http) with context path ''
14:23:31:556  INFO 18576 --- [main] d.s.w.p.DocumentationPluginsBootstrapper : Documentation plugins bootstrapped
14:23:31:559  INFO 18576 --- [main] d.s.w.p.DocumentationPluginsBootstrapper : Found 1 custom documentation plugin(s)
14:23:31:586  INFO 18576 --- [main] s.d.s.w.s.ApiListingReferenceScanner     : Scanning for api listing references
14:23:31:769  INFO 18576 --- [main] com.hmall.HMallApplication               : Started HMallApplication in 5.713 seconds (JVM running for 7.482)
14:23:36:073  INFO 18576 --- [http-nio-8080-exec-1] o.apache.tomcat.util.http.parser.Cookie  : A cookie header was received [Hm_lvt_9007fab6814e892d3020a64454da5a55=1706944313,1707027411] that contained an invalid cookie. That cookie will be ignored.
 Note: further occurrences of this error will be logged at DEBUG level.
14:23:36:081  INFO 18576 --- [http-nio-8080-exec-1] o.a.c.c.C.[Tomcat].[localhost].[/]       : Initializing Spring DispatcherServlet 'dispatcherServlet'
14:23:36:081  INFO 18576 --- [http-nio-8080-exec-1] o.s.web.servlet.DispatcherServlet        : Initializing Servlet 'dispatcherServlet'
14:23:36:082  INFO 18576 --- [http-nio-8080-exec-1] o.s.web.servlet.DispatcherServlet        : Completed initialization in 1 ms
14:23:36:113 ERROR 18576 --- [http-nio-8080-exec-1] o.a.c.c.C.[.[.[/].[dispatcherServlet]    : Servlet.service() for servlet [dispatcherServlet] in context with path [] threw exception [Request processing failed; nested exception is com.hmall.common.exception.UnauthorizedException: 未登录] with root cause

com.hmall.common.exception.UnauthorizedException: 未登录
	at com.hmall.utils.JwtTool.parseToken(JwtTool.java:47) ~[classes/:na]
	at com.hmall.interceptor.LoginInterceptor.preHandle(LoginInterceptor.java:21) ~[classes/:na]
	at org.springframework.web.servlet.HandlerExecutionChain.applyPreHandle(HandlerExecutionChain.java:148) ~[spring-webmvc-5.3.27.jar:5.3.27]
	at org.springframework.web.servlet.DispatcherServlet.doDispatch(DispatcherServlet.java:1067) ~[spring-webmvc-5.3.27.jar:5.3.27]
	at org.springframework.web.servlet.DispatcherServlet.doService(DispatcherServlet.java:965) ~[spring-webmvc-5.3.27.jar:5.3.27]
	at org.springframework.web.servlet.FrameworkServlet.processRequest(FrameworkServlet.java:1006) ~[spring-webmvc-5.3.27.jar:5.3.27]
	at org.springframework.web.servlet.FrameworkServlet.doGet(FrameworkServlet.java:898) ~[spring-webmvc-5.3.27.jar:5.3.27]
	at javax.servlet.http.HttpServlet.service(HttpServlet.java:529) ~[tomcat-embed-core-9.0.75.jar:4.0.FR]
	at org.springframework.web.servlet.FrameworkServlet.service(FrameworkServlet.java:883) ~[spring-webmvc-5.3.27.jar:5.3.27]
	at javax.servlet.http.HttpServlet.service(HttpServlet.java:623) ~[tomcat-embed-core-9.0.75.jar:4.0.FR]
	at org.apache.catalina.core.ApplicationFilterChain.internalDoFilter(ApplicationFilterChain.java:209) ~[tomcat-embed-core-9.0.75.jar:9.0.75]
	at org.apache.catalina.core.ApplicationFilterChain.doFilter(ApplicationFilterChain.java:153) ~[tomcat-embed-core-9.0.75.jar:9.0.75]
	at org.apache.tomcat.websocket.server.WsFilter.doFilter(WsFilter.java:51) ~[tomcat-embed-websocket-9.0.75.jar:9.0.75]
	at org.apache.catalina.core.ApplicationFilterChain.internalDoFilter(ApplicationFilterChain.java:178) ~[tomcat-embed-core-9.0.75.jar:9.0.75]
	at org.apache.catalina.core.ApplicationFilterChain.doFilter(ApplicationFilterChain.java:153) ~[tomcat-embed-core-9.0.75.jar:9.0.75]
	at org.springframework.web.filter.RequestContextFilter.doFilterInternal(RequestContextFilter.java:100) ~[spring-web-5.3.27.jar:5.3.27]
	at org.springframework.web.filter.OncePerRequestFilter.doFilter(OncePerRequestFilter.java:117) ~[spring-web-5.3.27.jar:5.3.27]
	at org.apache.catalina.core.ApplicationFilterChain.internalDoFilter(ApplicationFilterChain.java:178) ~[tomcat-embed-core-9.0.75.jar:9.0.75]
	at org.apache.catalina.core.ApplicationFilterChain.doFilter(ApplicationFilterChain.java:153) ~[tomcat-embed-core-9.0.75.jar:9.0.75]
	at org.springframework.web.filter.FormContentFilter.doFilterInternal(FormContentFilter.java:93) ~[spring-web-5.3.27.jar:5.3.27]
	at org.springframework.web.filter.OncePerRequestFilter.doFilter(OncePerRequestFilter.java:117) ~[spring-web-5.3.27.jar:5.3.27]
	at org.apache.catalina.core.ApplicationFilterChain.internalDoFilter(ApplicationFilterChain.java:178) ~[tomcat-embed-core-9.0.75.jar:9.0.75]
	at org.apache.catalina.core.ApplicationFilterChain.doFilter(ApplicationFilterChain.java:153) ~[tomcat-embed-core-9.0.75.jar:9.0.75]
	at org.springframework.web.filter.CharacterEncodingFilter.doFilterInternal(CharacterEncodingFilter.java:201) ~[spring-web-5.3.27.jar:5.3.27]
	at org.springframework.web.filter.OncePerRequestFilter.doFilter(OncePerRequestFilter.java:117) ~[spring-web-5.3.27.jar:5.3.27]
	at org.apache.catalina.core.ApplicationFilterChain.internalDoFilter(ApplicationFilterChain.java:178) ~[tomcat-embed-core-9.0.75.jar:9.0.75]
	at org.apache.catalina.core.ApplicationFilterChain.doFilter(ApplicationFilterChain.java:153) ~[tomcat-embed-core-9.0.75.jar:9.0.75]
	at org.apache.catalina.core.StandardWrapperValve.invoke(StandardWrapperValve.java:167) ~[tomcat-embed-core-9.0.75.jar:9.0.75]
	at org.apache.catalina.core.StandardContextValve.invoke(StandardContextValve.java:90) ~[tomcat-embed-core-9.0.75.jar:9.0.75]
	at org.apache.catalina.authenticator.AuthenticatorBase.invoke(AuthenticatorBase.java:481) ~[tomcat-embed-core-9.0.75.jar:9.0.75]
	at org.apache.catalina.core.StandardHostValve.invoke(StandardHostValve.java:130) ~[tomcat-embed-core-9.0.75.jar:9.0.75]
	at org.apache.catalina.valves.ErrorReportValve.invoke(ErrorReportValve.java:93) ~[tomcat-embed-core-9.0.75.jar:9.0.75]
	at org.apache.catalina.core.StandardEngineValve.invoke(StandardEngineValve.java:74) ~[tomcat-embed-core-9.0.75.jar:9.0.75]
	at org.apache.catalina.connector.CoyoteAdapter.service(CoyoteAdapter.java:343) ~[tomcat-embed-core-9.0.75.jar:9.0.75]
	at org.apache.coyote.http11.Http11Processor.service(Http11Processor.java:390) ~[tomcat-embed-core-9.0.75.jar:9.0.75]
	at org.apache.coyote.AbstractProcessorLight.process(AbstractProcessorLight.java:63) ~[tomcat-embed-core-9.0.75.jar:9.0.75]
	at org.apache.coyote.AbstractProtocol$ConnectionHandler.process(AbstractProtocol.java:926) ~[tomcat-embed-core-9.0.75.jar:9.0.75]
	at org.apache.tomcat.util.net.NioEndpoint$SocketProcessor.doRun(NioEndpoint.java:1791) ~[tomcat-embed-core-9.0.75.jar:9.0.75]
	at org.apache.tomcat.util.net.SocketProcessorBase.run(SocketProcessorBase.java:52) ~[tomcat-embed-core-9.0.75.jar:9.0.75]
	at org.apache.tomcat.util.threads.ThreadPoolExecutor.runWorker(ThreadPoolExecutor.java:1191) ~[tomcat-embed-core-9.0.75.jar:9.0.75]
	at org.apache.tomcat.util.threads.ThreadPoolExecutor$Worker.run(ThreadPoolExecutor.java:659) ~[tomcat-embed-core-9.0.75.jar:9.0.75]
	at org.apache.tomcat.util.threads.TaskThread$WrappingRunnable.run(TaskThread.java:61) ~[tomcat-embed-core-9.0.75.jar:9.0.75]
	at java.base/java.lang.Thread.run(Thread.java:829) ~[na:na]

14:27:12:791  INFO 18576 --- [http-nio-8080-exec-6] com.zaxxer.hikari.HikariDataSource       : HikariPool-1 - Starting...
14:27:13:134  INFO 18576 --- [http-nio-8080-exec-6] com.zaxxer.hikari.HikariDataSource       : HikariPool-1 - Start completed.
14:27:13:143 DEBUG 18576 --- [http-nio-8080-exec-6] com.hmall.mapper.UserMapper.selectOne    : ==>  Preparing: SELECT id,username,password,phone,create_time,update_time,status,balance FROM user WHERE (username = ?)
14:27:13:160 DEBUG 18576 --- [http-nio-8080-exec-6] com.hmall.mapper.UserMapper.selectOne    : ==> Parameters: Jack(String)
14:27:13:212 DEBUG 18576 --- [http-nio-8080-exec-6] com.hmall.mapper.UserMapper.selectOne    : <==      Total: 1
14:27:13:547 DEBUG 18576 --- [http-nio-8080-exec-10] com.hmall.mapper.CartMapper.selectList   : ==>  Preparing: SELECT id,user_id,item_id,num,name,spec,price,image,create_time,update_time FROM cart WHERE (user_id = ?)
14:27:13:548 DEBUG 18576 --- [http-nio-8080-exec-10] com.hmall.mapper.CartMapper.selectList   : ==> Parameters: 1(Long)
14:27:13:556 DEBUG 18576 --- [http-nio-8080-exec-10] com.hmall.mapper.CartMapper.selectList   : <==      Total: 0
15:04:32:414 ERROR 18576 --- [http-nio-8080-exec-2] c.h.common.advice.CommonExceptionAdvice  : 自定义异常 -> com.hmall.common.exception.UnauthorizedException , 异常原因：token已经过期  
15:04:32:416 DEBUG 18576 --- [http-nio-8080-exec-2] c.h.common.advice.CommonExceptionAdvice  : 

com.hmall.common.exception.UnauthorizedException: token已经过期
	at com.hmall.utils.JwtTool.parseToken(JwtTool.java:65) ~[classes/:na]
	at com.hmall.interceptor.LoginInterceptor.preHandle(LoginInterceptor.java:21) ~[classes/:na]
	at org.springframework.web.servlet.HandlerExecutionChain.applyPreHandle(HandlerExecutionChain.java:148) ~[spring-webmvc-5.3.27.jar:5.3.27]
	at org.springframework.web.servlet.DispatcherServlet.doDispatch(DispatcherServlet.java:1067) ~[spring-webmvc-5.3.27.jar:5.3.27]
	at org.springframework.web.servlet.DispatcherServlet.doService(DispatcherServlet.java:965) ~[spring-webmvc-5.3.27.jar:5.3.27]
	at org.springframework.web.servlet.FrameworkServlet.processRequest(FrameworkServlet.java:1006) ~[spring-webmvc-5.3.27.jar:5.3.27]
	at org.springframework.web.servlet.FrameworkServlet.doGet(FrameworkServlet.java:898) ~[spring-webmvc-5.3.27.jar:5.3.27]
	at javax.servlet.http.HttpServlet.service(HttpServlet.java:529) ~[tomcat-embed-core-9.0.75.jar:4.0.FR]
	at org.springframework.web.servlet.FrameworkServlet.service(FrameworkServlet.java:883) ~[spring-webmvc-5.3.27.jar:5.3.27]
	at javax.servlet.http.HttpServlet.service(HttpServlet.java:623) ~[tomcat-embed-core-9.0.75.jar:4.0.FR]
	at org.apache.catalina.core.ApplicationFilterChain.internalDoFilter(ApplicationFilterChain.java:209) ~[tomcat-embed-core-9.0.75.jar:9.0.75]
	at org.apache.catalina.core.ApplicationFilterChain.doFilter(ApplicationFilterChain.java:153) ~[tomcat-embed-core-9.0.75.jar:9.0.75]
	at org.apache.tomcat.websocket.server.WsFilter.doFilter(WsFilter.java:51) ~[tomcat-embed-websocket-9.0.75.jar:9.0.75]
	at org.apache.catalina.core.ApplicationFilterChain.internalDoFilter(ApplicationFilterChain.java:178) ~[tomcat-embed-core-9.0.75.jar:9.0.75]
	at org.apache.catalina.core.ApplicationFilterChain.doFilter(ApplicationFilterChain.java:153) ~[tomcat-embed-core-9.0.75.jar:9.0.75]
	at org.springframework.web.filter.RequestContextFilter.doFilterInternal(RequestContextFilter.java:100) ~[spring-web-5.3.27.jar:5.3.27]
	at org.springframework.web.filter.OncePerRequestFilter.doFilter(OncePerRequestFilter.java:117) ~[spring-web-5.3.27.jar:5.3.27]
	at org.apache.catalina.core.ApplicationFilterChain.internalDoFilter(ApplicationFilterChain.java:178) ~[tomcat-embed-core-9.0.75.jar:9.0.75]
	at org.apache.catalina.core.ApplicationFilterChain.doFilter(ApplicationFilterChain.java:153) ~[tomcat-embed-core-9.0.75.jar:9.0.75]
	at org.springframework.web.filter.FormContentFilter.doFilterInternal(FormContentFilter.java:93) ~[spring-web-5.3.27.jar:5.3.27]
	at org.springframework.web.filter.OncePerRequestFilter.doFilter(OncePerRequestFilter.java:117) ~[spring-web-5.3.27.jar:5.3.27]
	at org.apache.catalina.core.ApplicationFilterChain.internalDoFilter(ApplicationFilterChain.java:178) ~[tomcat-embed-core-9.0.75.jar:9.0.75]
	at org.apache.catalina.core.ApplicationFilterChain.doFilter(ApplicationFilterChain.java:153) ~[tomcat-embed-core-9.0.75.jar:9.0.75]
	at org.springframework.web.filter.CharacterEncodingFilter.doFilterInternal(CharacterEncodingFilter.java:201) ~[spring-web-5.3.27.jar:5.3.27]
	at org.springframework.web.filter.OncePerRequestFilter.doFilter(OncePerRequestFilter.java:117) ~[spring-web-5.3.27.jar:5.3.27]
	at org.apache.catalina.core.ApplicationFilterChain.internalDoFilter(ApplicationFilterChain.java:178) ~[tomcat-embed-core-9.0.75.jar:9.0.75]
	at org.apache.catalina.core.ApplicationFilterChain.doFilter(ApplicationFilterChain.java:153) ~[tomcat-embed-core-9.0.75.jar:9.0.75]
	at org.apache.catalina.core.StandardWrapperValve.invoke(StandardWrapperValve.java:167) ~[tomcat-embed-core-9.0.75.jar:9.0.75]
	at org.apache.catalina.core.StandardContextValve.invoke(StandardContextValve.java:90) ~[tomcat-embed-core-9.0.75.jar:9.0.75]
	at org.apache.catalina.authenticator.AuthenticatorBase.invoke(AuthenticatorBase.java:481) ~[tomcat-embed-core-9.0.75.jar:9.0.75]
	at org.apache.catalina.core.StandardHostValve.invoke(StandardHostValve.java:130) ~[tomcat-embed-core-9.0.75.jar:9.0.75]
	at org.apache.catalina.valves.ErrorReportValve.invoke(ErrorReportValve.java:93) ~[tomcat-embed-core-9.0.75.jar:9.0.75]
	at org.apache.catalina.core.StandardEngineValve.invoke(StandardEngineValve.java:74) ~[tomcat-embed-core-9.0.75.jar:9.0.75]
	at org.apache.catalina.connector.CoyoteAdapter.service(CoyoteAdapter.java:343) ~[tomcat-embed-core-9.0.75.jar:9.0.75]
	at org.apache.coyote.http11.Http11Processor.service(Http11Processor.java:390) ~[tomcat-embed-core-9.0.75.jar:9.0.75]
	at org.apache.coyote.AbstractProcessorLight.process(AbstractProcessorLight.java:63) ~[tomcat-embed-core-9.0.75.jar:9.0.75]
	at org.apache.coyote.AbstractProtocol$ConnectionHandler.process(AbstractProtocol.java:926) ~[tomcat-embed-core-9.0.75.jar:9.0.75]
	at org.apache.tomcat.util.net.NioEndpoint$SocketProcessor.doRun(NioEndpoint.java:1791) ~[tomcat-embed-core-9.0.75.jar:9.0.75]
	at org.apache.tomcat.util.net.SocketProcessorBase.run(SocketProcessorBase.java:52) ~[tomcat-embed-core-9.0.75.jar:9.0.75]
	at org.apache.tomcat.util.threads.ThreadPoolExecutor.runWorker(ThreadPoolExecutor.java:1191) ~[tomcat-embed-core-9.0.75.jar:9.0.75]
	at org.apache.tomcat.util.threads.ThreadPoolExecutor$Worker.run(ThreadPoolExecutor.java:659) ~[tomcat-embed-core-9.0.75.jar:9.0.75]
	at org.apache.tomcat.util.threads.TaskThread$WrappingRunnable.run(TaskThread.java:61) ~[tomcat-embed-core-9.0.75.jar:9.0.75]
	at java.base/java.lang.Thread.run(Thread.java:829) ~[na:na]

15:04:33:776 DEBUG 18576 --- [http-nio-8080-exec-3] com.hmall.mapper.UserMapper.selectOne    : ==>  Preparing: SELECT id,username,password,phone,create_time,update_time,status,balance FROM user WHERE (username = ?)
15:04:33:777 DEBUG 18576 --- [http-nio-8080-exec-3] com.hmall.mapper.UserMapper.selectOne    : ==> Parameters: Jack(String)
15:04:33:781 DEBUG 18576 --- [http-nio-8080-exec-3] com.hmall.mapper.UserMapper.selectOne    : <==      Total: 1
15:04:34:006 DEBUG 18576 --- [http-nio-8080-exec-5] com.hmall.mapper.CartMapper.selectList   : ==>  Preparing: SELECT id,user_id,item_id,num,name,spec,price,image,create_time,update_time FROM cart WHERE (user_id = ?)
15:04:34:006 DEBUG 18576 --- [http-nio-8080-exec-5] com.hmall.mapper.CartMapper.selectList   : ==> Parameters: 1(Long)
15:04:34:008 DEBUG 18576 --- [http-nio-8080-exec-5] com.hmall.mapper.CartMapper.selectList   : <==      Total: 0
15:04:35:608 DEBUG 18576 --- [http-nio-8080-exec-4] com.hmall.mapper.CartMapper.selectList   : ==>  Preparing: SELECT id,user_id,item_id,num,name,spec,price,image,create_time,update_time FROM cart WHERE (user_id = ?)
15:04:35:608 DEBUG 18576 --- [http-nio-8080-exec-4] com.hmall.mapper.CartMapper.selectList   : ==> Parameters: 1(Long)
15:04:35:609 DEBUG 18576 --- [http-nio-8080-exec-4] com.hmall.mapper.CartMapper.selectList   : <==      Total: 0
15:04:40:384 DEBUG 18576 --- [http-nio-8080-exec-9] c.h.m.ItemMapper.selectPage_mpCount      : ==>  Preparing: SELECT COUNT(*) FROM item WHERE (status = ?)
15:04:40:385 DEBUG 18576 --- [http-nio-8080-exec-9] c.h.m.ItemMapper.selectPage_mpCount      : ==> Parameters: 1(Integer)
15:04:40:422 DEBUG 18576 --- [http-nio-8080-exec-9] c.h.m.ItemMapper.selectPage_mpCount      : <==      Total: 1
15:04:40:433 DEBUG 18576 --- [http-nio-8080-exec-9] com.hmall.mapper.ItemMapper.selectPage   : ==>  Preparing: SELECT id, name, price, stock, image, category, brand, spec, sold, comment_count, isAD, status, create_time, update_time, creater, updater FROM item WHERE (status = ?) ORDER BY update_time DESC LIMIT ?
15:04:40:434 DEBUG 18576 --- [http-nio-8080-exec-9] com.hmall.mapper.ItemMapper.selectPage   : ==> Parameters: 1(Integer), 20(Long)
15:04:40:480 DEBUG 18576 --- [http-nio-8080-exec-9] com.hmall.mapper.ItemMapper.selectPage   : <==      Total: 20
15:04:43:063 DEBUG 18576 --- [http-nio-8080-exec-7] com.hmall.mapper.CartMapper.selectCount  : ==>  Preparing: SELECT COUNT( * ) FROM cart WHERE (user_id = ? AND item_id = ?)
15:04:43:063 DEBUG 18576 --- [http-nio-8080-exec-7] com.hmall.mapper.CartMapper.selectCount  : ==> Parameters: 1(Long), 40305713537(Long)
15:04:43:065 DEBUG 18576 --- [http-nio-8080-exec-7] com.hmall.mapper.CartMapper.selectCount  : <==      Total: 1
15:04:43:067 DEBUG 18576 --- [http-nio-8080-exec-7] com.hmall.mapper.CartMapper.selectCount  : ==>  Preparing: SELECT COUNT( * ) FROM cart WHERE (user_id = ?)
15:04:43:067 DEBUG 18576 --- [http-nio-8080-exec-7] com.hmall.mapper.CartMapper.selectCount  : ==> Parameters: 1(Long)
15:04:43:068 DEBUG 18576 --- [http-nio-8080-exec-7] com.hmall.mapper.CartMapper.selectCount  : <==      Total: 1
15:04:43:073 DEBUG 18576 --- [http-nio-8080-exec-7] com.hmall.mapper.CartMapper.insert       : ==>  Preparing: INSERT INTO cart ( user_id, item_id, name, spec, price, image ) VALUES ( ?, ?, ?, ?, ?, ? )
15:04:43:073 DEBUG 18576 --- [http-nio-8080-exec-7] com.hmall.mapper.CartMapper.insert       : ==> Parameters: 1(Long), 40305713537(Long), 【官方正品 品牌直营】奥古狮登小白鞋女秋季透气2018新款百搭韩版休闲鞋运动鞋女鞋厚底板鞋女 浅蓝【厚底】 41(String), {"颜色": "金色", "尺码": "41"}(String), 35400(Integer), https://m.360buyimg.com/mobilecms/s720x720_jfs/t1/14147/34/2890/275451/5c225484Ebd346404/e61513be4639ee2e.jpg!q70.jpg.webp(String)
15:04:43:080 DEBUG 18576 --- [http-nio-8080-exec-7] com.hmall.mapper.CartMapper.insert       : <==    Updates: 1
15:04:43:194 DEBUG 18576 --- [http-nio-8080-exec-8] com.hmall.mapper.CartMapper.selectList   : ==>  Preparing: SELECT id,user_id,item_id,num,name,spec,price,image,create_time,update_time FROM cart WHERE (user_id = ?)
15:04:43:194 DEBUG 18576 --- [http-nio-8080-exec-8] com.hmall.mapper.CartMapper.selectList   : ==> Parameters: 1(Long)
15:04:43:198 DEBUG 18576 --- [http-nio-8080-exec-8] com.hmall.mapper.CartMapper.selectList   : <==      Total: 1
15:04:43:206 DEBUG 18576 --- [http-nio-8080-exec-8] c.h.mapper.ItemMapper.selectBatchIds     : ==>  Preparing: SELECT id,name,price,stock,image,category,brand,spec,sold,comment_count,isAD,status,create_time,update_time,creater,updater FROM item WHERE id IN ( ? )
15:04:43:206 DEBUG 18576 --- [http-nio-8080-exec-8] c.h.mapper.ItemMapper.selectBatchIds     : ==> Parameters: 40305713537(Long)
15:04:43:209 DEBUG 18576 --- [http-nio-8080-exec-8] c.h.mapper.ItemMapper.selectBatchIds     : <==      Total: 1
15:04:44:577 DEBUG 18576 --- [http-nio-8080-exec-6] c.hmall.mapper.AddressMapper.selectList  : ==>  Preparing: SELECT id,user_id,province,city,town,mobile,street,contact,is_default,notes FROM address WHERE (user_id = ?)
15:04:44:578 DEBUG 18576 --- [http-nio-8080-exec-6] c.hmall.mapper.AddressMapper.selectList  : ==> Parameters: 1(Long)
15:04:44:585 DEBUG 18576 --- [http-nio-8080-exec-6] c.hmall.mapper.AddressMapper.selectList  : <==      Total: 4
15:04:47:371 DEBUG 18576 --- [http-nio-8080-exec-10] c.h.mapper.ItemMapper.selectBatchIds     : ==>  Preparing: SELECT id,name,price,stock,image,category,brand,spec,sold,comment_count,isAD,status,create_time,update_time,creater,updater FROM item WHERE id IN ( ? )
15:04:47:373 DEBUG 18576 --- [http-nio-8080-exec-10] c.h.mapper.ItemMapper.selectBatchIds     : ==> Parameters: 40305713537(Long)
15:04:47:375 DEBUG 18576 --- [http-nio-8080-exec-10] c.h.mapper.ItemMapper.selectBatchIds     : <==      Total: 1
15:04:47:380 DEBUG 18576 --- [http-nio-8080-exec-10] com.hmall.mapper.OrderMapper.insert      : ==>  Preparing: INSERT INTO `order` ( id, total_fee, payment_type, user_id, status ) VALUES ( ?, ?, ?, ?, ? )
15:04:47:380 DEBUG 18576 --- [http-nio-8080-exec-10] com.hmall.mapper.OrderMapper.insert      : ==> Parameters: 1802598246924599298(Long), 35400(Integer), 3(Integer), 1(Long), 1(Integer)
15:04:47:384 DEBUG 18576 --- [http-nio-8080-exec-10] com.hmall.mapper.OrderMapper.insert      : <==    Updates: 1
15:04:47:394 DEBUG 18576 --- [http-nio-8080-exec-10] c.hmall.mapper.OrderDetailMapper.insert  : ==>  Preparing: INSERT INTO order_detail ( order_id, item_id, num, name, spec, price, image ) VALUES ( ?, ?, ?, ?, ?, ?, ? )
15:04:47:395 DEBUG 18576 --- [http-nio-8080-exec-10] c.hmall.mapper.OrderDetailMapper.insert  : ==> Parameters: 1802598246924599298(Long), 40305713537(Long), 1(Integer), 【官方正品 品牌直营】奥古狮登小白鞋女秋季透气2018新款百搭韩版休闲鞋运动鞋女鞋厚底板鞋女 浅蓝【厚底】 41(String), {"颜色": "金色", "尺码": "41"}(String), 35400(Integer), https://m.360buyimg.com/mobilecms/s720x720_jfs/t1/14147/34/2890/275451/5c225484Ebd346404/e61513be4639ee2e.jpg!q70.jpg.webp(String)
15:04:47:404 DEBUG 18576 --- [http-nio-8080-exec-10] com.hmall.mapper.CartMapper.delete       : ==>  Preparing: DELETE FROM cart WHERE (user_id = ? AND item_id IN (?))
15:04:47:405 DEBUG 18576 --- [http-nio-8080-exec-10] com.hmall.mapper.CartMapper.delete       : ==> Parameters: 1(Long), 40305713537(Long)
15:04:47:408 DEBUG 18576 --- [http-nio-8080-exec-10] com.hmall.mapper.CartMapper.delete       : <==    Updates: 1
15:04:47:409 DEBUG 18576 --- [http-nio-8080-exec-10] com.hmall.mapper.ItemMapper.updateStock  : ==>  Preparing: UPDATE item SET stock = stock - ? WHERE id = ?
15:04:47:410 DEBUG 18576 --- [http-nio-8080-exec-10] com.hmall.mapper.ItemMapper.updateStock  : ==> Parameters: 1(Integer), 40305713537(Long)
15:04:47:549 DEBUG 18576 --- [http-nio-8080-exec-1] com.hmall.mapper.OrderMapper.selectById  : ==>  Preparing: SELECT id,total_fee,payment_type,user_id,status,create_time,pay_time,consign_time,end_time,close_time,comment_time,update_time FROM `order` WHERE id=?
15:04:47:549 DEBUG 18576 --- [http-nio-8080-exec-1] com.hmall.mapper.OrderMapper.selectById  : ==> Parameters: 1802598246924599298(Long)
15:04:47:551 DEBUG 18576 --- [http-nio-8080-exec-1] com.hmall.mapper.OrderMapper.selectById  : <==      Total: 1
15:04:47:609 DEBUG 18576 --- [http-nio-8080-exec-2] c.hmall.mapper.PayOrderMapper.selectOne  : ==>  Preparing: SELECT id,biz_order_no,pay_order_no,biz_user_id,pay_channel_code,amount,pay_type,status,expand_json,result_code,result_msg,pay_success_time,pay_over_time,qr_code_url,create_time,update_time,creater,updater,is_delete FROM pay_order WHERE (biz_order_no = ?)
15:04:47:609 DEBUG 18576 --- [http-nio-8080-exec-2] c.hmall.mapper.PayOrderMapper.selectOne  : ==> Parameters: 1802598246924599298(Long)
15:04:47:613 DEBUG 18576 --- [http-nio-8080-exec-2] c.hmall.mapper.PayOrderMapper.selectOne  : <==      Total: 0
15:04:47:620 DEBUG 18576 --- [http-nio-8080-exec-2] com.hmall.mapper.PayOrderMapper.insert   : ==>  Preparing: INSERT INTO pay_order ( id, biz_order_no, pay_order_no, biz_user_id, pay_channel_code, amount, pay_type, status, pay_over_time ) VALUES ( ?, ?, ?, ?, ?, ?, ?, ?, ? )
15:04:47:624 DEBUG 18576 --- [http-nio-8080-exec-2] com.hmall.mapper.PayOrderMapper.insert   : ==> Parameters: 1802598247935426561(Long), 1802598246924599298(Long), 1802598247872512002(Long), 1(Long), balance(String), 35400(Integer), 5(Integer), 1(Integer), 2024-06-17T17:04:47.615340400(LocalDateTime)
15:04:47:627 DEBUG 18576 --- [http-nio-8080-exec-2] com.hmall.mapper.PayOrderMapper.insert   : <==    Updates: 1
15:05:35:801 DEBUG 18576 --- [http-nio-8080-exec-3] c.h.mapper.PayOrderMapper.selectById     : ==>  Preparing: SELECT id,biz_order_no,pay_order_no,biz_user_id,pay_channel_code,amount,pay_type,status,expand_json,result_code,result_msg,pay_success_time,pay_over_time,qr_code_url,create_time,update_time,creater,updater,is_delete FROM pay_order WHERE id=?
15:05:35:802 DEBUG 18576 --- [http-nio-8080-exec-3] c.h.mapper.PayOrderMapper.selectById     : ==> Parameters: 1802598247935426561(Long)
15:05:35:805 DEBUG 18576 --- [http-nio-8080-exec-3] c.h.mapper.PayOrderMapper.selectById     : <==      Total: 1
15:05:35:805  INFO 18576 --- [http-nio-8080-exec-3] com.hmall.service.impl.UserServiceImpl   : 开始扣款
15:05:35:806 DEBUG 18576 --- [http-nio-8080-exec-3] com.hmall.mapper.UserMapper.selectById   : ==>  Preparing: SELECT id,username,password,phone,create_time,update_time,status,balance FROM user WHERE id=?
15:05:35:807 DEBUG 18576 --- [http-nio-8080-exec-3] com.hmall.mapper.UserMapper.selectById   : ==> Parameters: 1(Long)
15:05:35:808 DEBUG 18576 --- [http-nio-8080-exec-3] com.hmall.mapper.UserMapper.selectById   : <==      Total: 1
15:05:35:883 DEBUG 18576 --- [http-nio-8080-exec-3] com.hmall.mapper.UserMapper.updateMoney  : ==>  Preparing: update user set balance = balance - 35400 where id = ?
15:05:35:883 DEBUG 18576 --- [http-nio-8080-exec-3] com.hmall.mapper.UserMapper.updateMoney  : ==> Parameters: 1(Long)
15:05:35:885 DEBUG 18576 --- [http-nio-8080-exec-3] com.hmall.mapper.UserMapper.updateMoney  : <==    Updates: 1
15:05:35:885  INFO 18576 --- [http-nio-8080-exec-3] com.hmall.service.impl.UserServiceImpl   : 扣款成功
15:05:35:893 DEBUG 18576 --- [http-nio-8080-exec-3] com.hmall.mapper.PayOrderMapper.update   : ==>  Preparing: UPDATE pay_order SET status=?,pay_success_time=? WHERE (id = ? AND status IN (?,?))
15:05:35:895 DEBUG 18576 --- [http-nio-8080-exec-3] com.hmall.mapper.PayOrderMapper.update   : ==> Parameters: 3(Integer), 2024-06-17T15:05:35.885907400(LocalDateTime), 1802598247935426561(Long), 0(Integer), 1(Integer)
15:05:35:897 DEBUG 18576 --- [http-nio-8080-exec-3] com.hmall.mapper.PayOrderMapper.update   : <==    Updates: 1
15:05:35:901 DEBUG 18576 --- [http-nio-8080-exec-3] com.hmall.mapper.OrderMapper.updateById  : ==>  Preparing: UPDATE `order` SET status=?, pay_time=? WHERE id=?
15:05:35:902 DEBUG 18576 --- [http-nio-8080-exec-3] com.hmall.mapper.OrderMapper.updateById  : ==> Parameters: 2(Integer), 2024-06-17T15:05:35.897906400(LocalDateTime), 1802598246924599298(Long)
15:05:35:904 DEBUG 18576 --- [http-nio-8080-exec-3] com.hmall.mapper.OrderMapper.updateById  : <==    Updates: 1
15:05:36:168 DEBUG 18576 --- [http-nio-8080-exec-5] com.hmall.mapper.OrderMapper.selectById  : ==>  Preparing: SELECT id,total_fee,payment_type,user_id,status,create_time,pay_time,consign_time,end_time,close_time,comment_time,update_time FROM `order` WHERE id=?
15:05:36:170 DEBUG 18576 --- [http-nio-8080-exec-5] com.hmall.mapper.OrderMapper.selectById  : ==> Parameters: 1802598246924599298(Long)
15:05:36:174 DEBUG 18576 --- [http-nio-8080-exec-5] com.hmall.mapper.OrderMapper.selectById  : <==      Total: 1
15:06:29:663 DEBUG 18576 --- [http-nio-8080-exec-4] com.hmall.mapper.CartMapper.selectList   : ==>  Preparing: SELECT id,user_id,item_id,num,name,spec,price,image,create_time,update_time FROM cart WHERE (user_id = ?)
15:06:29:663 DEBUG 18576 --- [http-nio-8080-exec-4] com.hmall.mapper.CartMapper.selectList   : ==> Parameters: 1(Long)
15:06:29:665 DEBUG 18576 --- [http-nio-8080-exec-4] com.hmall.mapper.CartMapper.selectList   : <==      Total: 0
15:48:28:573  INFO 18576 --- [SpringApplicationShutdownHook] com.zaxxer.hikari.HikariDataSource       : HikariPool-1 - Shutdown initiated...
15:48:28:591  INFO 18576 --- [SpringApplicationShutdownHook] com.zaxxer.hikari.HikariDataSource       : HikariPool-1 - Shutdown completed.
