11:54:22:227  INFO 33188 --- [main] com.hmall.cart.CartApplication           : The following 1 profile is active: "local"
11:54:22:982  INFO 33188 --- [main] .s.d.r.c.RepositoryConfigurationDelegate : Multiple Spring Data modules found, entering strict repository configuration mode
11:54:22:985  INFO 33188 --- [main] .s.d.r.c.RepositoryConfigurationDelegate : Bootstrapping Spring Data Redis repositories in DEFAULT mode.
11:54:23:012  INFO 33188 --- [main] .s.d.r.c.RepositoryConfigurationDelegate : Finished Spring Data repository scanning in 8 ms. Found 0 Redis repository interfaces.
11:54:23:246  INFO 33188 --- [main] o.s.cloud.context.scope.GenericScope     : BeanFactory id=3bffc473-479a-38d7-84a7-9dd342652ba8
11:54:23:752  INFO 33188 --- [main] o.s.b.w.embedded.tomcat.TomcatWebServer  : Tomcat initialized with port(s): 8082 (http)
11:54:23:764  INFO 33188 --- [main] o.apache.catalina.core.StandardService   : Starting service [Tomcat]
11:54:23:764  INFO 33188 --- [main] org.apache.catalina.core.StandardEngine  : Starting Servlet engine: [Apache Tomcat/9.0.75]
11:54:23:954  INFO 33188 --- [main] o.a.c.c.C.[Tomcat].[localhost].[/]       : Initializing Spring embedded WebApplicationContext
11:54:23:955  INFO 33188 --- [main] w.s.c.ServletWebServerApplicationContext : Root WebApplicationContext: initialization completed in 1708 ms
11:54:24:229  INFO 33188 --- [main] o.s.c.openfeign.FeignClientFactoryBean   : For 'item-service' URL not provided. Will try picking an instance via load-balancing.
11:54:28:344  INFO 33188 --- [main] c.a.c.sentinel.SentinelWebMvcConfigurer  : [Sentinel Starter] register SentinelWebInterceptor with urlPatterns: [/**].
11:54:30:212  INFO 33188 --- [main] pertySourcedRequestMappingHandlerMapping : Mapped URL path [/v2/api-docs] onto method [springfox.documentation.swagger2.web.Swagger2ControllerWebMvc#getDocumentation(String, HttpServletRequest)]
11:54:32:202  INFO 33188 --- [main] com.alibaba.nacos.common.remote.client   : [RpcClientFactory] create a new rpc client of f4236259-4c23-492c-9baa-e740d74f250e
11:54:32:202  INFO 33188 --- [main] com.alibaba.nacos.common.remote.client   : [f4236259-4c23-492c-9baa-e740d74f250e] RpcClient init label, labels = {module=naming, source=sdk}
11:54:32:203  INFO 33188 --- [main] com.alibaba.nacos.common.remote.client   : [f4236259-4c23-492c-9baa-e740d74f250e] RpcClient init, ServerListFactory = com.alibaba.nacos.client.naming.core.ServerListManager
11:54:32:203  INFO 33188 --- [main] com.alibaba.nacos.common.remote.client   : [f4236259-4c23-492c-9baa-e740d74f250e] Registry connection listener to current client:com.alibaba.nacos.client.naming.remote.gprc.redo.NamingGrpcRedoService
11:54:32:203  INFO 33188 --- [main] com.alibaba.nacos.common.remote.client   : [f4236259-4c23-492c-9baa-e740d74f250e] Register server push request handler:com.alibaba.nacos.client.naming.remote.gprc.NamingPushRequestHandler
11:54:32:204  INFO 33188 --- [main] com.alibaba.nacos.common.remote.client   : [f4236259-4c23-492c-9baa-e740d74f250e] Try to connect to server on start up, server: {serverIp = '192.168.88.135', server main port = 8848}
11:54:32:355  INFO 33188 --- [main] com.alibaba.nacos.common.remote.client   : [f4236259-4c23-492c-9baa-e740d74f250e] Success to connect to server [192.168.88.135:8848] on start up, connectionId = 1719546871938_192.168.88.1_52655
11:54:32:355  INFO 33188 --- [main] com.alibaba.nacos.common.remote.client   : [f4236259-4c23-492c-9baa-e740d74f250e] Register server push request handler:com.alibaba.nacos.common.remote.client.RpcClient$ConnectResetRequestHandler
11:54:32:356  INFO 33188 --- [main] com.alibaba.nacos.common.remote.client   : [f4236259-4c23-492c-9baa-e740d74f250e] Register server push request handler:com.alibaba.nacos.common.remote.client.RpcClient$$Lambda$471/0x0000000800419440
11:54:32:355  INFO 33188 --- [com.alibaba.nacos.client.remote.worker] com.alibaba.nacos.common.remote.client   : [f4236259-4c23-492c-9baa-e740d74f250e] Notify connected event to listeners.
11:54:32:472  INFO 33188 --- [main] o.s.b.w.embedded.tomcat.TomcatWebServer  : Tomcat started on port(s): 8082 (http) with context path ''
11:54:32:525  INFO 33188 --- [main] c.a.c.n.registry.NacosServiceRegistry    : nacos registry, DEFAULT_GROUP cart-service 192.168.123.61:8082 register finished
11:54:33:047  INFO 33188 --- [nacos-grpc-client-executor-7] com.alibaba.nacos.common.remote.client   : [f4236259-4c23-492c-9baa-e740d74f250e] Receive server push request, request = NotifySubscriberRequest, requestId = 38
11:54:33:048  INFO 33188 --- [nacos-grpc-client-executor-7] com.alibaba.nacos.common.remote.client   : [f4236259-4c23-492c-9baa-e740d74f250e] Ack server push request, request = NotifySubscriberRequest, requestId = 38
11:54:34:028  INFO 33188 --- [main] d.s.w.p.DocumentationPluginsBootstrapper : Documentation plugins bootstrapped
11:54:34:030  INFO 33188 --- [main] d.s.w.p.DocumentationPluginsBootstrapper : Found 1 custom documentation plugin(s)
11:54:34:047  INFO 33188 --- [main] s.d.s.w.s.ApiListingReferenceScanner     : Scanning for api listing references
11:54:34:124  INFO 33188 --- [main] com.hmall.cart.CartApplication           : Started CartApplication in 21.077 seconds (JVM running for 22.897)
11:54:34:128  INFO 33188 --- [main] c.a.c.n.refresh.NacosContextRefresher    : [Nacos Config] Listening config: dataId=cart-service, group=DEFAULT_GROUP
11:54:34:131  INFO 33188 --- [main] c.a.c.n.refresh.NacosContextRefresher    : [Nacos Config] Listening config: dataId=cart-service.yaml, group=DEFAULT_GROUP
11:54:34:131  INFO 33188 --- [main] c.a.c.n.refresh.NacosContextRefresher    : [Nacos Config] Listening config: dataId=cart-service-local.yaml, group=DEFAULT_GROUP
11:55:40:303  INFO 33188 --- [http-nio-8082-exec-1] o.apache.tomcat.util.http.parser.Cookie  : A cookie header was received [Hm_lvt_9007fab6814e892d3020a64454da5a55=1706944313,1707027411;] that contained an invalid cookie. That cookie will be ignored.
 Note: further occurrences of this error will be logged at DEBUG level.
11:55:40:311  INFO 33188 --- [http-nio-8082-exec-1] o.a.c.c.C.[Tomcat].[localhost].[/]       : Initializing Spring DispatcherServlet 'dispatcherServlet'
11:55:40:312  INFO 33188 --- [http-nio-8082-exec-1] o.s.web.servlet.DispatcherServlet        : Initializing Servlet 'dispatcherServlet'
11:55:40:315  INFO 33188 --- [http-nio-8082-exec-1] o.s.web.servlet.DispatcherServlet        : Completed initialization in 3 ms
11:55:40:578  INFO 33188 --- [http-nio-8082-exec-1] com.zaxxer.hikari.HikariDataSource       : HikariPool-1 - Starting...
11:55:40:802  INFO 33188 --- [http-nio-8082-exec-1] com.zaxxer.hikari.HikariDataSource       : HikariPool-1 - Start completed.
11:55:40:809 DEBUG 33188 --- [http-nio-8082-exec-1] c.h.cart.mapper.CartMapper.selectList    : ==>  Preparing: SELECT id,user_id,item_id,num,name,spec,price,image,create_time,update_time FROM cart WHERE (user_id = ?)
11:55:40:829 DEBUG 33188 --- [http-nio-8082-exec-1] c.h.cart.mapper.CartMapper.selectList    : ==> Parameters: 2(Long)
11:55:40:875 DEBUG 33188 --- [http-nio-8082-exec-1] c.h.cart.mapper.CartMapper.selectList    : <==      Total: 2
11:55:40:933 DEBUG 33188 --- [http-nio-8082-exec-1] com.hmall.api.client.ItemClient          : [ItemClient#queryItemByIds] ---> GET http://item-service/items?ids=2120808&ids=5001207 HTTP/1.1
11:55:40:933 DEBUG 33188 --- [http-nio-8082-exec-1] com.hmall.api.client.ItemClient          : [ItemClient#queryItemByIds] user-info: 2
11:55:40:934 DEBUG 33188 --- [http-nio-8082-exec-1] com.hmall.api.client.ItemClient          : [ItemClient#queryItemByIds] ---> END HTTP (0-byte body)
11:55:41:052  WARN 33188 --- [http-nio-8082-exec-1] o.s.c.l.core.RoundRobinLoadBalancer      : No servers available for service: item-service
11:55:41:053  WARN 33188 --- [http-nio-8082-exec-1] .s.c.o.l.FeignBlockingLoadBalancerClient : Load balancer does not contain an instance for the service item-service
11:55:41:056 DEBUG 33188 --- [http-nio-8082-exec-1] com.hmall.api.client.ItemClient          : [ItemClient#queryItemByIds] <--- HTTP/1.1 503 (121ms)
11:55:41:056 DEBUG 33188 --- [http-nio-8082-exec-1] com.hmall.api.client.ItemClient          : [ItemClient#queryItemByIds] 
11:55:41:056 DEBUG 33188 --- [http-nio-8082-exec-1] com.hmall.api.client.ItemClient          : [ItemClient#queryItemByIds] Load balancer does not contain an instance for the service item-service
11:55:41:056 DEBUG 33188 --- [http-nio-8082-exec-1] com.hmall.api.client.ItemClient          : [ItemClient#queryItemByIds] <--- END HTTP (71-byte body)
11:55:41:071 ERROR 33188 --- [http-nio-8082-exec-1] o.a.c.c.C.[.[.[/].[dispatcherServlet]    : Servlet.service() for servlet [dispatcherServlet] in context with path [] threw exception [Request processing failed; nested exception is feign.FeignException$ServiceUnavailable: [503] during [GET] to [http://item-service/items?ids=2120808&ids=5001207] [ItemClient#queryItemByIds(Collection)]: [Load balancer does not contain an instance for the service item-service]] with root cause

feign.FeignException$ServiceUnavailable: [503] during [GET] to [http://item-service/items?ids=2120808&ids=5001207] [ItemClient#queryItemByIds(Collection)]: [Load balancer does not contain an instance for the service item-service]
	at feign.FeignException.serverErrorStatus(FeignException.java:256) ~[feign-core-11.8.jar:na]
	at feign.FeignException.errorStatus(FeignException.java:197) ~[feign-core-11.8.jar:na]
	at feign.FeignException.errorStatus(FeignException.java:185) ~[feign-core-11.8.jar:na]
	at feign.codec.ErrorDecoder$Default.decode(ErrorDecoder.java:92) ~[feign-core-11.8.jar:na]
	at feign.AsyncResponseHandler.handleResponse(AsyncResponseHandler.java:96) ~[feign-core-11.8.jar:na]
	at feign.SynchronousMethodHandler.executeAndDecode(SynchronousMethodHandler.java:138) ~[feign-core-11.8.jar:na]
	at feign.SynchronousMethodHandler.invoke(SynchronousMethodHandler.java:89) ~[feign-core-11.8.jar:na]
	at feign.ReflectiveFeign$FeignInvocationHandler.invoke(ReflectiveFeign.java:100) ~[feign-core-11.8.jar:na]
	at com.sun.proxy.$Proxy130.queryItemByIds(Unknown Source) ~[na:na]
	at com.hmall.cart.service.Impl.CartServiceImpl.handleCartItems(CartServiceImpl.java:90) ~[classes/:na]
	at com.hmall.cart.service.Impl.CartServiceImpl.queryMyCarts(CartServiceImpl.java:78) ~[classes/:na]
	at com.hmall.cart.service.Impl.CartServiceImpl$$FastClassBySpringCGLIB$$83d8b6af.invoke(<generated>) ~[classes/:na]
	at org.springframework.cglib.proxy.MethodProxy.invoke(MethodProxy.java:218) ~[spring-core-5.3.27.jar:5.3.27]
	at org.springframework.aop.framework.CglibAopProxy.invokeMethod(CglibAopProxy.java:386) ~[spring-aop-5.3.27.jar:5.3.27]
	at org.springframework.aop.framework.CglibAopProxy.access$000(CglibAopProxy.java:85) ~[spring-aop-5.3.27.jar:5.3.27]
	at org.springframework.aop.framework.CglibAopProxy$DynamicAdvisedInterceptor.intercept(CglibAopProxy.java:704) ~[spring-aop-5.3.27.jar:5.3.27]
	at com.hmall.cart.service.Impl.CartServiceImpl$$EnhancerBySpringCGLIB$$f2d79729.queryMyCarts(<generated>) ~[classes/:na]
	at com.hmall.cart.controller.CartController.queryMyCarts(CartController.java:47) ~[classes/:na]
	at java.base/jdk.internal.reflect.NativeMethodAccessorImpl.invoke0(Native Method) ~[na:na]
	at java.base/jdk.internal.reflect.NativeMethodAccessorImpl.invoke(NativeMethodAccessorImpl.java:62) ~[na:na]
	at java.base/jdk.internal.reflect.DelegatingMethodAccessorImpl.invoke(DelegatingMethodAccessorImpl.java:43) ~[na:na]
	at java.base/java.lang.reflect.Method.invoke(Method.java:566) ~[na:na]
	at org.springframework.web.method.support.InvocableHandlerMethod.doInvoke(InvocableHandlerMethod.java:205) ~[spring-web-5.3.27.jar:5.3.27]
	at org.springframework.web.method.support.InvocableHandlerMethod.invokeForRequest(InvocableHandlerMethod.java:150) ~[spring-web-5.3.27.jar:5.3.27]
	at org.springframework.web.servlet.mvc.method.annotation.ServletInvocableHandlerMethod.invokeAndHandle(ServletInvocableHandlerMethod.java:117) ~[spring-webmvc-5.3.27.jar:5.3.27]
	at org.springframework.web.servlet.mvc.method.annotation.RequestMappingHandlerAdapter.invokeHandlerMethod(RequestMappingHandlerAdapter.java:895) ~[spring-webmvc-5.3.27.jar:5.3.27]
	at org.springframework.web.servlet.mvc.method.annotation.RequestMappingHandlerAdapter.handleInternal(RequestMappingHandlerAdapter.java:808) ~[spring-webmvc-5.3.27.jar:5.3.27]
	at org.springframework.web.servlet.mvc.method.AbstractHandlerMethodAdapter.handle(AbstractHandlerMethodAdapter.java:87) ~[spring-webmvc-5.3.27.jar:5.3.27]
	at org.springframework.web.servlet.DispatcherServlet.doDispatch(DispatcherServlet.java:1072) ~[spring-webmvc-5.3.27.jar:5.3.27]
	at org.springframework.web.servlet.DispatcherServlet.doService(DispatcherServlet.java:965) ~[spring-webmvc-5.3.27.jar:5.3.27]
	at org.springframework.web.servlet.FrameworkServlet.processRequest(FrameworkServlet.java:1006) ~[spring-webmvc-5.3.27.jar:5.3.27]
	at org.springframework.web.servlet.FrameworkServlet.doGet(FrameworkServlet.java:898) ~[spring-webmvc-5.3.27.jar:5.3.27]
	at javax.servlet.http.HttpServlet.service(HttpServlet.java:529) ~[tomcat-embed-core-9.0.75.jar:4.0.FR]
	at org.springframework.web.servlet.FrameworkServlet.service(FrameworkServlet.java:883) ~[spring-webmvc-5.3.27.jar:5.3.27]
	at javax.servlet.http.HttpServlet.service(HttpServlet.java:623) ~[tomcat-embed-core-9.0.75.jar:4.0.FR]
	at org.apache.catalina.core.ApplicationFilterChain.internalDoFilter(ApplicationFilterChain.java:209) ~[tomcat-embed-core-9.0.75.jar:9.0.75]
	at org.apache.catalina.core.ApplicationFilterChain.doFilter(ApplicationFilterChain.java:153) ~[tomcat-embed-core-9.0.75.jar:9.0.75]
	at org.apache.tomcat.websocket.server.WsFilter.doFilter(WsFilter.java:51) ~[tomcat-embed-websocket-9.0.75.jar:9.0.75]
	at org.apache.catalina.core.ApplicationFilterChain.internalDoFilter(ApplicationFilterChain.java:178) ~[tomcat-embed-core-9.0.75.jar:9.0.75]
	at org.apache.catalina.core.ApplicationFilterChain.doFilter(ApplicationFilterChain.java:153) ~[tomcat-embed-core-9.0.75.jar:9.0.75]
	at org.springframework.web.filter.RequestContextFilter.doFilterInternal(RequestContextFilter.java:100) ~[spring-web-5.3.27.jar:5.3.27]
	at org.springframework.web.filter.OncePerRequestFilter.doFilter(OncePerRequestFilter.java:117) ~[spring-web-5.3.27.jar:5.3.27]
	at org.apache.catalina.core.ApplicationFilterChain.internalDoFilter(ApplicationFilterChain.java:178) ~[tomcat-embed-core-9.0.75.jar:9.0.75]
	at org.apache.catalina.core.ApplicationFilterChain.doFilter(ApplicationFilterChain.java:153) ~[tomcat-embed-core-9.0.75.jar:9.0.75]
	at org.springframework.web.filter.FormContentFilter.doFilterInternal(FormContentFilter.java:93) ~[spring-web-5.3.27.jar:5.3.27]
	at org.springframework.web.filter.OncePerRequestFilter.doFilter(OncePerRequestFilter.java:117) ~[spring-web-5.3.27.jar:5.3.27]
	at org.apache.catalina.core.ApplicationFilterChain.internalDoFilter(ApplicationFilterChain.java:178) ~[tomcat-embed-core-9.0.75.jar:9.0.75]
	at org.apache.catalina.core.ApplicationFilterChain.doFilter(ApplicationFilterChain.java:153) ~[tomcat-embed-core-9.0.75.jar:9.0.75]
	at org.springframework.web.filter.CharacterEncodingFilter.doFilterInternal(CharacterEncodingFilter.java:201) ~[spring-web-5.3.27.jar:5.3.27]
	at org.springframework.web.filter.OncePerRequestFilter.doFilter(OncePerRequestFilter.java:117) ~[spring-web-5.3.27.jar:5.3.27]
	at org.apache.catalina.core.ApplicationFilterChain.internalDoFilter(ApplicationFilterChain.java:178) ~[tomcat-embed-core-9.0.75.jar:9.0.75]
	at org.apache.catalina.core.ApplicationFilterChain.doFilter(ApplicationFilterChain.java:153) ~[tomcat-embed-core-9.0.75.jar:9.0.75]
	at org.apache.catalina.core.StandardWrapperValve.invoke(StandardWrapperValve.java:167) ~[tomcat-embed-core-9.0.75.jar:9.0.75]
	at org.apache.catalina.core.StandardContextValve.invoke(StandardContextValve.java:90) ~[tomcat-embed-core-9.0.75.jar:9.0.75]
	at org.apache.catalina.authenticator.AuthenticatorBase.invoke(AuthenticatorBase.java:481) ~[tomcat-embed-core-9.0.75.jar:9.0.75]
	at org.apache.catalina.core.StandardHostValve.invoke(StandardHostValve.java:130) ~[tomcat-embed-core-9.0.75.jar:9.0.75]
	at org.apache.catalina.valves.ErrorReportValve.invoke(ErrorReportValve.java:93) ~[tomcat-embed-core-9.0.75.jar:9.0.75]
	at org.apache.catalina.core.StandardEngineValve.invoke(StandardEngineValve.java:74) ~[tomcat-embed-core-9.0.75.jar:9.0.75]
	at org.apache.catalina.connector.CoyoteAdapter.service(CoyoteAdapter.java:343) ~[tomcat-embed-core-9.0.75.jar:9.0.75]
	at org.apache.coyote.http11.Http11Processor.service(Http11Processor.java:390) ~[tomcat-embed-core-9.0.75.jar:9.0.75]
	at org.apache.coyote.AbstractProcessorLight.process(AbstractProcessorLight.java:63) ~[tomcat-embed-core-9.0.75.jar:9.0.75]
	at org.apache.coyote.AbstractProtocol$ConnectionHandler.process(AbstractProtocol.java:926) ~[tomcat-embed-core-9.0.75.jar:9.0.75]
	at org.apache.tomcat.util.net.NioEndpoint$SocketProcessor.doRun(NioEndpoint.java:1791) ~[tomcat-embed-core-9.0.75.jar:9.0.75]
	at org.apache.tomcat.util.net.SocketProcessorBase.run(SocketProcessorBase.java:52) ~[tomcat-embed-core-9.0.75.jar:9.0.75]
	at org.apache.tomcat.util.threads.ThreadPoolExecutor.runWorker(ThreadPoolExecutor.java:1191) ~[tomcat-embed-core-9.0.75.jar:9.0.75]
	at org.apache.tomcat.util.threads.ThreadPoolExecutor$Worker.run(ThreadPoolExecutor.java:659) ~[tomcat-embed-core-9.0.75.jar:9.0.75]
	at org.apache.tomcat.util.threads.TaskThread$WrappingRunnable.run(TaskThread.java:61) ~[tomcat-embed-core-9.0.75.jar:9.0.75]
	at java.base/java.lang.Thread.run(Thread.java:829) ~[na:na]

11:55:41:634  INFO 33188 --- [nacos-grpc-client-executor-23] com.alibaba.nacos.common.remote.client   : [f4236259-4c23-492c-9baa-e740d74f250e] Receive server push request, request = NotifySubscriberRequest, requestId = 44
11:55:41:634  INFO 33188 --- [nacos-grpc-client-executor-23] com.alibaba.nacos.common.remote.client   : [f4236259-4c23-492c-9baa-e740d74f250e] Ack server push request, request = NotifySubscriberRequest, requestId = 44
11:55:45:760 DEBUG 33188 --- [http-nio-8082-exec-2] c.h.cart.mapper.CartMapper.selectList    : ==>  Preparing: SELECT id,user_id,item_id,num,name,spec,price,image,create_time,update_time FROM cart WHERE (user_id = ?)
11:55:45:761 DEBUG 33188 --- [http-nio-8082-exec-2] c.h.cart.mapper.CartMapper.selectList    : ==> Parameters: 2(Long)
11:55:45:767 DEBUG 33188 --- [http-nio-8082-exec-2] c.h.cart.mapper.CartMapper.selectList    : <==      Total: 2
11:55:45:769 DEBUG 33188 --- [http-nio-8082-exec-2] com.hmall.api.client.ItemClient          : [ItemClient#queryItemByIds] ---> GET http://item-service/items?ids=2120808&ids=5001207 HTTP/1.1
11:55:45:769 DEBUG 33188 --- [http-nio-8082-exec-2] com.hmall.api.client.ItemClient          : [ItemClient#queryItemByIds] user-info: 2
11:55:45:769 DEBUG 33188 --- [http-nio-8082-exec-2] com.hmall.api.client.ItemClient          : [ItemClient#queryItemByIds] ---> END HTTP (0-byte body)
11:55:45:772  WARN 33188 --- [http-nio-8082-exec-2] o.s.c.l.core.RoundRobinLoadBalancer      : No servers available for service: item-service
11:55:45:772  WARN 33188 --- [http-nio-8082-exec-2] .s.c.o.l.FeignBlockingLoadBalancerClient : Load balancer does not contain an instance for the service item-service
11:55:45:772 DEBUG 33188 --- [http-nio-8082-exec-2] com.hmall.api.client.ItemClient          : [ItemClient#queryItemByIds] <--- HTTP/1.1 503 (3ms)
11:55:45:772 DEBUG 33188 --- [http-nio-8082-exec-2] com.hmall.api.client.ItemClient          : [ItemClient#queryItemByIds] 
11:55:45:772 DEBUG 33188 --- [http-nio-8082-exec-2] com.hmall.api.client.ItemClient          : [ItemClient#queryItemByIds] Load balancer does not contain an instance for the service item-service
11:55:45:772 DEBUG 33188 --- [http-nio-8082-exec-2] com.hmall.api.client.ItemClient          : [ItemClient#queryItemByIds] <--- END HTTP (71-byte body)
11:55:45:774 ERROR 33188 --- [http-nio-8082-exec-2] o.a.c.c.C.[.[.[/].[dispatcherServlet]    : Servlet.service() for servlet [dispatcherServlet] in context with path [] threw exception [Request processing failed; nested exception is feign.FeignException$ServiceUnavailable: [503] during [GET] to [http://item-service/items?ids=2120808&ids=5001207] [ItemClient#queryItemByIds(Collection)]: [Load balancer does not contain an instance for the service item-service]] with root cause

feign.FeignException$ServiceUnavailable: [503] during [GET] to [http://item-service/items?ids=2120808&ids=5001207] [ItemClient#queryItemByIds(Collection)]: [Load balancer does not contain an instance for the service item-service]
	at feign.FeignException.serverErrorStatus(FeignException.java:256) ~[feign-core-11.8.jar:na]
	at feign.FeignException.errorStatus(FeignException.java:197) ~[feign-core-11.8.jar:na]
	at feign.FeignException.errorStatus(FeignException.java:185) ~[feign-core-11.8.jar:na]
	at feign.codec.ErrorDecoder$Default.decode(ErrorDecoder.java:92) ~[feign-core-11.8.jar:na]
	at feign.AsyncResponseHandler.handleResponse(AsyncResponseHandler.java:96) ~[feign-core-11.8.jar:na]
	at feign.SynchronousMethodHandler.executeAndDecode(SynchronousMethodHandler.java:138) ~[feign-core-11.8.jar:na]
	at feign.SynchronousMethodHandler.invoke(SynchronousMethodHandler.java:89) ~[feign-core-11.8.jar:na]
	at feign.ReflectiveFeign$FeignInvocationHandler.invoke(ReflectiveFeign.java:100) ~[feign-core-11.8.jar:na]
	at com.sun.proxy.$Proxy130.queryItemByIds(Unknown Source) ~[na:na]
	at com.hmall.cart.service.Impl.CartServiceImpl.handleCartItems(CartServiceImpl.java:90) ~[classes/:na]
	at com.hmall.cart.service.Impl.CartServiceImpl.queryMyCarts(CartServiceImpl.java:78) ~[classes/:na]
	at com.hmall.cart.service.Impl.CartServiceImpl$$FastClassBySpringCGLIB$$83d8b6af.invoke(<generated>) ~[classes/:na]
	at org.springframework.cglib.proxy.MethodProxy.invoke(MethodProxy.java:218) ~[spring-core-5.3.27.jar:5.3.27]
	at org.springframework.aop.framework.CglibAopProxy.invokeMethod(CglibAopProxy.java:386) ~[spring-aop-5.3.27.jar:5.3.27]
	at org.springframework.aop.framework.CglibAopProxy.access$000(CglibAopProxy.java:85) ~[spring-aop-5.3.27.jar:5.3.27]
	at org.springframework.aop.framework.CglibAopProxy$DynamicAdvisedInterceptor.intercept(CglibAopProxy.java:704) ~[spring-aop-5.3.27.jar:5.3.27]
	at com.hmall.cart.service.Impl.CartServiceImpl$$EnhancerBySpringCGLIB$$f2d79729.queryMyCarts(<generated>) ~[classes/:na]
	at com.hmall.cart.controller.CartController.queryMyCarts(CartController.java:47) ~[classes/:na]
	at java.base/jdk.internal.reflect.NativeMethodAccessorImpl.invoke0(Native Method) ~[na:na]
	at java.base/jdk.internal.reflect.NativeMethodAccessorImpl.invoke(NativeMethodAccessorImpl.java:62) ~[na:na]
	at java.base/jdk.internal.reflect.DelegatingMethodAccessorImpl.invoke(DelegatingMethodAccessorImpl.java:43) ~[na:na]
	at java.base/java.lang.reflect.Method.invoke(Method.java:566) ~[na:na]
	at org.springframework.web.method.support.InvocableHandlerMethod.doInvoke(InvocableHandlerMethod.java:205) ~[spring-web-5.3.27.jar:5.3.27]
	at org.springframework.web.method.support.InvocableHandlerMethod.invokeForRequest(InvocableHandlerMethod.java:150) ~[spring-web-5.3.27.jar:5.3.27]
	at org.springframework.web.servlet.mvc.method.annotation.ServletInvocableHandlerMethod.invokeAndHandle(ServletInvocableHandlerMethod.java:117) ~[spring-webmvc-5.3.27.jar:5.3.27]
	at org.springframework.web.servlet.mvc.method.annotation.RequestMappingHandlerAdapter.invokeHandlerMethod(RequestMappingHandlerAdapter.java:895) ~[spring-webmvc-5.3.27.jar:5.3.27]
	at org.springframework.web.servlet.mvc.method.annotation.RequestMappingHandlerAdapter.handleInternal(RequestMappingHandlerAdapter.java:808) ~[spring-webmvc-5.3.27.jar:5.3.27]
	at org.springframework.web.servlet.mvc.method.AbstractHandlerMethodAdapter.handle(AbstractHandlerMethodAdapter.java:87) ~[spring-webmvc-5.3.27.jar:5.3.27]
	at org.springframework.web.servlet.DispatcherServlet.doDispatch(DispatcherServlet.java:1072) ~[spring-webmvc-5.3.27.jar:5.3.27]
	at org.springframework.web.servlet.DispatcherServlet.doService(DispatcherServlet.java:965) ~[spring-webmvc-5.3.27.jar:5.3.27]
	at org.springframework.web.servlet.FrameworkServlet.processRequest(FrameworkServlet.java:1006) ~[spring-webmvc-5.3.27.jar:5.3.27]
	at org.springframework.web.servlet.FrameworkServlet.doGet(FrameworkServlet.java:898) ~[spring-webmvc-5.3.27.jar:5.3.27]
	at javax.servlet.http.HttpServlet.service(HttpServlet.java:529) ~[tomcat-embed-core-9.0.75.jar:4.0.FR]
	at org.springframework.web.servlet.FrameworkServlet.service(FrameworkServlet.java:883) ~[spring-webmvc-5.3.27.jar:5.3.27]
	at javax.servlet.http.HttpServlet.service(HttpServlet.java:623) ~[tomcat-embed-core-9.0.75.jar:4.0.FR]
	at org.apache.catalina.core.ApplicationFilterChain.internalDoFilter(ApplicationFilterChain.java:209) ~[tomcat-embed-core-9.0.75.jar:9.0.75]
	at org.apache.catalina.core.ApplicationFilterChain.doFilter(ApplicationFilterChain.java:153) ~[tomcat-embed-core-9.0.75.jar:9.0.75]
	at org.apache.tomcat.websocket.server.WsFilter.doFilter(WsFilter.java:51) ~[tomcat-embed-websocket-9.0.75.jar:9.0.75]
	at org.apache.catalina.core.ApplicationFilterChain.internalDoFilter(ApplicationFilterChain.java:178) ~[tomcat-embed-core-9.0.75.jar:9.0.75]
	at org.apache.catalina.core.ApplicationFilterChain.doFilter(ApplicationFilterChain.java:153) ~[tomcat-embed-core-9.0.75.jar:9.0.75]
	at org.springframework.web.filter.RequestContextFilter.doFilterInternal(RequestContextFilter.java:100) ~[spring-web-5.3.27.jar:5.3.27]
	at org.springframework.web.filter.OncePerRequestFilter.doFilter(OncePerRequestFilter.java:117) ~[spring-web-5.3.27.jar:5.3.27]
	at org.apache.catalina.core.ApplicationFilterChain.internalDoFilter(ApplicationFilterChain.java:178) ~[tomcat-embed-core-9.0.75.jar:9.0.75]
	at org.apache.catalina.core.ApplicationFilterChain.doFilter(ApplicationFilterChain.java:153) ~[tomcat-embed-core-9.0.75.jar:9.0.75]
	at org.springframework.web.filter.FormContentFilter.doFilterInternal(FormContentFilter.java:93) ~[spring-web-5.3.27.jar:5.3.27]
	at org.springframework.web.filter.OncePerRequestFilter.doFilter(OncePerRequestFilter.java:117) ~[spring-web-5.3.27.jar:5.3.27]
	at org.apache.catalina.core.ApplicationFilterChain.internalDoFilter(ApplicationFilterChain.java:178) ~[tomcat-embed-core-9.0.75.jar:9.0.75]
	at org.apache.catalina.core.ApplicationFilterChain.doFilter(ApplicationFilterChain.java:153) ~[tomcat-embed-core-9.0.75.jar:9.0.75]
	at org.springframework.web.filter.CharacterEncodingFilter.doFilterInternal(CharacterEncodingFilter.java:201) ~[spring-web-5.3.27.jar:5.3.27]
	at org.springframework.web.filter.OncePerRequestFilter.doFilter(OncePerRequestFilter.java:117) ~[spring-web-5.3.27.jar:5.3.27]
	at org.apache.catalina.core.ApplicationFilterChain.internalDoFilter(ApplicationFilterChain.java:178) ~[tomcat-embed-core-9.0.75.jar:9.0.75]
	at org.apache.catalina.core.ApplicationFilterChain.doFilter(ApplicationFilterChain.java:153) ~[tomcat-embed-core-9.0.75.jar:9.0.75]
	at org.apache.catalina.core.StandardWrapperValve.invoke(StandardWrapperValve.java:167) ~[tomcat-embed-core-9.0.75.jar:9.0.75]
	at org.apache.catalina.core.StandardContextValve.invoke(StandardContextValve.java:90) ~[tomcat-embed-core-9.0.75.jar:9.0.75]
	at org.apache.catalina.authenticator.AuthenticatorBase.invoke(AuthenticatorBase.java:481) ~[tomcat-embed-core-9.0.75.jar:9.0.75]
	at org.apache.catalina.core.StandardHostValve.invoke(StandardHostValve.java:130) ~[tomcat-embed-core-9.0.75.jar:9.0.75]
	at org.apache.catalina.valves.ErrorReportValve.invoke(ErrorReportValve.java:93) ~[tomcat-embed-core-9.0.75.jar:9.0.75]
	at org.apache.catalina.core.StandardEngineValve.invoke(StandardEngineValve.java:74) ~[tomcat-embed-core-9.0.75.jar:9.0.75]
	at org.apache.catalina.connector.CoyoteAdapter.service(CoyoteAdapter.java:343) ~[tomcat-embed-core-9.0.75.jar:9.0.75]
	at org.apache.coyote.http11.Http11Processor.service(Http11Processor.java:390) ~[tomcat-embed-core-9.0.75.jar:9.0.75]
	at org.apache.coyote.AbstractProcessorLight.process(AbstractProcessorLight.java:63) ~[tomcat-embed-core-9.0.75.jar:9.0.75]
	at org.apache.coyote.AbstractProtocol$ConnectionHandler.process(AbstractProtocol.java:926) ~[tomcat-embed-core-9.0.75.jar:9.0.75]
	at org.apache.tomcat.util.net.NioEndpoint$SocketProcessor.doRun(NioEndpoint.java:1791) ~[tomcat-embed-core-9.0.75.jar:9.0.75]
	at org.apache.tomcat.util.net.SocketProcessorBase.run(SocketProcessorBase.java:52) ~[tomcat-embed-core-9.0.75.jar:9.0.75]
	at org.apache.tomcat.util.threads.ThreadPoolExecutor.runWorker(ThreadPoolExecutor.java:1191) ~[tomcat-embed-core-9.0.75.jar:9.0.75]
	at org.apache.tomcat.util.threads.ThreadPoolExecutor$Worker.run(ThreadPoolExecutor.java:659) ~[tomcat-embed-core-9.0.75.jar:9.0.75]
	at org.apache.tomcat.util.threads.TaskThread$WrappingRunnable.run(TaskThread.java:61) ~[tomcat-embed-core-9.0.75.jar:9.0.75]
	at java.base/java.lang.Thread.run(Thread.java:829) ~[na:na]

11:56:15:041  INFO 33188 --- [nacos-grpc-client-executor-31] com.alibaba.nacos.common.remote.client   : [f4236259-4c23-492c-9baa-e740d74f250e] Receive server push request, request = NotifySubscriberRequest, requestId = 46
11:56:15:044  INFO 33188 --- [nacos-grpc-client-executor-31] com.alibaba.nacos.common.remote.client   : [f4236259-4c23-492c-9baa-e740d74f250e] Ack server push request, request = NotifySubscriberRequest, requestId = 46
11:56:18:090 DEBUG 33188 --- [http-nio-8082-exec-3] c.h.cart.mapper.CartMapper.selectCount   : ==>  Preparing: SELECT COUNT( * ) FROM cart WHERE (user_id = ? AND item_id = ?)
11:56:18:090 DEBUG 33188 --- [http-nio-8082-exec-3] c.h.cart.mapper.CartMapper.selectCount   : ==> Parameters: 2(Long), 2120808(Long)
11:56:18:096 DEBUG 33188 --- [http-nio-8082-exec-3] c.h.cart.mapper.CartMapper.selectCount   : <==      Total: 1
11:56:18:097 DEBUG 33188 --- [http-nio-8082-exec-3] c.h.cart.mapper.CartMapper.updateNum     : ==>  Preparing: UPDATE cart SET num = num + 1 WHERE user_id = ? AND item_id = ?
11:56:18:097 DEBUG 33188 --- [http-nio-8082-exec-3] c.h.cart.mapper.CartMapper.updateNum     : ==> Parameters: 2(Long), 2120808(Long)
11:56:18:171 DEBUG 33188 --- [http-nio-8082-exec-3] c.h.cart.mapper.CartMapper.updateNum     : <==    Updates: 1
11:56:18:283 DEBUG 33188 --- [http-nio-8082-exec-4] c.h.cart.mapper.CartMapper.selectList    : ==>  Preparing: SELECT id,user_id,item_id,num,name,spec,price,image,create_time,update_time FROM cart WHERE (user_id = ?)
11:56:18:284 DEBUG 33188 --- [http-nio-8082-exec-4] c.h.cart.mapper.CartMapper.selectList    : ==> Parameters: 2(Long)
11:56:18:288 DEBUG 33188 --- [http-nio-8082-exec-4] c.h.cart.mapper.CartMapper.selectList    : <==      Total: 2
11:56:18:290 DEBUG 33188 --- [http-nio-8082-exec-4] com.hmall.api.client.ItemClient          : [ItemClient#queryItemByIds] ---> GET http://item-service/items?ids=2120808&ids=5001207 HTTP/1.1
11:56:18:290 DEBUG 33188 --- [http-nio-8082-exec-4] com.hmall.api.client.ItemClient          : [ItemClient#queryItemByIds] user-info: 2
11:56:18:291 DEBUG 33188 --- [http-nio-8082-exec-4] com.hmall.api.client.ItemClient          : [ItemClient#queryItemByIds] ---> END HTTP (0-byte body)
11:56:18:398 DEBUG 33188 --- [http-nio-8082-exec-4] com.hmall.api.client.ItemClient          : [ItemClient#queryItemByIds] <--- HTTP/1.1 200  (107ms)
11:56:18:398 DEBUG 33188 --- [http-nio-8082-exec-4] com.hmall.api.client.ItemClient          : [ItemClient#queryItemByIds] connection: keep-alive
11:56:18:398 DEBUG 33188 --- [http-nio-8082-exec-4] com.hmall.api.client.ItemClient          : [ItemClient#queryItemByIds] content-type: application/json
11:56:18:398 DEBUG 33188 --- [http-nio-8082-exec-4] com.hmall.api.client.ItemClient          : [ItemClient#queryItemByIds] date: Fri, 28 Jun 2024 03:56:18 GMT
11:56:18:398 DEBUG 33188 --- [http-nio-8082-exec-4] com.hmall.api.client.ItemClient          : [ItemClient#queryItemByIds] keep-alive: timeout=60
11:56:18:398 DEBUG 33188 --- [http-nio-8082-exec-4] com.hmall.api.client.ItemClient          : [ItemClient#queryItemByIds] transfer-encoding: chunked
11:56:18:398 DEBUG 33188 --- [http-nio-8082-exec-4] com.hmall.api.client.ItemClient          : [ItemClient#queryItemByIds] 
11:56:18:399 DEBUG 33188 --- [http-nio-8082-exec-4] com.hmall.api.client.ItemClient          : [ItemClient#queryItemByIds] [{"id":"2120808","name":"姬龙雪 guy laroche女包 GL经典手提包女牛皮大容量单肩包女欧美时尚包包女包GS1210001-06杏色","price":71800,"stock":0,"image":"https://m.360buyimg.com/mobilecms/s720x720_jfs/t30694/267/398774087/90954/6fc143cf/5bf25358N14dadbf7.jpg!q70.jpg.webp","category":"真皮包","brand":"姬龙雪","spec":"{}","sold":0,"commentCount":0,"isAD":false,"status":1},{"id":"5001207","name":"小米Note3 美颜双摄拍照手机 6GB+128GB 黑色 移动4G+全网通4G手机 双卡双待","price":221900,"stock":10000,"image":"https://m.360buyimg.com/mobilecms/s720x720_jfs/t11944/171/322678362/177635/eb2192c2/59ed5428N909f5413.jpg!q70.jpg.webp","category":"手机","brand":"小米","spec":"{\"颜色\": \"黑色\"}","sold":0,"commentCount":0,"isAD":false,"status":1}]
11:56:18:400 DEBUG 33188 --- [http-nio-8082-exec-4] com.hmall.api.client.ItemClient          : [ItemClient#queryItemByIds] <--- END HTTP (801-byte body)
11:56:22:439 DEBUG 33188 --- [http-nio-8082-exec-5] c.h.cart.mapper.CartMapper.updateById    : ==>  Preparing: UPDATE cart SET num=? WHERE id=?
11:56:22:439 DEBUG 33188 --- [http-nio-8082-exec-5] c.h.cart.mapper.CartMapper.updateById    : ==> Parameters: 2(Integer), 19(Long)
11:56:22:447 DEBUG 33188 --- [http-nio-8082-exec-5] c.h.cart.mapper.CartMapper.updateById    : <==    Updates: 1
11:56:22:464 DEBUG 33188 --- [http-nio-8082-exec-6] c.h.cart.mapper.CartMapper.selectList    : ==>  Preparing: SELECT id,user_id,item_id,num,name,spec,price,image,create_time,update_time FROM cart WHERE (user_id = ?)
11:56:22:465 DEBUG 33188 --- [http-nio-8082-exec-6] c.h.cart.mapper.CartMapper.selectList    : ==> Parameters: 2(Long)
11:56:22:468 DEBUG 33188 --- [http-nio-8082-exec-6] c.h.cart.mapper.CartMapper.selectList    : <==      Total: 2
11:56:22:468 DEBUG 33188 --- [http-nio-8082-exec-6] com.hmall.api.client.ItemClient          : [ItemClient#queryItemByIds] ---> GET http://item-service/items?ids=2120808&ids=5001207 HTTP/1.1
11:56:22:468 DEBUG 33188 --- [http-nio-8082-exec-6] com.hmall.api.client.ItemClient          : [ItemClient#queryItemByIds] user-info: 2
11:56:22:470 DEBUG 33188 --- [http-nio-8082-exec-6] com.hmall.api.client.ItemClient          : [ItemClient#queryItemByIds] ---> END HTTP (0-byte body)
11:56:22:481 DEBUG 33188 --- [http-nio-8082-exec-6] com.hmall.api.client.ItemClient          : [ItemClient#queryItemByIds] <--- HTTP/1.1 200  (11ms)
11:56:22:481 DEBUG 33188 --- [http-nio-8082-exec-6] com.hmall.api.client.ItemClient          : [ItemClient#queryItemByIds] connection: keep-alive
11:56:22:482 DEBUG 33188 --- [http-nio-8082-exec-6] com.hmall.api.client.ItemClient          : [ItemClient#queryItemByIds] content-type: application/json
11:56:22:482 DEBUG 33188 --- [http-nio-8082-exec-6] com.hmall.api.client.ItemClient          : [ItemClient#queryItemByIds] date: Fri, 28 Jun 2024 03:56:22 GMT
11:56:22:482 DEBUG 33188 --- [http-nio-8082-exec-6] com.hmall.api.client.ItemClient          : [ItemClient#queryItemByIds] keep-alive: timeout=60
11:56:22:482 DEBUG 33188 --- [http-nio-8082-exec-6] com.hmall.api.client.ItemClient          : [ItemClient#queryItemByIds] transfer-encoding: chunked
11:56:22:482 DEBUG 33188 --- [http-nio-8082-exec-6] com.hmall.api.client.ItemClient          : [ItemClient#queryItemByIds] 
11:56:22:483 DEBUG 33188 --- [http-nio-8082-exec-6] com.hmall.api.client.ItemClient          : [ItemClient#queryItemByIds] [{"id":"2120808","name":"姬龙雪 guy laroche女包 GL经典手提包女牛皮大容量单肩包女欧美时尚包包女包GS1210001-06杏色","price":71800,"stock":0,"image":"https://m.360buyimg.com/mobilecms/s720x720_jfs/t30694/267/398774087/90954/6fc143cf/5bf25358N14dadbf7.jpg!q70.jpg.webp","category":"真皮包","brand":"姬龙雪","spec":"{}","sold":0,"commentCount":0,"isAD":false,"status":1},{"id":"5001207","name":"小米Note3 美颜双摄拍照手机 6GB+128GB 黑色 移动4G+全网通4G手机 双卡双待","price":221900,"stock":10000,"image":"https://m.360buyimg.com/mobilecms/s720x720_jfs/t11944/171/322678362/177635/eb2192c2/59ed5428N909f5413.jpg!q70.jpg.webp","category":"手机","brand":"小米","spec":"{\"颜色\": \"黑色\"}","sold":0,"commentCount":0,"isAD":false,"status":1}]
11:56:22:483 DEBUG 33188 --- [http-nio-8082-exec-6] com.hmall.api.client.ItemClient          : [ItemClient#queryItemByIds] <--- END HTTP (801-byte body)
11:56:22:723 DEBUG 33188 --- [http-nio-8082-exec-7] c.h.cart.mapper.CartMapper.updateById    : ==>  Preparing: UPDATE cart SET num=? WHERE id=?
11:56:22:724 DEBUG 33188 --- [http-nio-8082-exec-7] c.h.cart.mapper.CartMapper.updateById    : ==> Parameters: 3(Integer), 19(Long)
11:56:22:729 DEBUG 33188 --- [http-nio-8082-exec-7] c.h.cart.mapper.CartMapper.updateById    : <==    Updates: 1
11:56:22:747 DEBUG 33188 --- [http-nio-8082-exec-8] c.h.cart.mapper.CartMapper.selectList    : ==>  Preparing: SELECT id,user_id,item_id,num,name,spec,price,image,create_time,update_time FROM cart WHERE (user_id = ?)
11:56:22:747 DEBUG 33188 --- [http-nio-8082-exec-8] c.h.cart.mapper.CartMapper.selectList    : ==> Parameters: 2(Long)
11:56:22:751 DEBUG 33188 --- [http-nio-8082-exec-8] c.h.cart.mapper.CartMapper.selectList    : <==      Total: 2
11:56:22:751 DEBUG 33188 --- [http-nio-8082-exec-8] com.hmall.api.client.ItemClient          : [ItemClient#queryItemByIds] ---> GET http://item-service/items?ids=2120808&ids=5001207 HTTP/1.1
11:56:22:751 DEBUG 33188 --- [http-nio-8082-exec-8] com.hmall.api.client.ItemClient          : [ItemClient#queryItemByIds] user-info: 2
11:56:22:751 DEBUG 33188 --- [http-nio-8082-exec-8] com.hmall.api.client.ItemClient          : [ItemClient#queryItemByIds] ---> END HTTP (0-byte body)
11:56:22:759 DEBUG 33188 --- [http-nio-8082-exec-8] com.hmall.api.client.ItemClient          : [ItemClient#queryItemByIds] <--- HTTP/1.1 200  (7ms)
11:56:22:760 DEBUG 33188 --- [http-nio-8082-exec-8] com.hmall.api.client.ItemClient          : [ItemClient#queryItemByIds] connection: keep-alive
11:56:22:760 DEBUG 33188 --- [http-nio-8082-exec-8] com.hmall.api.client.ItemClient          : [ItemClient#queryItemByIds] content-type: application/json
11:56:22:760 DEBUG 33188 --- [http-nio-8082-exec-8] com.hmall.api.client.ItemClient          : [ItemClient#queryItemByIds] date: Fri, 28 Jun 2024 03:56:22 GMT
11:56:22:760 DEBUG 33188 --- [http-nio-8082-exec-8] com.hmall.api.client.ItemClient          : [ItemClient#queryItemByIds] keep-alive: timeout=60
11:56:22:760 DEBUG 33188 --- [http-nio-8082-exec-8] com.hmall.api.client.ItemClient          : [ItemClient#queryItemByIds] transfer-encoding: chunked
11:56:22:760 DEBUG 33188 --- [http-nio-8082-exec-8] com.hmall.api.client.ItemClient          : [ItemClient#queryItemByIds] 
11:56:22:760 DEBUG 33188 --- [http-nio-8082-exec-8] com.hmall.api.client.ItemClient          : [ItemClient#queryItemByIds] [{"id":"2120808","name":"姬龙雪 guy laroche女包 GL经典手提包女牛皮大容量单肩包女欧美时尚包包女包GS1210001-06杏色","price":71800,"stock":0,"image":"https://m.360buyimg.com/mobilecms/s720x720_jfs/t30694/267/398774087/90954/6fc143cf/5bf25358N14dadbf7.jpg!q70.jpg.webp","category":"真皮包","brand":"姬龙雪","spec":"{}","sold":0,"commentCount":0,"isAD":false,"status":1},{"id":"5001207","name":"小米Note3 美颜双摄拍照手机 6GB+128GB 黑色 移动4G+全网通4G手机 双卡双待","price":221900,"stock":10000,"image":"https://m.360buyimg.com/mobilecms/s720x720_jfs/t11944/171/322678362/177635/eb2192c2/59ed5428N909f5413.jpg!q70.jpg.webp","category":"手机","brand":"小米","spec":"{\"颜色\": \"黑色\"}","sold":0,"commentCount":0,"isAD":false,"status":1}]
11:56:22:760 DEBUG 33188 --- [http-nio-8082-exec-8] com.hmall.api.client.ItemClient          : [ItemClient#queryItemByIds] <--- END HTTP (801-byte body)
11:58:35:175  WARN 33188 --- [Thread-5] c.a.nacos.common.notify.NotifyCenter     : [NotifyCenter] Start destroying Publisher
11:58:35:175  WARN 33188 --- [Thread-1] c.a.n.common.http.HttpClientBeanHolder   : [HttpClientBeanHolder] Start destroying common HttpClient
11:58:35:175  WARN 33188 --- [Thread-5] c.a.nacos.common.notify.NotifyCenter     : [NotifyCenter] Destruction of the end
11:58:35:176  WARN 33188 --- [Thread-1] c.a.n.common.http.HttpClientBeanHolder   : [HttpClientBeanHolder] Destruction of the end
11:58:36:162  INFO 33188 --- [SpringApplicationShutdownHook] c.a.c.n.registry.NacosServiceRegistry    : De-registering from Nacos Server now...
11:58:36:173  INFO 33188 --- [SpringApplicationShutdownHook] c.a.c.n.registry.NacosServiceRegistry    : De-registration finished.
11:58:36:510  INFO 33188 --- [SpringApplicationShutdownHook] com.alibaba.nacos.common.remote.client   : Shutdown rpc client, set status to shutdown
11:58:36:510  INFO 33188 --- [SpringApplicationShutdownHook] com.alibaba.nacos.common.remote.client   : Shutdown client event executor java.util.concurrent.ScheduledThreadPoolExecutor@32b78d8c[Running, pool size = 2, active threads = 2, queued tasks = 0, completed tasks = 0]
11:58:36:510  INFO 33188 --- [SpringApplicationShutdownHook] com.alibaba.nacos.common.remote.client   : Close current connection 1719546871938_192.168.88.1_52655
11:58:36:514  INFO 33188 --- [nacos-grpc-client-executor-62] c.a.n.c.remote.client.grpc.GrpcClient    : [1719546871938_192.168.88.1_52655]Ignore complete event,isRunning:false,isAbandon=false
11:58:36:519  INFO 33188 --- [SpringApplicationShutdownHook] c.a.n.c.remote.client.grpc.GrpcClient    : Shutdown grpc executor java.util.concurrent.ThreadPoolExecutor@36553773[Running, pool size = 6, active threads = 0, queued tasks = 0, completed tasks = 63]
11:58:36:523  INFO 33188 --- [SpringApplicationShutdownHook] com.zaxxer.hikari.HikariDataSource       : HikariPool-1 - Shutdown initiated...
11:58:36:566  INFO 33188 --- [SpringApplicationShutdownHook] com.zaxxer.hikari.HikariDataSource       : HikariPool-1 - Shutdown completed.
11:58:51:921  INFO 36988 --- [main] com.hmall.cart.CartApplication           : The following 1 profile is active: "local"
11:58:52:761  INFO 36988 --- [main] .s.d.r.c.RepositoryConfigurationDelegate : Multiple Spring Data modules found, entering strict repository configuration mode
11:58:52:763  INFO 36988 --- [main] .s.d.r.c.RepositoryConfigurationDelegate : Bootstrapping Spring Data Redis repositories in DEFAULT mode.
11:58:52:787  INFO 36988 --- [main] .s.d.r.c.RepositoryConfigurationDelegate : Finished Spring Data repository scanning in 7 ms. Found 0 Redis repository interfaces.
11:58:52:995  INFO 36988 --- [main] o.s.cloud.context.scope.GenericScope     : BeanFactory id=3bffc473-479a-38d7-84a7-9dd342652ba8
11:58:53:517  INFO 36988 --- [main] o.s.b.w.embedded.tomcat.TomcatWebServer  : Tomcat initialized with port(s): 8082 (http)
11:58:53:526  INFO 36988 --- [main] o.apache.catalina.core.StandardService   : Starting service [Tomcat]
11:58:53:526  INFO 36988 --- [main] org.apache.catalina.core.StandardEngine  : Starting Servlet engine: [Apache Tomcat/9.0.75]
11:58:53:664  INFO 36988 --- [main] o.a.c.c.C.[Tomcat].[localhost].[/]       : Initializing Spring embedded WebApplicationContext
11:58:53:664  INFO 36988 --- [main] w.s.c.ServletWebServerApplicationContext : Root WebApplicationContext: initialization completed in 1729 ms
11:58:53:927  INFO 36988 --- [main] o.s.c.openfeign.FeignClientFactoryBean   : For 'item-service' URL not provided. Will try picking an instance via load-balancing.
11:58:58:136  INFO 36988 --- [main] c.a.c.sentinel.SentinelWebMvcConfigurer  : [Sentinel Starter] register SentinelWebInterceptor with urlPatterns: [/**].
11:59:00:122  INFO 36988 --- [main] pertySourcedRequestMappingHandlerMapping : Mapped URL path [/v2/api-docs] onto method [springfox.documentation.swagger2.web.Swagger2ControllerWebMvc#getDocumentation(String, HttpServletRequest)]
11:59:02:260  INFO 36988 --- [main] com.alibaba.nacos.common.remote.client   : [RpcClientFactory] create a new rpc client of a24235de-d65b-47c0-8fba-593e63823328
11:59:02:261  INFO 36988 --- [main] com.alibaba.nacos.common.remote.client   : [a24235de-d65b-47c0-8fba-593e63823328] RpcClient init label, labels = {module=naming, source=sdk}
11:59:02:263  INFO 36988 --- [main] com.alibaba.nacos.common.remote.client   : [a24235de-d65b-47c0-8fba-593e63823328] RpcClient init, ServerListFactory = com.alibaba.nacos.client.naming.core.ServerListManager
11:59:02:263  INFO 36988 --- [main] com.alibaba.nacos.common.remote.client   : [a24235de-d65b-47c0-8fba-593e63823328] Registry connection listener to current client:com.alibaba.nacos.client.naming.remote.gprc.redo.NamingGrpcRedoService
11:59:02:263  INFO 36988 --- [main] com.alibaba.nacos.common.remote.client   : [a24235de-d65b-47c0-8fba-593e63823328] Register server push request handler:com.alibaba.nacos.client.naming.remote.gprc.NamingPushRequestHandler
11:59:02:264  INFO 36988 --- [main] com.alibaba.nacos.common.remote.client   : [a24235de-d65b-47c0-8fba-593e63823328] Try to connect to server on start up, server: {serverIp = '192.168.88.135', server main port = 8848}
11:59:02:400  INFO 36988 --- [main] com.alibaba.nacos.common.remote.client   : [a24235de-d65b-47c0-8fba-593e63823328] Success to connect to server [192.168.88.135:8848] on start up, connectionId = 1719547141980_192.168.88.1_59820
11:59:02:401  INFO 36988 --- [main] com.alibaba.nacos.common.remote.client   : [a24235de-d65b-47c0-8fba-593e63823328] Register server push request handler:com.alibaba.nacos.common.remote.client.RpcClient$ConnectResetRequestHandler
11:59:02:401  INFO 36988 --- [com.alibaba.nacos.client.remote.worker] com.alibaba.nacos.common.remote.client   : [a24235de-d65b-47c0-8fba-593e63823328] Notify connected event to listeners.
11:59:02:401  INFO 36988 --- [main] com.alibaba.nacos.common.remote.client   : [a24235de-d65b-47c0-8fba-593e63823328] Register server push request handler:com.alibaba.nacos.common.remote.client.RpcClient$$Lambda$471/0x000000080041a840
11:59:02:443  INFO 36988 --- [main] o.s.b.w.embedded.tomcat.TomcatWebServer  : Tomcat started on port(s): 8082 (http) with context path ''
11:59:02:455  INFO 36988 --- [main] c.a.c.n.registry.NacosServiceRegistry    : nacos registry, DEFAULT_GROUP cart-service 192.168.123.61:8082 register finished
11:59:03:029  INFO 36988 --- [nacos-grpc-client-executor-7] com.alibaba.nacos.common.remote.client   : [a24235de-d65b-47c0-8fba-593e63823328] Receive server push request, request = NotifySubscriberRequest, requestId = 53
11:59:03:033  INFO 36988 --- [nacos-grpc-client-executor-7] com.alibaba.nacos.common.remote.client   : [a24235de-d65b-47c0-8fba-593e63823328] Ack server push request, request = NotifySubscriberRequest, requestId = 53
11:59:04:052  INFO 36988 --- [main] d.s.w.p.DocumentationPluginsBootstrapper : Documentation plugins bootstrapped
11:59:04:055  INFO 36988 --- [main] d.s.w.p.DocumentationPluginsBootstrapper : Found 1 custom documentation plugin(s)
11:59:04:074  INFO 36988 --- [main] s.d.s.w.s.ApiListingReferenceScanner     : Scanning for api listing references
11:59:04:157  INFO 36988 --- [main] com.hmall.cart.CartApplication           : Started CartApplication in 21.138 seconds (JVM running for 22.905)
11:59:04:162  INFO 36988 --- [main] c.a.c.n.refresh.NacosContextRefresher    : [Nacos Config] Listening config: dataId=cart-service, group=DEFAULT_GROUP
11:59:04:164  INFO 36988 --- [main] c.a.c.n.refresh.NacosContextRefresher    : [Nacos Config] Listening config: dataId=cart-service.yaml, group=DEFAULT_GROUP
11:59:04:164  INFO 36988 --- [main] c.a.c.n.refresh.NacosContextRefresher    : [Nacos Config] Listening config: dataId=cart-service-local.yaml, group=DEFAULT_GROUP
11:59:44:965  INFO 36988 --- [http-nio-8082-exec-1] o.apache.tomcat.util.http.parser.Cookie  : A cookie header was received [Hm_lvt_9007fab6814e892d3020a64454da5a55=1706944313,1707027411;] that contained an invalid cookie. That cookie will be ignored.
 Note: further occurrences of this error will be logged at DEBUG level.
11:59:44:974  INFO 36988 --- [http-nio-8082-exec-1] o.a.c.c.C.[Tomcat].[localhost].[/]       : Initializing Spring DispatcherServlet 'dispatcherServlet'
11:59:44:974  INFO 36988 --- [http-nio-8082-exec-1] o.s.web.servlet.DispatcherServlet        : Initializing Servlet 'dispatcherServlet'
11:59:44:975  INFO 36988 --- [http-nio-8082-exec-1] o.s.web.servlet.DispatcherServlet        : Completed initialization in 0 ms
11:59:45:202  INFO 36988 --- [http-nio-8082-exec-1] com.zaxxer.hikari.HikariDataSource       : HikariPool-1 - Starting...
11:59:45:803  INFO 36988 --- [http-nio-8082-exec-1] com.zaxxer.hikari.HikariDataSource       : HikariPool-1 - Start completed.
11:59:45:811 DEBUG 36988 --- [http-nio-8082-exec-1] c.h.cart.mapper.CartMapper.updateById    : ==>  Preparing: UPDATE cart SET num=? WHERE id=?
11:59:45:836 DEBUG 36988 --- [http-nio-8082-exec-1] c.h.cart.mapper.CartMapper.updateById    : ==> Parameters: 4(Integer), 19(Long)
11:59:45:867 DEBUG 36988 --- [http-nio-8082-exec-1] c.h.cart.mapper.CartMapper.updateById    : <==    Updates: 1
11:59:45:892 DEBUG 36988 --- [http-nio-8082-exec-2] c.h.cart.mapper.CartMapper.updateById    : ==>  Preparing: UPDATE cart SET num=? WHERE id=?
11:59:45:892 DEBUG 36988 --- [http-nio-8082-exec-2] c.h.cart.mapper.CartMapper.updateById    : ==> Parameters: 2(Integer), 19(Long)
11:59:45:907 DEBUG 36988 --- [http-nio-8082-exec-2] c.h.cart.mapper.CartMapper.updateById    : <==    Updates: 1
11:59:45:922 DEBUG 36988 --- [http-nio-8082-exec-5] c.h.cart.mapper.CartMapper.updateById    : ==>  Preparing: UPDATE cart SET num=? WHERE id=?
11:59:45:922 DEBUG 36988 --- [http-nio-8082-exec-5] c.h.cart.mapper.CartMapper.updateById    : ==> Parameters: 2(Integer), 19(Long)
11:59:45:932 DEBUG 36988 --- [http-nio-8082-exec-5] c.h.cart.mapper.CartMapper.updateById    : <==    Updates: 1
11:59:45:932 DEBUG 36988 --- [http-nio-8082-exec-3] c.h.cart.mapper.CartMapper.selectList    : ==>  Preparing: SELECT id,user_id,item_id,num,name,spec,price,image,create_time,update_time FROM cart WHERE (user_id = ?)
11:59:45:933 DEBUG 36988 --- [http-nio-8082-exec-3] c.h.cart.mapper.CartMapper.selectList    : ==> Parameters: 2(Long)
11:59:45:979 DEBUG 36988 --- [http-nio-8082-exec-3] c.h.cart.mapper.CartMapper.selectList    : <==      Total: 2
11:59:45:982 DEBUG 36988 --- [http-nio-8082-exec-4] c.h.cart.mapper.CartMapper.updateById    : ==>  Preparing: UPDATE cart SET num=? WHERE id=?
11:59:45:982 DEBUG 36988 --- [http-nio-8082-exec-4] c.h.cart.mapper.CartMapper.updateById    : ==> Parameters: 2(Integer), 19(Long)
11:59:45:988 DEBUG 36988 --- [http-nio-8082-exec-4] c.h.cart.mapper.CartMapper.updateById    : <==    Updates: 1
11:59:46:008 DEBUG 36988 --- [http-nio-8082-exec-9] c.h.cart.mapper.CartMapper.updateById    : ==>  Preparing: UPDATE cart SET num=? WHERE id=?
11:59:46:008 DEBUG 36988 --- [http-nio-8082-exec-9] c.h.cart.mapper.CartMapper.updateById    : ==> Parameters: 2(Integer), 19(Long)
11:59:46:018 DEBUG 36988 --- [http-nio-8082-exec-9] c.h.cart.mapper.CartMapper.updateById    : <==    Updates: 1
11:59:46:032 DEBUG 36988 --- [http-nio-8082-exec-7] c.h.cart.mapper.CartMapper.updateById    : ==>  Preparing: UPDATE cart SET num=? WHERE id=?
11:59:46:033 DEBUG 36988 --- [http-nio-8082-exec-7] c.h.cart.mapper.CartMapper.updateById    : ==> Parameters: 2(Integer), 19(Long)
11:59:46:039 DEBUG 36988 --- [http-nio-8082-exec-3] com.hmall.api.client.ItemClient          : [ItemClient#queryItemByIds] ---> GET http://item-service/items?ids=2120808&ids=5001207 HTTP/1.1
11:59:46:039 DEBUG 36988 --- [http-nio-8082-exec-3] com.hmall.api.client.ItemClient          : [ItemClient#queryItemByIds] user-info: 2
11:59:46:039 DEBUG 36988 --- [http-nio-8082-exec-3] com.hmall.api.client.ItemClient          : [ItemClient#queryItemByIds] ---> END HTTP (0-byte body)
11:59:46:047 DEBUG 36988 --- [http-nio-8082-exec-7] c.h.cart.mapper.CartMapper.updateById    : <==    Updates: 1
11:59:46:060 DEBUG 36988 --- [http-nio-8082-exec-8] c.h.cart.mapper.CartMapper.updateById    : ==>  Preparing: UPDATE cart SET num=? WHERE id=?
11:59:46:060 DEBUG 36988 --- [http-nio-8082-exec-8] c.h.cart.mapper.CartMapper.updateById    : ==> Parameters: 2(Integer), 19(Long)
11:59:46:070 DEBUG 36988 --- [http-nio-8082-exec-8] c.h.cart.mapper.CartMapper.updateById    : <==    Updates: 1
11:59:46:235 DEBUG 36988 --- [http-nio-8082-exec-3] com.hmall.api.client.ItemClient          : [ItemClient#queryItemByIds] <--- HTTP/1.1 200  (195ms)
11:59:46:235 DEBUG 36988 --- [http-nio-8082-exec-3] com.hmall.api.client.ItemClient          : [ItemClient#queryItemByIds] connection: keep-alive
11:59:46:235 DEBUG 36988 --- [http-nio-8082-exec-3] com.hmall.api.client.ItemClient          : [ItemClient#queryItemByIds] content-type: application/json
11:59:46:235 DEBUG 36988 --- [http-nio-8082-exec-3] com.hmall.api.client.ItemClient          : [ItemClient#queryItemByIds] date: Fri, 28 Jun 2024 03:59:46 GMT
11:59:46:235 DEBUG 36988 --- [http-nio-8082-exec-3] com.hmall.api.client.ItemClient          : [ItemClient#queryItemByIds] keep-alive: timeout=60
11:59:46:235 DEBUG 36988 --- [http-nio-8082-exec-3] com.hmall.api.client.ItemClient          : [ItemClient#queryItemByIds] transfer-encoding: chunked
11:59:46:235 DEBUG 36988 --- [http-nio-8082-exec-3] com.hmall.api.client.ItemClient          : [ItemClient#queryItemByIds] 
11:59:46:236 DEBUG 36988 --- [http-nio-8082-exec-3] com.hmall.api.client.ItemClient          : [ItemClient#queryItemByIds] [{"id":"2120808","name":"姬龙雪 guy laroche女包 GL经典手提包女牛皮大容量单肩包女欧美时尚包包女包GS1210001-06杏色","price":71800,"stock":0,"image":"https://m.360buyimg.com/mobilecms/s720x720_jfs/t30694/267/398774087/90954/6fc143cf/5bf25358N14dadbf7.jpg!q70.jpg.webp","category":"真皮包","brand":"姬龙雪","spec":"{}","sold":0,"commentCount":0,"isAD":false,"status":1},{"id":"5001207","name":"小米Note3 美颜双摄拍照手机 6GB+128GB 黑色 移动4G+全网通4G手机 双卡双待","price":221900,"stock":10000,"image":"https://m.360buyimg.com/mobilecms/s720x720_jfs/t11944/171/322678362/177635/eb2192c2/59ed5428N909f5413.jpg!q70.jpg.webp","category":"手机","brand":"小米","spec":"{\"颜色\": \"黑色\"}","sold":0,"commentCount":0,"isAD":false,"status":1}]
11:59:46:236 DEBUG 36988 --- [http-nio-8082-exec-3] com.hmall.api.client.ItemClient          : [ItemClient#queryItemByIds] <--- END HTTP (801-byte body)
11:59:46:265 DEBUG 36988 --- [http-nio-8082-exec-6] c.h.cart.mapper.CartMapper.selectList    : ==>  Preparing: SELECT id,user_id,item_id,num,name,spec,price,image,create_time,update_time FROM cart WHERE (user_id = ?)
11:59:46:265 DEBUG 36988 --- [http-nio-8082-exec-6] c.h.cart.mapper.CartMapper.selectList    : ==> Parameters: 2(Long)
11:59:46:267 DEBUG 36988 --- [http-nio-8082-exec-6] c.h.cart.mapper.CartMapper.selectList    : <==      Total: 2
11:59:46:269 DEBUG 36988 --- [http-nio-8082-exec-6] com.hmall.api.client.ItemClient          : [ItemClient#queryItemByIds] ---> GET http://item-service/items?ids=2120808&ids=5001207 HTTP/1.1
11:59:46:269 DEBUG 36988 --- [http-nio-8082-exec-6] com.hmall.api.client.ItemClient          : [ItemClient#queryItemByIds] user-info: 2
11:59:46:269 DEBUG 36988 --- [http-nio-8082-exec-6] com.hmall.api.client.ItemClient          : [ItemClient#queryItemByIds] ---> END HTTP (0-byte body)
11:59:46:280 DEBUG 36988 --- [http-nio-8082-exec-6] com.hmall.api.client.ItemClient          : [ItemClient#queryItemByIds] <--- HTTP/1.1 200  (10ms)
11:59:46:280 DEBUG 36988 --- [http-nio-8082-exec-6] com.hmall.api.client.ItemClient          : [ItemClient#queryItemByIds] connection: keep-alive
11:59:46:280 DEBUG 36988 --- [http-nio-8082-exec-6] com.hmall.api.client.ItemClient          : [ItemClient#queryItemByIds] content-type: application/json
11:59:46:280 DEBUG 36988 --- [http-nio-8082-exec-6] com.hmall.api.client.ItemClient          : [ItemClient#queryItemByIds] date: Fri, 28 Jun 2024 03:59:46 GMT
11:59:46:280 DEBUG 36988 --- [http-nio-8082-exec-6] com.hmall.api.client.ItemClient          : [ItemClient#queryItemByIds] keep-alive: timeout=60
11:59:46:280 DEBUG 36988 --- [http-nio-8082-exec-6] com.hmall.api.client.ItemClient          : [ItemClient#queryItemByIds] transfer-encoding: chunked
11:59:46:280 DEBUG 36988 --- [http-nio-8082-exec-6] com.hmall.api.client.ItemClient          : [ItemClient#queryItemByIds] 
11:59:46:280 DEBUG 36988 --- [http-nio-8082-exec-6] com.hmall.api.client.ItemClient          : [ItemClient#queryItemByIds] [{"id":"2120808","name":"姬龙雪 guy laroche女包 GL经典手提包女牛皮大容量单肩包女欧美时尚包包女包GS1210001-06杏色","price":71800,"stock":0,"image":"https://m.360buyimg.com/mobilecms/s720x720_jfs/t30694/267/398774087/90954/6fc143cf/5bf25358N14dadbf7.jpg!q70.jpg.webp","category":"真皮包","brand":"姬龙雪","spec":"{}","sold":0,"commentCount":0,"isAD":false,"status":1},{"id":"5001207","name":"小米Note3 美颜双摄拍照手机 6GB+128GB 黑色 移动4G+全网通4G手机 双卡双待","price":221900,"stock":10000,"image":"https://m.360buyimg.com/mobilecms/s720x720_jfs/t11944/171/322678362/177635/eb2192c2/59ed5428N909f5413.jpg!q70.jpg.webp","category":"手机","brand":"小米","spec":"{\"颜色\": \"黑色\"}","sold":0,"commentCount":0,"isAD":false,"status":1}]
11:59:46:280 DEBUG 36988 --- [http-nio-8082-exec-6] com.hmall.api.client.ItemClient          : [ItemClient#queryItemByIds] <--- END HTTP (801-byte body)
11:59:46:297 DEBUG 36988 --- [http-nio-8082-exec-10] c.h.cart.mapper.CartMapper.selectList    : ==>  Preparing: SELECT id,user_id,item_id,num,name,spec,price,image,create_time,update_time FROM cart WHERE (user_id = ?)
11:59:46:298 DEBUG 36988 --- [http-nio-8082-exec-10] c.h.cart.mapper.CartMapper.selectList    : ==> Parameters: 2(Long)
11:59:46:305 DEBUG 36988 --- [http-nio-8082-exec-10] c.h.cart.mapper.CartMapper.selectList    : <==      Total: 2
11:59:46:306 DEBUG 36988 --- [http-nio-8082-exec-10] com.hmall.api.client.ItemClient          : [ItemClient#queryItemByIds] ---> GET http://item-service/items?ids=2120808&ids=5001207 HTTP/1.1
11:59:46:306 DEBUG 36988 --- [http-nio-8082-exec-10] com.hmall.api.client.ItemClient          : [ItemClient#queryItemByIds] user-info: 2
11:59:46:306 DEBUG 36988 --- [http-nio-8082-exec-10] com.hmall.api.client.ItemClient          : [ItemClient#queryItemByIds] ---> END HTTP (0-byte body)
11:59:46:318 DEBUG 36988 --- [http-nio-8082-exec-10] com.hmall.api.client.ItemClient          : [ItemClient#queryItemByIds] <--- HTTP/1.1 200  (11ms)
11:59:46:318 DEBUG 36988 --- [http-nio-8082-exec-10] com.hmall.api.client.ItemClient          : [ItemClient#queryItemByIds] connection: keep-alive
11:59:46:318 DEBUG 36988 --- [http-nio-8082-exec-10] com.hmall.api.client.ItemClient          : [ItemClient#queryItemByIds] content-type: application/json
11:59:46:318 DEBUG 36988 --- [http-nio-8082-exec-10] com.hmall.api.client.ItemClient          : [ItemClient#queryItemByIds] date: Fri, 28 Jun 2024 03:59:46 GMT
11:59:46:318 DEBUG 36988 --- [http-nio-8082-exec-10] com.hmall.api.client.ItemClient          : [ItemClient#queryItemByIds] keep-alive: timeout=60
11:59:46:318 DEBUG 36988 --- [http-nio-8082-exec-10] com.hmall.api.client.ItemClient          : [ItemClient#queryItemByIds] transfer-encoding: chunked
11:59:46:318 DEBUG 36988 --- [http-nio-8082-exec-10] com.hmall.api.client.ItemClient          : [ItemClient#queryItemByIds] 
11:59:46:318 DEBUG 36988 --- [http-nio-8082-exec-10] com.hmall.api.client.ItemClient          : [ItemClient#queryItemByIds] [{"id":"2120808","name":"姬龙雪 guy laroche女包 GL经典手提包女牛皮大容量单肩包女欧美时尚包包女包GS1210001-06杏色","price":71800,"stock":0,"image":"https://m.360buyimg.com/mobilecms/s720x720_jfs/t30694/267/398774087/90954/6fc143cf/5bf25358N14dadbf7.jpg!q70.jpg.webp","category":"真皮包","brand":"姬龙雪","spec":"{}","sold":0,"commentCount":0,"isAD":false,"status":1},{"id":"5001207","name":"小米Note3 美颜双摄拍照手机 6GB+128GB 黑色 移动4G+全网通4G手机 双卡双待","price":221900,"stock":10000,"image":"https://m.360buyimg.com/mobilecms/s720x720_jfs/t11944/171/322678362/177635/eb2192c2/59ed5428N909f5413.jpg!q70.jpg.webp","category":"手机","brand":"小米","spec":"{\"颜色\": \"黑色\"}","sold":0,"commentCount":0,"isAD":false,"status":1}]
11:59:46:318 DEBUG 36988 --- [http-nio-8082-exec-10] com.hmall.api.client.ItemClient          : [ItemClient#queryItemByIds] <--- END HTTP (801-byte body)
11:59:46:331 DEBUG 36988 --- [http-nio-8082-exec-1] c.h.cart.mapper.CartMapper.selectList    : ==>  Preparing: SELECT id,user_id,item_id,num,name,spec,price,image,create_time,update_time FROM cart WHERE (user_id = ?)
11:59:46:331 DEBUG 36988 --- [http-nio-8082-exec-1] c.h.cart.mapper.CartMapper.selectList    : ==> Parameters: 2(Long)
11:59:46:340 DEBUG 36988 --- [http-nio-8082-exec-1] c.h.cart.mapper.CartMapper.selectList    : <==      Total: 2
11:59:46:341 DEBUG 36988 --- [http-nio-8082-exec-1] com.hmall.api.client.ItemClient          : [ItemClient#queryItemByIds] ---> GET http://item-service/items?ids=2120808&ids=5001207 HTTP/1.1
11:59:46:341 DEBUG 36988 --- [http-nio-8082-exec-1] com.hmall.api.client.ItemClient          : [ItemClient#queryItemByIds] user-info: 2
11:59:46:341 DEBUG 36988 --- [http-nio-8082-exec-1] com.hmall.api.client.ItemClient          : [ItemClient#queryItemByIds] ---> END HTTP (0-byte body)
11:59:46:350 DEBUG 36988 --- [http-nio-8082-exec-1] com.hmall.api.client.ItemClient          : [ItemClient#queryItemByIds] <--- HTTP/1.1 200  (7ms)
11:59:46:350 DEBUG 36988 --- [http-nio-8082-exec-1] com.hmall.api.client.ItemClient          : [ItemClient#queryItemByIds] connection: keep-alive
11:59:46:350 DEBUG 36988 --- [http-nio-8082-exec-1] com.hmall.api.client.ItemClient          : [ItemClient#queryItemByIds] content-type: application/json
11:59:46:350 DEBUG 36988 --- [http-nio-8082-exec-1] com.hmall.api.client.ItemClient          : [ItemClient#queryItemByIds] date: Fri, 28 Jun 2024 03:59:46 GMT
11:59:46:350 DEBUG 36988 --- [http-nio-8082-exec-1] com.hmall.api.client.ItemClient          : [ItemClient#queryItemByIds] keep-alive: timeout=60
11:59:46:350 DEBUG 36988 --- [http-nio-8082-exec-1] com.hmall.api.client.ItemClient          : [ItemClient#queryItemByIds] transfer-encoding: chunked
11:59:46:350 DEBUG 36988 --- [http-nio-8082-exec-1] com.hmall.api.client.ItemClient          : [ItemClient#queryItemByIds] 
11:59:46:350 DEBUG 36988 --- [http-nio-8082-exec-1] com.hmall.api.client.ItemClient          : [ItemClient#queryItemByIds] [{"id":"2120808","name":"姬龙雪 guy laroche女包 GL经典手提包女牛皮大容量单肩包女欧美时尚包包女包GS1210001-06杏色","price":71800,"stock":0,"image":"https://m.360buyimg.com/mobilecms/s720x720_jfs/t30694/267/398774087/90954/6fc143cf/5bf25358N14dadbf7.jpg!q70.jpg.webp","category":"真皮包","brand":"姬龙雪","spec":"{}","sold":0,"commentCount":0,"isAD":false,"status":1},{"id":"5001207","name":"小米Note3 美颜双摄拍照手机 6GB+128GB 黑色 移动4G+全网通4G手机 双卡双待","price":221900,"stock":10000,"image":"https://m.360buyimg.com/mobilecms/s720x720_jfs/t11944/171/322678362/177635/eb2192c2/59ed5428N909f5413.jpg!q70.jpg.webp","category":"手机","brand":"小米","spec":"{\"颜色\": \"黑色\"}","sold":0,"commentCount":0,"isAD":false,"status":1}]
11:59:46:350 DEBUG 36988 --- [http-nio-8082-exec-1] com.hmall.api.client.ItemClient          : [ItemClient#queryItemByIds] <--- END HTTP (801-byte body)
11:59:46:362 DEBUG 36988 --- [http-nio-8082-exec-2] c.h.cart.mapper.CartMapper.selectList    : ==>  Preparing: SELECT id,user_id,item_id,num,name,spec,price,image,create_time,update_time FROM cart WHERE (user_id = ?)
11:59:46:362 DEBUG 36988 --- [http-nio-8082-exec-2] c.h.cart.mapper.CartMapper.selectList    : ==> Parameters: 2(Long)
11:59:46:368 DEBUG 36988 --- [http-nio-8082-exec-2] c.h.cart.mapper.CartMapper.selectList    : <==      Total: 2
11:59:46:370 DEBUG 36988 --- [http-nio-8082-exec-2] com.hmall.api.client.ItemClient          : [ItemClient#queryItemByIds] ---> GET http://item-service/items?ids=2120808&ids=5001207 HTTP/1.1
11:59:46:370 DEBUG 36988 --- [http-nio-8082-exec-2] com.hmall.api.client.ItemClient          : [ItemClient#queryItemByIds] user-info: 2
11:59:46:370 DEBUG 36988 --- [http-nio-8082-exec-2] com.hmall.api.client.ItemClient          : [ItemClient#queryItemByIds] ---> END HTTP (0-byte body)
11:59:46:383 DEBUG 36988 --- [http-nio-8082-exec-2] com.hmall.api.client.ItemClient          : [ItemClient#queryItemByIds] <--- HTTP/1.1 200  (13ms)
11:59:46:383 DEBUG 36988 --- [http-nio-8082-exec-2] com.hmall.api.client.ItemClient          : [ItemClient#queryItemByIds] connection: keep-alive
11:59:46:384 DEBUG 36988 --- [http-nio-8082-exec-2] com.hmall.api.client.ItemClient          : [ItemClient#queryItemByIds] content-type: application/json
11:59:46:384 DEBUG 36988 --- [http-nio-8082-exec-2] com.hmall.api.client.ItemClient          : [ItemClient#queryItemByIds] date: Fri, 28 Jun 2024 03:59:46 GMT
11:59:46:384 DEBUG 36988 --- [http-nio-8082-exec-2] com.hmall.api.client.ItemClient          : [ItemClient#queryItemByIds] keep-alive: timeout=60
11:59:46:384 DEBUG 36988 --- [http-nio-8082-exec-2] com.hmall.api.client.ItemClient          : [ItemClient#queryItemByIds] transfer-encoding: chunked
11:59:46:384 DEBUG 36988 --- [http-nio-8082-exec-2] com.hmall.api.client.ItemClient          : [ItemClient#queryItemByIds] 
11:59:46:384 DEBUG 36988 --- [http-nio-8082-exec-2] com.hmall.api.client.ItemClient          : [ItemClient#queryItemByIds] [{"id":"2120808","name":"姬龙雪 guy laroche女包 GL经典手提包女牛皮大容量单肩包女欧美时尚包包女包GS1210001-06杏色","price":71800,"stock":0,"image":"https://m.360buyimg.com/mobilecms/s720x720_jfs/t30694/267/398774087/90954/6fc143cf/5bf25358N14dadbf7.jpg!q70.jpg.webp","category":"真皮包","brand":"姬龙雪","spec":"{}","sold":0,"commentCount":0,"isAD":false,"status":1},{"id":"5001207","name":"小米Note3 美颜双摄拍照手机 6GB+128GB 黑色 移动4G+全网通4G手机 双卡双待","price":221900,"stock":10000,"image":"https://m.360buyimg.com/mobilecms/s720x720_jfs/t11944/171/322678362/177635/eb2192c2/59ed5428N909f5413.jpg!q70.jpg.webp","category":"手机","brand":"小米","spec":"{\"颜色\": \"黑色\"}","sold":0,"commentCount":0,"isAD":false,"status":1}]
11:59:46:384 DEBUG 36988 --- [http-nio-8082-exec-2] com.hmall.api.client.ItemClient          : [ItemClient#queryItemByIds] <--- END HTTP (801-byte body)
11:59:46:399 DEBUG 36988 --- [http-nio-8082-exec-5] c.h.cart.mapper.CartMapper.selectList    : ==>  Preparing: SELECT id,user_id,item_id,num,name,spec,price,image,create_time,update_time FROM cart WHERE (user_id = ?)
11:59:46:399 DEBUG 36988 --- [http-nio-8082-exec-5] c.h.cart.mapper.CartMapper.selectList    : ==> Parameters: 2(Long)
11:59:46:403 DEBUG 36988 --- [http-nio-8082-exec-5] c.h.cart.mapper.CartMapper.selectList    : <==      Total: 2
11:59:46:405 DEBUG 36988 --- [http-nio-8082-exec-5] com.hmall.api.client.ItemClient          : [ItemClient#queryItemByIds] ---> GET http://item-service/items?ids=2120808&ids=5001207 HTTP/1.1
11:59:46:405 DEBUG 36988 --- [http-nio-8082-exec-5] com.hmall.api.client.ItemClient          : [ItemClient#queryItemByIds] user-info: 2
11:59:46:405 DEBUG 36988 --- [http-nio-8082-exec-5] com.hmall.api.client.ItemClient          : [ItemClient#queryItemByIds] ---> END HTTP (0-byte body)
11:59:46:416 DEBUG 36988 --- [http-nio-8082-exec-5] com.hmall.api.client.ItemClient          : [ItemClient#queryItemByIds] <--- HTTP/1.1 200  (11ms)
11:59:46:416 DEBUG 36988 --- [http-nio-8082-exec-5] com.hmall.api.client.ItemClient          : [ItemClient#queryItemByIds] connection: keep-alive
11:59:46:417 DEBUG 36988 --- [http-nio-8082-exec-5] com.hmall.api.client.ItemClient          : [ItemClient#queryItemByIds] content-type: application/json
11:59:46:417 DEBUG 36988 --- [http-nio-8082-exec-5] com.hmall.api.client.ItemClient          : [ItemClient#queryItemByIds] date: Fri, 28 Jun 2024 03:59:46 GMT
11:59:46:417 DEBUG 36988 --- [http-nio-8082-exec-5] com.hmall.api.client.ItemClient          : [ItemClient#queryItemByIds] keep-alive: timeout=60
11:59:46:417 DEBUG 36988 --- [http-nio-8082-exec-5] com.hmall.api.client.ItemClient          : [ItemClient#queryItemByIds] transfer-encoding: chunked
11:59:46:417 DEBUG 36988 --- [http-nio-8082-exec-5] com.hmall.api.client.ItemClient          : [ItemClient#queryItemByIds] 
11:59:46:417 DEBUG 36988 --- [http-nio-8082-exec-5] com.hmall.api.client.ItemClient          : [ItemClient#queryItemByIds] [{"id":"2120808","name":"姬龙雪 guy laroche女包 GL经典手提包女牛皮大容量单肩包女欧美时尚包包女包GS1210001-06杏色","price":71800,"stock":0,"image":"https://m.360buyimg.com/mobilecms/s720x720_jfs/t30694/267/398774087/90954/6fc143cf/5bf25358N14dadbf7.jpg!q70.jpg.webp","category":"真皮包","brand":"姬龙雪","spec":"{}","sold":0,"commentCount":0,"isAD":false,"status":1},{"id":"5001207","name":"小米Note3 美颜双摄拍照手机 6GB+128GB 黑色 移动4G+全网通4G手机 双卡双待","price":221900,"stock":10000,"image":"https://m.360buyimg.com/mobilecms/s720x720_jfs/t11944/171/322678362/177635/eb2192c2/59ed5428N909f5413.jpg!q70.jpg.webp","category":"手机","brand":"小米","spec":"{\"颜色\": \"黑色\"}","sold":0,"commentCount":0,"isAD":false,"status":1}]
11:59:46:417 DEBUG 36988 --- [http-nio-8082-exec-5] com.hmall.api.client.ItemClient          : [ItemClient#queryItemByIds] <--- END HTTP (801-byte body)
11:59:46:428 DEBUG 36988 --- [http-nio-8082-exec-4] c.h.cart.mapper.CartMapper.selectList    : ==>  Preparing: SELECT id,user_id,item_id,num,name,spec,price,image,create_time,update_time FROM cart WHERE (user_id = ?)
11:59:46:429 DEBUG 36988 --- [http-nio-8082-exec-4] c.h.cart.mapper.CartMapper.selectList    : ==> Parameters: 2(Long)
11:59:46:436 DEBUG 36988 --- [http-nio-8082-exec-4] c.h.cart.mapper.CartMapper.selectList    : <==      Total: 2
11:59:46:437 DEBUG 36988 --- [http-nio-8082-exec-4] com.hmall.api.client.ItemClient          : [ItemClient#queryItemByIds] ---> GET http://item-service/items?ids=2120808&ids=5001207 HTTP/1.1
11:59:46:437 DEBUG 36988 --- [http-nio-8082-exec-4] com.hmall.api.client.ItemClient          : [ItemClient#queryItemByIds] user-info: 2
11:59:46:437 DEBUG 36988 --- [http-nio-8082-exec-4] com.hmall.api.client.ItemClient          : [ItemClient#queryItemByIds] ---> END HTTP (0-byte body)
11:59:46:445 DEBUG 36988 --- [http-nio-8082-exec-4] com.hmall.api.client.ItemClient          : [ItemClient#queryItemByIds] <--- HTTP/1.1 200  (7ms)
11:59:46:446 DEBUG 36988 --- [http-nio-8082-exec-4] com.hmall.api.client.ItemClient          : [ItemClient#queryItemByIds] connection: keep-alive
11:59:46:446 DEBUG 36988 --- [http-nio-8082-exec-4] com.hmall.api.client.ItemClient          : [ItemClient#queryItemByIds] content-type: application/json
11:59:46:446 DEBUG 36988 --- [http-nio-8082-exec-4] com.hmall.api.client.ItemClient          : [ItemClient#queryItemByIds] date: Fri, 28 Jun 2024 03:59:46 GMT
11:59:46:446 DEBUG 36988 --- [http-nio-8082-exec-4] com.hmall.api.client.ItemClient          : [ItemClient#queryItemByIds] keep-alive: timeout=60
11:59:46:446 DEBUG 36988 --- [http-nio-8082-exec-4] com.hmall.api.client.ItemClient          : [ItemClient#queryItemByIds] transfer-encoding: chunked
11:59:46:446 DEBUG 36988 --- [http-nio-8082-exec-4] com.hmall.api.client.ItemClient          : [ItemClient#queryItemByIds] 
11:59:46:446 DEBUG 36988 --- [http-nio-8082-exec-4] com.hmall.api.client.ItemClient          : [ItemClient#queryItemByIds] [{"id":"2120808","name":"姬龙雪 guy laroche女包 GL经典手提包女牛皮大容量单肩包女欧美时尚包包女包GS1210001-06杏色","price":71800,"stock":0,"image":"https://m.360buyimg.com/mobilecms/s720x720_jfs/t30694/267/398774087/90954/6fc143cf/5bf25358N14dadbf7.jpg!q70.jpg.webp","category":"真皮包","brand":"姬龙雪","spec":"{}","sold":0,"commentCount":0,"isAD":false,"status":1},{"id":"5001207","name":"小米Note3 美颜双摄拍照手机 6GB+128GB 黑色 移动4G+全网通4G手机 双卡双待","price":221900,"stock":10000,"image":"https://m.360buyimg.com/mobilecms/s720x720_jfs/t11944/171/322678362/177635/eb2192c2/59ed5428N909f5413.jpg!q70.jpg.webp","category":"手机","brand":"小米","spec":"{\"颜色\": \"黑色\"}","sold":0,"commentCount":0,"isAD":false,"status":1}]
11:59:46:446 DEBUG 36988 --- [http-nio-8082-exec-4] com.hmall.api.client.ItemClient          : [ItemClient#queryItemByIds] <--- END HTTP (801-byte body)
11:59:46:660  INFO 36988 --- [nacos-grpc-client-executor-18] com.alibaba.nacos.common.remote.client   : [a24235de-d65b-47c0-8fba-593e63823328] Receive server push request, request = NotifySubscriberRequest, requestId = 54
11:59:46:661  INFO 36988 --- [nacos-grpc-client-executor-18] com.alibaba.nacos.common.remote.client   : [a24235de-d65b-47c0-8fba-593e63823328] Ack server push request, request = NotifySubscriberRequest, requestId = 54
11:59:46:933 DEBUG 36988 --- [http-nio-8082-exec-9] c.h.cart.mapper.CartMapper.updateById    : ==>  Preparing: UPDATE cart SET num=? WHERE id=?
11:59:46:934 DEBUG 36988 --- [http-nio-8082-exec-9] c.h.cart.mapper.CartMapper.updateById    : ==> Parameters: 1(Integer), 19(Long)
11:59:46:949 DEBUG 36988 --- [http-nio-8082-exec-9] c.h.cart.mapper.CartMapper.updateById    : <==    Updates: 1
11:59:46:964 DEBUG 36988 --- [http-nio-8082-exec-7] c.h.cart.mapper.CartMapper.selectList    : ==>  Preparing: SELECT id,user_id,item_id,num,name,spec,price,image,create_time,update_time FROM cart WHERE (user_id = ?)
11:59:46:965 DEBUG 36988 --- [http-nio-8082-exec-7] c.h.cart.mapper.CartMapper.selectList    : ==> Parameters: 2(Long)
11:59:46:967 DEBUG 36988 --- [http-nio-8082-exec-7] c.h.cart.mapper.CartMapper.selectList    : <==      Total: 2
11:59:46:970 DEBUG 36988 --- [http-nio-8082-exec-7] com.hmall.api.client.ItemClient          : [ItemClient#queryItemByIds] ---> GET http://item-service/items?ids=2120808&ids=5001207 HTTP/1.1
11:59:46:971 DEBUG 36988 --- [http-nio-8082-exec-7] com.hmall.api.client.ItemClient          : [ItemClient#queryItemByIds] user-info: 2
11:59:46:971 DEBUG 36988 --- [http-nio-8082-exec-7] com.hmall.api.client.ItemClient          : [ItemClient#queryItemByIds] ---> END HTTP (0-byte body)
11:59:46:978 DEBUG 36988 --- [http-nio-8082-exec-7] com.hmall.api.client.ItemClient          : [ItemClient#queryItemByIds] <--- HTTP/1.1 200  (7ms)
11:59:46:978 DEBUG 36988 --- [http-nio-8082-exec-7] com.hmall.api.client.ItemClient          : [ItemClient#queryItemByIds] connection: keep-alive
11:59:46:978 DEBUG 36988 --- [http-nio-8082-exec-7] com.hmall.api.client.ItemClient          : [ItemClient#queryItemByIds] content-type: application/json
11:59:46:978 DEBUG 36988 --- [http-nio-8082-exec-7] com.hmall.api.client.ItemClient          : [ItemClient#queryItemByIds] date: Fri, 28 Jun 2024 03:59:46 GMT
11:59:46:978 DEBUG 36988 --- [http-nio-8082-exec-7] com.hmall.api.client.ItemClient          : [ItemClient#queryItemByIds] keep-alive: timeout=60
11:59:46:978 DEBUG 36988 --- [http-nio-8082-exec-7] com.hmall.api.client.ItemClient          : [ItemClient#queryItemByIds] transfer-encoding: chunked
11:59:46:978 DEBUG 36988 --- [http-nio-8082-exec-7] com.hmall.api.client.ItemClient          : [ItemClient#queryItemByIds] 
11:59:46:978 DEBUG 36988 --- [http-nio-8082-exec-7] com.hmall.api.client.ItemClient          : [ItemClient#queryItemByIds] [{"id":"2120808","name":"姬龙雪 guy laroche女包 GL经典手提包女牛皮大容量单肩包女欧美时尚包包女包GS1210001-06杏色","price":71800,"stock":0,"image":"https://m.360buyimg.com/mobilecms/s720x720_jfs/t30694/267/398774087/90954/6fc143cf/5bf25358N14dadbf7.jpg!q70.jpg.webp","category":"真皮包","brand":"姬龙雪","spec":"{}","sold":0,"commentCount":0,"isAD":false,"status":1},{"id":"5001207","name":"小米Note3 美颜双摄拍照手机 6GB+128GB 黑色 移动4G+全网通4G手机 双卡双待","price":221900,"stock":10000,"image":"https://m.360buyimg.com/mobilecms/s720x720_jfs/t11944/171/322678362/177635/eb2192c2/59ed5428N909f5413.jpg!q70.jpg.webp","category":"手机","brand":"小米","spec":"{\"颜色\": \"黑色\"}","sold":0,"commentCount":0,"isAD":false,"status":1}]
11:59:46:978 DEBUG 36988 --- [http-nio-8082-exec-7] com.hmall.api.client.ItemClient          : [ItemClient#queryItemByIds] <--- END HTTP (801-byte body)
13:56:02:587  WARN 36988 --- [Thread-5] c.a.nacos.common.notify.NotifyCenter     : [NotifyCenter] Start destroying Publisher
13:56:02:587  WARN 36988 --- [Thread-1] c.a.n.common.http.HttpClientBeanHolder   : [HttpClientBeanHolder] Start destroying common HttpClient
13:56:02:593  WARN 36988 --- [Thread-5] c.a.nacos.common.notify.NotifyCenter     : [NotifyCenter] Destruction of the end
13:56:02:604  WARN 36988 --- [Thread-1] c.a.n.common.http.HttpClientBeanHolder   : [HttpClientBeanHolder] Destruction of the end
13:56:04:674  INFO 36988 --- [SpringApplicationShutdownHook] c.a.c.n.registry.NacosServiceRegistry    : De-registering from Nacos Server now...
13:56:04:683  INFO 36988 --- [SpringApplicationShutdownHook] c.a.c.n.registry.NacosServiceRegistry    : De-registration finished.
13:56:05:006  INFO 36988 --- [SpringApplicationShutdownHook] com.alibaba.nacos.common.remote.client   : Shutdown rpc client, set status to shutdown
13:56:05:007  INFO 36988 --- [SpringApplicationShutdownHook] com.alibaba.nacos.common.remote.client   : Shutdown client event executor java.util.concurrent.ScheduledThreadPoolExecutor@2467690[Running, pool size = 2, active threads = 2, queued tasks = 0, completed tasks = 0]
13:56:05:007  INFO 36988 --- [SpringApplicationShutdownHook] com.alibaba.nacos.common.remote.client   : Close current connection 1719547141980_192.168.88.1_59820
13:56:05:014  INFO 36988 --- [nacos-grpc-client-executor-1419] c.a.n.c.remote.client.grpc.GrpcClient    : [1719547141980_192.168.88.1_59820]Ignore complete event,isRunning:false,isAbandon=false
13:56:05:022  INFO 36988 --- [SpringApplicationShutdownHook] c.a.n.c.remote.client.grpc.GrpcClient    : Shutdown grpc executor java.util.concurrent.ThreadPoolExecutor@752b9128[Running, pool size = 5, active threads = 0, queued tasks = 0, completed tasks = 1420]
13:56:05:036  INFO 36988 --- [SpringApplicationShutdownHook] com.zaxxer.hikari.HikariDataSource       : HikariPool-1 - Shutdown initiated...
13:56:05:080  INFO 36988 --- [SpringApplicationShutdownHook] com.zaxxer.hikari.HikariDataSource       : HikariPool-1 - Shutdown completed.
