18:23:50:546  INFO 9424 --- [main] com.hmall.gateway.GatewayApplication     : The following 1 profile is active: "local"
18:23:51:540  INFO 9424 --- [main] o.s.cloud.context.scope.GenericScope     : BeanFactory id=f3992655-5d5d-3628-8942-d79751412408
18:23:51:610  INFO 9424 --- [main] trationDelegate$BeanPostProcessorChecker : Bean 'org.springframework.cloud.client.loadbalancer.reactive.LoadBalancerBeanPostProcessorAutoConfiguration' of type [org.springframework.cloud.client.loadbalancer.reactive.LoadBalancerBeanPostProcessorAutoConfiguration] is not eligible for getting processed by all BeanPostProcessors (for example: not eligible for auto-proxying)
18:23:51:613  INFO 9424 --- [main] trationDelegate$BeanPostProcessorChecker : Bean 'org.springframework.cloud.client.loadbalancer.reactive.LoadBalancerBeanPostProcessorAutoConfiguration$ReactorDeferringLoadBalancerFilterConfig' of type [org.springframework.cloud.client.loadbalancer.reactive.LoadBalancerBeanPostProcessorAutoConfiguration$ReactorDeferringLoadBalancerFilterConfig] is not eligible for getting processed by all BeanPostProcessors (for example: not eligible for auto-proxying)
18:23:51:615  INFO 9424 --- [main] trationDelegate$BeanPostProcessorChecker : Bean 'reactorDeferringLoadBalancerExchangeFilterFunction' of type [org.springframework.cloud.client.loadbalancer.reactive.DeferringLoadBalancerExchangeFilterFunction] is not eligible for getting processed by all BeanPostProcessors (for example: not eligible for auto-proxying)
18:23:52:600 DEBUG 9424 --- [main] c.h.gateway.route.DynamicRouteLoader     : 监听到路由配置变更，[
    {
        "id": "item",
        "predicates": [{
            "name": "Path",
            "args": {"_genkey_0":"/items/**", "_genkey_1":"/search/**"}
        }],
        "filters": [],
        "uri": "lb://item-service"
    },
    {
        "id": "cart",
        "predicates": [{
            "name": "Path",
            "args": {"_genkey_0":"/carts/**"}
        }],
        "filters": [],
        "uri": "lb://cart-service"
    },
    {
        "id": "user",
        "predicates": [{
            "name": "Path",
            "args": {"_genkey_0":"/users/**", "_genkey_1":"/addresses/**"}
        }],
        "filters": [],
        "uri": "lb://user-service"
    },
    {
        "id": "trade",
        "predicates": [{
            "name": "Path",
            "args": {"_genkey_0":"/orders/**"}
        }],
        "filters": [],
        "uri": "lb://trade-service"
    },
    {
        "id": "pay",
        "predicates": [{
            "name": "Path",
            "args": {"_genkey_0":"/pay-orders/**"}
        }],
        "filters": [],
        "uri": "lb://pay-service"
    }
]
18:23:58:519  INFO 9424 --- [main] o.s.c.g.r.RouteDefinitionRouteLocator    : Loaded RoutePredicateFactory [After]
18:23:58:520  INFO 9424 --- [main] o.s.c.g.r.RouteDefinitionRouteLocator    : Loaded RoutePredicateFactory [Before]
18:23:58:520  INFO 9424 --- [main] o.s.c.g.r.RouteDefinitionRouteLocator    : Loaded RoutePredicateFactory [Between]
18:23:58:520  INFO 9424 --- [main] o.s.c.g.r.RouteDefinitionRouteLocator    : Loaded RoutePredicateFactory [Cookie]
18:23:58:520  INFO 9424 --- [main] o.s.c.g.r.RouteDefinitionRouteLocator    : Loaded RoutePredicateFactory [Header]
18:23:58:520  INFO 9424 --- [main] o.s.c.g.r.RouteDefinitionRouteLocator    : Loaded RoutePredicateFactory [Host]
18:23:58:520  INFO 9424 --- [main] o.s.c.g.r.RouteDefinitionRouteLocator    : Loaded RoutePredicateFactory [Method]
18:23:58:520  INFO 9424 --- [main] o.s.c.g.r.RouteDefinitionRouteLocator    : Loaded RoutePredicateFactory [Path]
18:23:58:520  INFO 9424 --- [main] o.s.c.g.r.RouteDefinitionRouteLocator    : Loaded RoutePredicateFactory [Query]
18:23:58:520  INFO 9424 --- [main] o.s.c.g.r.RouteDefinitionRouteLocator    : Loaded RoutePredicateFactory [ReadBody]
18:23:58:520  INFO 9424 --- [main] o.s.c.g.r.RouteDefinitionRouteLocator    : Loaded RoutePredicateFactory [RemoteAddr]
18:23:58:520  INFO 9424 --- [main] o.s.c.g.r.RouteDefinitionRouteLocator    : Loaded RoutePredicateFactory [XForwardedRemoteAddr]
18:23:58:520  INFO 9424 --- [main] o.s.c.g.r.RouteDefinitionRouteLocator    : Loaded RoutePredicateFactory [Weight]
18:23:58:520  INFO 9424 --- [main] o.s.c.g.r.RouteDefinitionRouteLocator    : Loaded RoutePredicateFactory [CloudFoundryRouteService]
18:24:01:492  INFO 9424 --- [main] com.alibaba.nacos.common.remote.client   : [RpcClientFactory] create a new rpc client of 297eae85-a29d-429e-9d9c-0bd072d2e062
18:24:01:492  INFO 9424 --- [main] com.alibaba.nacos.common.remote.client   : [297eae85-a29d-429e-9d9c-0bd072d2e062] RpcClient init label, labels = {module=naming, source=sdk}
18:24:01:495  INFO 9424 --- [main] com.alibaba.nacos.common.remote.client   : [297eae85-a29d-429e-9d9c-0bd072d2e062] RpcClient init, ServerListFactory = com.alibaba.nacos.client.naming.core.ServerListManager
18:24:01:495  INFO 9424 --- [main] com.alibaba.nacos.common.remote.client   : [297eae85-a29d-429e-9d9c-0bd072d2e062] Registry connection listener to current client:com.alibaba.nacos.client.naming.remote.gprc.redo.NamingGrpcRedoService
18:24:01:496  INFO 9424 --- [main] com.alibaba.nacos.common.remote.client   : [297eae85-a29d-429e-9d9c-0bd072d2e062] Register server push request handler:com.alibaba.nacos.client.naming.remote.gprc.NamingPushRequestHandler
18:24:01:497  INFO 9424 --- [main] com.alibaba.nacos.common.remote.client   : [297eae85-a29d-429e-9d9c-0bd072d2e062] Try to connect to server on start up, server: {serverIp = '192.168.88.135', server main port = 8848}
18:24:01:648  INFO 9424 --- [main] com.alibaba.nacos.common.remote.client   : [297eae85-a29d-429e-9d9c-0bd072d2e062] Success to connect to server [192.168.88.135:8848] on start up, connectionId = 1719743040915_192.168.88.1_59974
18:24:01:649  INFO 9424 --- [main] com.alibaba.nacos.common.remote.client   : [297eae85-a29d-429e-9d9c-0bd072d2e062] Register server push request handler:com.alibaba.nacos.common.remote.client.RpcClient$ConnectResetRequestHandler
18:24:01:649  INFO 9424 --- [com.alibaba.nacos.client.remote.worker] com.alibaba.nacos.common.remote.client   : [297eae85-a29d-429e-9d9c-0bd072d2e062] Notify connected event to listeners.
18:24:01:650  INFO 9424 --- [main] com.alibaba.nacos.common.remote.client   : [297eae85-a29d-429e-9d9c-0bd072d2e062] Register server push request handler:com.alibaba.nacos.common.remote.client.RpcClient$$Lambda$465/0x000000080043b840
18:24:02:322  INFO 9424 --- [nacos-grpc-client-executor-4] com.alibaba.nacos.common.remote.client   : [297eae85-a29d-429e-9d9c-0bd072d2e062] Receive server push request, request = NotifySubscriberRequest, requestId = 98
18:24:02:325  INFO 9424 --- [nacos-grpc-client-executor-4] com.alibaba.nacos.common.remote.client   : [297eae85-a29d-429e-9d9c-0bd072d2e062] Ack server push request, request = NotifySubscriberRequest, requestId = 98
18:24:03:457  INFO 9424 --- [main] o.s.b.web.embedded.netty.NettyWebServer  : Netty started on port 8080
18:24:08:032  INFO 9424 --- [main] c.a.c.n.registry.NacosServiceRegistry    : nacos registry, DEFAULT_GROUP gateway 192.168.123.61:8080 register finished
18:24:08:053  INFO 9424 --- [main] com.hmall.gateway.GatewayApplication     : Started GatewayApplication in 30.574 seconds (JVM running for 32.703)
18:24:08:056  INFO 9424 --- [main] c.a.c.n.refresh.NacosContextRefresher    : [Nacos Config] Listening config: dataId=gateway.yaml, group=DEFAULT_GROUP
18:24:08:059  INFO 9424 --- [main] c.a.c.n.refresh.NacosContextRefresher    : [Nacos Config] Listening config: dataId=gateway, group=DEFAULT_GROUP
18:24:08:059  INFO 9424 --- [main] c.a.c.n.refresh.NacosContextRefresher    : [Nacos Config] Listening config: dataId=gateway-local.yaml, group=DEFAULT_GROUP
18:24:08:545  INFO 9424 --- [nacos-grpc-client-executor-8] com.alibaba.nacos.common.remote.client   : [297eae85-a29d-429e-9d9c-0bd072d2e062] Receive server push request, request = NotifySubscriberRequest, requestId = 102
18:24:08:554  INFO 9424 --- [nacos-grpc-client-executor-8] com.alibaba.nacos.common.remote.client   : [297eae85-a29d-429e-9d9c-0bd072d2e062] Ack server push request, request = NotifySubscriberRequest, requestId = 102
18:32:38:761  INFO 9424 --- [nacos-grpc-client-executor-113] com.alibaba.nacos.common.remote.client   : [297eae85-a29d-429e-9d9c-0bd072d2e062] Receive server push request, request = NotifySubscriberRequest, requestId = 113
18:32:38:764  INFO 9424 --- [nacos-grpc-client-executor-113] com.alibaba.nacos.common.remote.client   : [297eae85-a29d-429e-9d9c-0bd072d2e062] Ack server push request, request = NotifySubscriberRequest, requestId = 113
18:32:40:070  INFO 9424 --- [nacos-grpc-client-executor-116] com.alibaba.nacos.common.remote.client   : [297eae85-a29d-429e-9d9c-0bd072d2e062] Receive server push request, request = NotifySubscriberRequest, requestId = 114
18:32:40:070  INFO 9424 --- [nacos-grpc-client-executor-116] com.alibaba.nacos.common.remote.client   : [297eae85-a29d-429e-9d9c-0bd072d2e062] Ack server push request, request = NotifySubscriberRequest, requestId = 114
18:32:45:556  INFO 9424 --- [nacos-grpc-client-executor-119] com.alibaba.nacos.common.remote.client   : [297eae85-a29d-429e-9d9c-0bd072d2e062] Receive server push request, request = NotifySubscriberRequest, requestId = 116
18:32:45:557  INFO 9424 --- [nacos-grpc-client-executor-119] com.alibaba.nacos.common.remote.client   : [297eae85-a29d-429e-9d9c-0bd072d2e062] Ack server push request, request = NotifySubscriberRequest, requestId = 116
18:33:40:285  INFO 9424 --- [nacos-grpc-client-executor-133] com.alibaba.nacos.common.remote.client   : [297eae85-a29d-429e-9d9c-0bd072d2e062] Receive server push request, request = NotifySubscriberRequest, requestId = 117
18:33:40:285  INFO 9424 --- [nacos-grpc-client-executor-133] com.alibaba.nacos.common.remote.client   : [297eae85-a29d-429e-9d9c-0bd072d2e062] Ack server push request, request = NotifySubscriberRequest, requestId = 117
18:33:53:281  INFO 9424 --- [nacos-grpc-client-executor-138] com.alibaba.nacos.common.remote.client   : [297eae85-a29d-429e-9d9c-0bd072d2e062] Receive server push request, request = NotifySubscriberRequest, requestId = 120
18:33:53:281  INFO 9424 --- [nacos-grpc-client-executor-138] com.alibaba.nacos.common.remote.client   : [297eae85-a29d-429e-9d9c-0bd072d2e062] Ack server push request, request = NotifySubscriberRequest, requestId = 120
18:36:02:097  WARN 9424 --- [Thread-5] c.a.nacos.common.notify.NotifyCenter     : [NotifyCenter] Start destroying Publisher
18:36:02:097  WARN 9424 --- [Thread-1] c.a.n.common.http.HttpClientBeanHolder   : [HttpClientBeanHolder] Start destroying common HttpClient
18:36:02:097  WARN 9424 --- [Thread-5] c.a.nacos.common.notify.NotifyCenter     : [NotifyCenter] Destruction of the end
18:36:02:101  WARN 9424 --- [Thread-1] c.a.n.common.http.HttpClientBeanHolder   : [HttpClientBeanHolder] Destruction of the end
18:36:02:148  INFO 9424 --- [SpringApplicationShutdownHook] c.a.c.n.registry.NacosServiceRegistry    : De-registering from Nacos Server now...
18:36:02:161  INFO 9424 --- [SpringApplicationShutdownHook] c.a.c.n.registry.NacosServiceRegistry    : De-registration finished.
18:36:02:494  INFO 9424 --- [SpringApplicationShutdownHook] com.alibaba.nacos.common.remote.client   : Shutdown rpc client, set status to shutdown
18:36:02:495  INFO 9424 --- [SpringApplicationShutdownHook] com.alibaba.nacos.common.remote.client   : Shutdown client event executor java.util.concurrent.ScheduledThreadPoolExecutor@7042f5d1[Running, pool size = 2, active threads = 2, queued tasks = 0, completed tasks = 0]
18:36:02:495  INFO 9424 --- [SpringApplicationShutdownHook] com.alibaba.nacos.common.remote.client   : Close current connection 1719743040915_192.168.88.1_59974
18:36:02:499  INFO 9424 --- [nacos-grpc-client-executor-171] c.a.n.c.remote.client.grpc.GrpcClient    : [1719743040915_192.168.88.1_59974]Ignore complete event,isRunning:false,isAbandon=false
18:36:02:500  INFO 9424 --- [SpringApplicationShutdownHook] c.a.n.c.remote.client.grpc.GrpcClient    : Shutdown grpc executor java.util.concurrent.ThreadPoolExecutor@4f4788f9[Running, pool size = 5, active threads = 0, queued tasks = 0, completed tasks = 172]
