15:27:01:697  INFO 3108 --- [main] com.hmall.item.ItemApplication           : Starting ItemApplication using Java 11.0.23 on lzy with PID 3108 (D:\ProgramData\javaproject\SpringCloud\datas\two\hmall\item-service\target\classes started by 11057 in D:\ProgramData\javaproject\SpringCloud\datas\two\hmall)
15:27:01:703 DEBUG 3108 --- [main] com.hmall.item.ItemApplication           : Running with Spring Boot v2.7.12, Spring v5.3.27
15:27:01:705  INFO 3108 --- [main] com.hmall.item.ItemApplication           : The following 1 profile is active: "local"
15:27:02:370  INFO 3108 --- [main] .s.d.r.c.RepositoryConfigurationDelegate : Multiple Spring Data modules found, entering strict repository configuration mode
15:27:02:372  INFO 3108 --- [main] .s.d.r.c.RepositoryConfigurationDelegate : Bootstrapping Spring Data Redis repositories in DEFAULT mode.
15:27:02:391  INFO 3108 --- [main] .s.d.r.c.RepositoryConfigurationDelegate : Finished Spring Data repository scanning in 8 ms. Found 0 Redis repository interfaces.
15:27:02:814  INFO 3108 --- [main] o.s.b.w.embedded.tomcat.TomcatWebServer  : Tomcat initialized with port(s): 8081 (http)
15:27:02:821  INFO 3108 --- [main] o.apache.catalina.core.StandardService   : Starting service [Tomcat]
15:27:02:821  INFO 3108 --- [main] org.apache.catalina.core.StandardEngine  : Starting Servlet engine: [Apache Tomcat/9.0.75]
15:27:02:932  INFO 3108 --- [main] o.a.c.c.C.[Tomcat].[localhost].[/]       : Initializing Spring embedded WebApplicationContext
15:27:02:932  INFO 3108 --- [main] w.s.c.ServletWebServerApplicationContext : Root WebApplicationContext: initialization completed in 1190 ms
15:27:05:365  INFO 3108 --- [main] pertySourcedRequestMappingHandlerMapping : Mapped URL path [/v2/api-docs] onto method [springfox.documentation.swagger2.web.Swagger2ControllerWebMvc#getDocumentation(String, HttpServletRequest)]
15:27:05:669  INFO 3108 --- [main] o.s.b.w.embedded.tomcat.TomcatWebServer  : Tomcat started on port(s): 8081 (http) with context path ''
15:27:05:669  INFO 3108 --- [main] d.s.w.p.DocumentationPluginsBootstrapper : Documentation plugins bootstrapped
15:27:05:671  INFO 3108 --- [main] d.s.w.p.DocumentationPluginsBootstrapper : Found 1 custom documentation plugin(s)
15:27:05:693  INFO 3108 --- [main] s.d.s.w.s.ApiListingReferenceScanner     : Scanning for api listing references
15:27:05:805  INFO 3108 --- [main] com.hmall.item.ItemApplication           : Started ItemApplication in 4.462 seconds (JVM running for 6.009)
15:27:22:892  INFO 3108 --- [http-nio-8081-exec-4] o.a.c.c.C.[Tomcat].[localhost].[/]       : Initializing Spring DispatcherServlet 'dispatcherServlet'
15:27:22:892  INFO 3108 --- [http-nio-8081-exec-4] o.s.web.servlet.DispatcherServlet        : Initializing Servlet 'dispatcherServlet'
15:27:22:894  INFO 3108 --- [http-nio-8081-exec-4] o.s.web.servlet.DispatcherServlet        : Completed initialization in 0 ms
15:27:22:960  INFO 3108 --- [http-nio-8081-exec-4] com.zaxxer.hikari.HikariDataSource       : HikariPool-1 - Starting...
15:27:23:211  INFO 3108 --- [http-nio-8081-exec-4] com.zaxxer.hikari.HikariDataSource       : HikariPool-1 - Start completed.
15:27:23:216 DEBUG 3108 --- [http-nio-8081-exec-4] c.h.i.mapper.ItemMapper.selectBatchIds   : ==>  Preparing: SELECT id,name,price,stock,image,category,brand,spec,sold,comment_count,isAD,status,create_time,update_time,creater,updater FROM item WHERE id IN ( ? )
15:27:23:235 DEBUG 3108 --- [http-nio-8081-exec-4] c.h.i.mapper.ItemMapper.selectBatchIds   : ==> Parameters: 100000006163(Long)
15:27:23:277 DEBUG 3108 --- [http-nio-8081-exec-4] c.h.i.mapper.ItemMapper.selectBatchIds   : <==      Total: 1
15:29:58:755 DEBUG 3108 --- [http-nio-8081-exec-3] c.h.i.mapper.ItemMapper.selectBatchIds   : ==>  Preparing: SELECT id,name,price,stock,image,category,brand,spec,sold,comment_count,isAD,status,create_time,update_time,creater,updater FROM item WHERE id IN ( ? )
15:29:58:755 DEBUG 3108 --- [http-nio-8081-exec-3] c.h.i.mapper.ItemMapper.selectBatchIds   : ==> Parameters: 100000006163(Long)
15:29:58:757 DEBUG 3108 --- [http-nio-8081-exec-3] c.h.i.mapper.ItemMapper.selectBatchIds   : <==      Total: 1
16:04:56:853  INFO 3108 --- [SpringApplicationShutdownHook] com.zaxxer.hikari.HikariDataSource       : HikariPool-1 - Shutdown initiated...
16:04:56:872  INFO 3108 --- [SpringApplicationShutdownHook] com.zaxxer.hikari.HikariDataSource       : HikariPool-1 - Shutdown completed.
16:05:03:325  INFO 9744 --- [main] com.hmall.item.ItemApplication           : Starting ItemApplication using Java 11.0.23 on lzy with PID 9744 (D:\ProgramData\javaproject\SpringCloud\datas\two\hmall\item-service\target\classes started by 11057 in D:\ProgramData\javaproject\SpringCloud\datas\two\hmall)
16:05:03:326 DEBUG 9744 --- [main] com.hmall.item.ItemApplication           : Running with Spring Boot v2.7.12, Spring v5.3.27
16:05:03:327  INFO 9744 --- [main] com.hmall.item.ItemApplication           : The following 1 profile is active: "local"
16:05:04:037  INFO 9744 --- [main] .s.d.r.c.RepositoryConfigurationDelegate : Multiple Spring Data modules found, entering strict repository configuration mode
16:05:04:040  INFO 9744 --- [main] .s.d.r.c.RepositoryConfigurationDelegate : Bootstrapping Spring Data Redis repositories in DEFAULT mode.
16:05:04:060  INFO 9744 --- [main] .s.d.r.c.RepositoryConfigurationDelegate : Finished Spring Data repository scanning in 8 ms. Found 0 Redis repository interfaces.
16:05:04:534  INFO 9744 --- [main] o.s.b.w.embedded.tomcat.TomcatWebServer  : Tomcat initialized with port(s): 8081 (http)
16:05:04:546  INFO 9744 --- [main] o.apache.catalina.core.StandardService   : Starting service [Tomcat]
16:05:04:546  INFO 9744 --- [main] org.apache.catalina.core.StandardEngine  : Starting Servlet engine: [Apache Tomcat/9.0.75]
16:05:04:683  INFO 9744 --- [main] o.a.c.c.C.[Tomcat].[localhost].[/]       : Initializing Spring embedded WebApplicationContext
16:05:04:684  INFO 9744 --- [main] w.s.c.ServletWebServerApplicationContext : Root WebApplicationContext: initialization completed in 1317 ms
16:05:07:204  INFO 9744 --- [main] pertySourcedRequestMappingHandlerMapping : Mapped URL path [/v2/api-docs] onto method [springfox.documentation.swagger2.web.Swagger2ControllerWebMvc#getDocumentation(String, HttpServletRequest)]
16:05:07:510  INFO 9744 --- [main] o.s.b.w.embedded.tomcat.TomcatWebServer  : Tomcat started on port(s): 8081 (http) with context path ''
16:05:07:511  INFO 9744 --- [main] d.s.w.p.DocumentationPluginsBootstrapper : Documentation plugins bootstrapped
16:05:07:514  INFO 9744 --- [main] d.s.w.p.DocumentationPluginsBootstrapper : Found 1 custom documentation plugin(s)
16:05:07:536  INFO 9744 --- [main] s.d.s.w.s.ApiListingReferenceScanner     : Scanning for api listing references
16:05:07:651  INFO 9744 --- [main] com.hmall.item.ItemApplication           : Started ItemApplication in 4.731 seconds (JVM running for 6.469)
16:13:30:191  INFO 26680 --- [main] com.hmall.item.ItemApplication           : Starting ItemApplication using Java 11.0.23 on lzy with PID 26680 (D:\ProgramData\javaproject\SpringCloud\datas\two\hmall\item-service\target\classes started by 11057 in D:\ProgramData\javaproject\SpringCloud\datas\two\hmall)
16:13:30:193 DEBUG 26680 --- [main] com.hmall.item.ItemApplication           : Running with Spring Boot v2.7.12, Spring v5.3.27
16:13:30:193  INFO 26680 --- [main] com.hmall.item.ItemApplication           : The following 1 profile is active: "local"
16:13:30:877  INFO 26680 --- [main] .s.d.r.c.RepositoryConfigurationDelegate : Multiple Spring Data modules found, entering strict repository configuration mode
16:13:30:879  INFO 26680 --- [main] .s.d.r.c.RepositoryConfigurationDelegate : Bootstrapping Spring Data Redis repositories in DEFAULT mode.
16:13:30:899  INFO 26680 --- [main] .s.d.r.c.RepositoryConfigurationDelegate : Finished Spring Data repository scanning in 7 ms. Found 0 Redis repository interfaces.
16:13:31:064  INFO 26680 --- [main] o.s.cloud.context.scope.GenericScope     : BeanFactory id=32bdadcd-848c-3529-9c3c-082c59bd9498
16:13:31:333  INFO 26680 --- [main] o.s.b.w.embedded.tomcat.TomcatWebServer  : Tomcat initialized with port(s): 8081 (http)
16:13:31:340  INFO 26680 --- [main] o.apache.catalina.core.StandardService   : Starting service [Tomcat]
16:13:31:340  INFO 26680 --- [main] org.apache.catalina.core.StandardEngine  : Starting Servlet engine: [Apache Tomcat/9.0.75]
16:13:31:454  INFO 26680 --- [main] o.a.c.c.C.[Tomcat].[localhost].[/]       : Initializing Spring embedded WebApplicationContext
16:13:31:454  INFO 26680 --- [main] w.s.c.ServletWebServerApplicationContext : Root WebApplicationContext: initialization completed in 1226 ms
16:13:36:338  INFO 26680 --- [main] pertySourcedRequestMappingHandlerMapping : Mapped URL path [/v2/api-docs] onto method [springfox.documentation.swagger2.web.Swagger2ControllerWebMvc#getDocumentation(String, HttpServletRequest)]
16:13:38:032  INFO 26680 --- [main] com.alibaba.nacos.common.remote.client   : [RpcClientFactory] create a new rpc client of c6ba271a-3d81-44bf-ac75-3884f7456e9b
16:13:38:084  INFO 26680 --- [main] org.reflections.Reflections              : Reflections took 26 ms to scan 1 urls, producing 3 keys and 6 values 
16:13:38:111  INFO 26680 --- [main] org.reflections.Reflections              : Reflections took 7 ms to scan 1 urls, producing 4 keys and 9 values 
16:13:38:119  INFO 26680 --- [main] org.reflections.Reflections              : Reflections took 5 ms to scan 1 urls, producing 3 keys and 10 values 
16:13:38:122  WARN 26680 --- [main] org.reflections.Reflections              : given scan urls are empty. set urls in the configuration
16:13:38:127  INFO 26680 --- [main] org.reflections.Reflections              : Reflections took 5 ms to scan 1 urls, producing 1 keys and 5 values 
16:13:38:134  INFO 26680 --- [main] org.reflections.Reflections              : Reflections took 5 ms to scan 1 urls, producing 1 keys and 7 values 
16:13:38:142  INFO 26680 --- [main] org.reflections.Reflections              : Reflections took 5 ms to scan 1 urls, producing 2 keys and 8 values 
16:13:38:144  WARN 26680 --- [main] org.reflections.Reflections              : given scan urls are empty. set urls in the configuration
16:13:38:145  INFO 26680 --- [main] com.alibaba.nacos.common.remote.client   : [c6ba271a-3d81-44bf-ac75-3884f7456e9b] RpcClient init label, labels = {module=naming, source=sdk}
16:13:38:147  INFO 26680 --- [main] com.alibaba.nacos.common.remote.client   : [c6ba271a-3d81-44bf-ac75-3884f7456e9b] RpcClient init, ServerListFactory = com.alibaba.nacos.client.naming.core.ServerListManager
16:13:38:147  INFO 26680 --- [main] com.alibaba.nacos.common.remote.client   : [c6ba271a-3d81-44bf-ac75-3884f7456e9b] Registry connection listener to current client:com.alibaba.nacos.client.naming.remote.gprc.redo.NamingGrpcRedoService
16:13:38:149  INFO 26680 --- [main] com.alibaba.nacos.common.remote.client   : [c6ba271a-3d81-44bf-ac75-3884f7456e9b] Register server push request handler:com.alibaba.nacos.client.naming.remote.gprc.NamingPushRequestHandler
16:13:38:150  INFO 26680 --- [main] com.alibaba.nacos.common.remote.client   : [c6ba271a-3d81-44bf-ac75-3884f7456e9b] Try to connect to server on start up, server: {serverIp = '192.168.88.135', server main port = 8848}
16:13:42:108  INFO 26680 --- [main] com.alibaba.nacos.common.remote.client   : [c6ba271a-3d81-44bf-ac75-3884f7456e9b] Success to connect to server [192.168.88.135:8848] on start up, connectionId = 1718640622353_192.168.88.1_62657
16:13:42:114  INFO 26680 --- [com.alibaba.nacos.client.remote.worker] com.alibaba.nacos.common.remote.client   : [c6ba271a-3d81-44bf-ac75-3884f7456e9b] Notify connected event to listeners.
16:13:42:115  INFO 26680 --- [main] com.alibaba.nacos.common.remote.client   : [c6ba271a-3d81-44bf-ac75-3884f7456e9b] Register server push request handler:com.alibaba.nacos.common.remote.client.RpcClient$ConnectResetRequestHandler
16:13:42:116  INFO 26680 --- [main] com.alibaba.nacos.common.remote.client   : [c6ba271a-3d81-44bf-ac75-3884f7456e9b] Register server push request handler:com.alibaba.nacos.common.remote.client.RpcClient$$Lambda$1065/0x00000008007b7440
16:13:42:255  INFO 26680 --- [main] o.s.b.w.embedded.tomcat.TomcatWebServer  : Tomcat started on port(s): 8081 (http) with context path ''
16:13:42:307  INFO 26680 --- [main] c.a.c.n.registry.NacosServiceRegistry    : nacos registry, DEFAULT_GROUP item-service 192.168.123.61:8081 register finished
16:13:42:731  INFO 26680 --- [nacos-grpc-client-executor-8] com.alibaba.nacos.common.remote.client   : [c6ba271a-3d81-44bf-ac75-3884f7456e9b] Receive server push request, request = NotifySubscriberRequest, requestId = 1
16:13:42:736  INFO 26680 --- [nacos-grpc-client-executor-8] com.alibaba.nacos.common.remote.client   : [c6ba271a-3d81-44bf-ac75-3884f7456e9b] Ack server push request, request = NotifySubscriberRequest, requestId = 1
16:13:43:645  INFO 26680 --- [main] d.s.w.p.DocumentationPluginsBootstrapper : Documentation plugins bootstrapped
16:13:43:648  INFO 26680 --- [main] d.s.w.p.DocumentationPluginsBootstrapper : Found 1 custom documentation plugin(s)
16:13:43:668  INFO 26680 --- [main] s.d.s.w.s.ApiListingReferenceScanner     : Scanning for api listing references
16:13:43:774  INFO 26680 --- [main] com.hmall.item.ItemApplication           : Started ItemApplication in 15.424 seconds (JVM running for 17.018)
16:27:05:896  INFO 9052 --- [main] com.hmall.item.ItemApplication           : Starting ItemApplication using Java 11.0.23 on lzy with PID 9052 (D:\ProgramData\javaproject\SpringCloud\datas\two\hmall\item-service\target\classes started by 11057 in D:\ProgramData\javaproject\SpringCloud\datas\two\hmall)
16:27:05:899 DEBUG 9052 --- [main] com.hmall.item.ItemApplication           : Running with Spring Boot v2.7.12, Spring v5.3.27
16:27:05:899  INFO 9052 --- [main] com.hmall.item.ItemApplication           : The following 1 profile is active: "local"
16:27:06:574  INFO 9052 --- [main] .s.d.r.c.RepositoryConfigurationDelegate : Multiple Spring Data modules found, entering strict repository configuration mode
16:27:06:577  INFO 9052 --- [main] .s.d.r.c.RepositoryConfigurationDelegate : Bootstrapping Spring Data Redis repositories in DEFAULT mode.
16:27:06:613  INFO 9052 --- [main] .s.d.r.c.RepositoryConfigurationDelegate : Finished Spring Data repository scanning in 12 ms. Found 0 Redis repository interfaces.
16:27:06:778  INFO 9052 --- [main] o.s.cloud.context.scope.GenericScope     : BeanFactory id=32bdadcd-848c-3529-9c3c-082c59bd9498
16:27:07:042  INFO 9052 --- [main] o.s.b.w.embedded.tomcat.TomcatWebServer  : Tomcat initialized with port(s): 8083 (http)
16:27:07:049  INFO 9052 --- [main] o.apache.catalina.core.StandardService   : Starting service [Tomcat]
16:27:07:049  INFO 9052 --- [main] org.apache.catalina.core.StandardEngine  : Starting Servlet engine: [Apache Tomcat/9.0.75]
16:27:07:164  INFO 9052 --- [main] o.a.c.c.C.[Tomcat].[localhost].[/]       : Initializing Spring embedded WebApplicationContext
16:27:07:164  INFO 9052 --- [main] w.s.c.ServletWebServerApplicationContext : Root WebApplicationContext: initialization completed in 1230 ms
16:27:12:050  INFO 9052 --- [main] pertySourcedRequestMappingHandlerMapping : Mapped URL path [/v2/api-docs] onto method [springfox.documentation.swagger2.web.Swagger2ControllerWebMvc#getDocumentation(String, HttpServletRequest)]
16:27:13:690  INFO 9052 --- [main] com.alibaba.nacos.common.remote.client   : [RpcClientFactory] create a new rpc client of dd7a2742-ad1d-493b-b4d3-9bdebe3460f1
16:27:13:724  INFO 9052 --- [main] org.reflections.Reflections              : Reflections took 18 ms to scan 1 urls, producing 3 keys and 6 values 
16:27:13:745  INFO 9052 --- [main] org.reflections.Reflections              : Reflections took 8 ms to scan 1 urls, producing 4 keys and 9 values 
16:27:13:753  INFO 9052 --- [main] org.reflections.Reflections              : Reflections took 6 ms to scan 1 urls, producing 3 keys and 10 values 
16:27:13:755  WARN 9052 --- [main] org.reflections.Reflections              : given scan urls are empty. set urls in the configuration
16:27:13:760  INFO 9052 --- [main] org.reflections.Reflections              : Reflections took 5 ms to scan 1 urls, producing 1 keys and 5 values 
16:27:13:769  INFO 9052 --- [main] org.reflections.Reflections              : Reflections took 8 ms to scan 1 urls, producing 1 keys and 7 values 
16:27:13:776  INFO 9052 --- [main] org.reflections.Reflections              : Reflections took 5 ms to scan 1 urls, producing 2 keys and 8 values 
16:27:13:779  WARN 9052 --- [main] org.reflections.Reflections              : given scan urls are empty. set urls in the configuration
16:27:13:779  INFO 9052 --- [main] com.alibaba.nacos.common.remote.client   : [dd7a2742-ad1d-493b-b4d3-9bdebe3460f1] RpcClient init label, labels = {module=naming, source=sdk}
16:27:13:782  INFO 9052 --- [main] com.alibaba.nacos.common.remote.client   : [dd7a2742-ad1d-493b-b4d3-9bdebe3460f1] RpcClient init, ServerListFactory = com.alibaba.nacos.client.naming.core.ServerListManager
16:27:13:782  INFO 9052 --- [main] com.alibaba.nacos.common.remote.client   : [dd7a2742-ad1d-493b-b4d3-9bdebe3460f1] Registry connection listener to current client:com.alibaba.nacos.client.naming.remote.gprc.redo.NamingGrpcRedoService
16:27:13:782  INFO 9052 --- [main] com.alibaba.nacos.common.remote.client   : [dd7a2742-ad1d-493b-b4d3-9bdebe3460f1] Register server push request handler:com.alibaba.nacos.client.naming.remote.gprc.NamingPushRequestHandler
16:27:13:783  INFO 9052 --- [main] com.alibaba.nacos.common.remote.client   : [dd7a2742-ad1d-493b-b4d3-9bdebe3460f1] Try to connect to server on start up, server: {serverIp = '192.168.88.135', server main port = 8848}
16:27:17:429  INFO 9052 --- [main] com.alibaba.nacos.common.remote.client   : [dd7a2742-ad1d-493b-b4d3-9bdebe3460f1] Success to connect to server [192.168.88.135:8848] on start up, connectionId = 1718641505685_192.168.88.1_51104
16:27:17:430  INFO 9052 --- [com.alibaba.nacos.client.remote.worker] com.alibaba.nacos.common.remote.client   : [dd7a2742-ad1d-493b-b4d3-9bdebe3460f1] Notify connected event to listeners.
16:27:17:431  INFO 9052 --- [main] com.alibaba.nacos.common.remote.client   : [dd7a2742-ad1d-493b-b4d3-9bdebe3460f1] Register server push request handler:com.alibaba.nacos.common.remote.client.RpcClient$ConnectResetRequestHandler
16:27:17:432  INFO 9052 --- [main] com.alibaba.nacos.common.remote.client   : [dd7a2742-ad1d-493b-b4d3-9bdebe3460f1] Register server push request handler:com.alibaba.nacos.common.remote.client.RpcClient$$Lambda$1065/0x00000008007b7440
16:27:17:486  INFO 9052 --- [main] o.s.b.w.embedded.tomcat.TomcatWebServer  : Tomcat started on port(s): 8083 (http) with context path ''
16:27:17:503  INFO 9052 --- [main] c.a.c.n.registry.NacosServiceRegistry    : nacos registry, DEFAULT_GROUP item-service 192.168.123.61:8083 register finished
16:27:17:955  INFO 26680 --- [nacos-grpc-client-executor-176] com.alibaba.nacos.common.remote.client   : [c6ba271a-3d81-44bf-ac75-3884f7456e9b] Receive server push request, request = NotifySubscriberRequest, requestId = 2
16:27:17:957  INFO 26680 --- [nacos-grpc-client-executor-176] com.alibaba.nacos.common.remote.client   : [c6ba271a-3d81-44bf-ac75-3884f7456e9b] Ack server push request, request = NotifySubscriberRequest, requestId = 2
16:27:17:965  INFO 9052 --- [nacos-grpc-client-executor-8] com.alibaba.nacos.common.remote.client   : [dd7a2742-ad1d-493b-b4d3-9bdebe3460f1] Receive server push request, request = NotifySubscriberRequest, requestId = 3
16:27:17:967  INFO 9052 --- [nacos-grpc-client-executor-8] com.alibaba.nacos.common.remote.client   : [dd7a2742-ad1d-493b-b4d3-9bdebe3460f1] Ack server push request, request = NotifySubscriberRequest, requestId = 3
16:27:18:811  INFO 9052 --- [main] d.s.w.p.DocumentationPluginsBootstrapper : Documentation plugins bootstrapped
16:27:18:814  INFO 9052 --- [main] d.s.w.p.DocumentationPluginsBootstrapper : Found 1 custom documentation plugin(s)
16:27:18:838  INFO 9052 --- [main] s.d.s.w.s.ApiListingReferenceScanner     : Scanning for api listing references
16:27:18:936  INFO 9052 --- [main] com.hmall.item.ItemApplication           : Started ItemApplication in 14.851 seconds (JVM running for 16.431)
16:27:58:580  WARN 9052 --- [Thread-4] c.a.nacos.common.notify.NotifyCenter     : [NotifyCenter] Start destroying Publisher
16:27:58:580  WARN 9052 --- [Thread-7] c.a.n.common.http.HttpClientBeanHolder   : [HttpClientBeanHolder] Start destroying common HttpClient
16:27:58:580  WARN 9052 --- [Thread-4] c.a.nacos.common.notify.NotifyCenter     : [NotifyCenter] Destruction of the end
16:27:58:581  WARN 9052 --- [Thread-7] c.a.n.common.http.HttpClientBeanHolder   : [HttpClientBeanHolder] Destruction of the end
16:27:59:720  INFO 9052 --- [SpringApplicationShutdownHook] c.a.c.n.registry.NacosServiceRegistry    : De-registering from Nacos Server now...
16:27:59:731  INFO 9052 --- [SpringApplicationShutdownHook] c.a.c.n.registry.NacosServiceRegistry    : De-registration finished.
16:28:00:060  INFO 9052 --- [SpringApplicationShutdownHook] com.alibaba.nacos.common.remote.client   : Shutdown rpc client, set status to shutdown
16:28:00:061  INFO 9052 --- [SpringApplicationShutdownHook] com.alibaba.nacos.common.remote.client   : Shutdown client event executor java.util.concurrent.ScheduledThreadPoolExecutor@1648cc47[Running, pool size = 2, active threads = 2, queued tasks = 0, completed tasks = 0]
16:28:00:061  INFO 9052 --- [SpringApplicationShutdownHook] com.alibaba.nacos.common.remote.client   : Close current connection 1718641505685_192.168.88.1_51104
16:28:00:064  INFO 9052 --- [nacos-grpc-client-executor-20] c.a.n.c.remote.client.grpc.GrpcClient    : [1718641505685_192.168.88.1_51104]Ignore complete event,isRunning:false,isAbandon=false
16:28:00:067  INFO 9052 --- [SpringApplicationShutdownHook] c.a.n.c.remote.client.grpc.GrpcClient    : Shutdown grpc executor java.util.concurrent.ThreadPoolExecutor@321cd731[Running, pool size = 5, active threads = 0, queued tasks = 0, completed tasks = 21]
16:28:00:248  INFO 26680 --- [nacos-grpc-client-executor-184] com.alibaba.nacos.common.remote.client   : [c6ba271a-3d81-44bf-ac75-3884f7456e9b] Receive server push request, request = NotifySubscriberRequest, requestId = 4
16:28:00:251  INFO 26680 --- [nacos-grpc-client-executor-184] com.alibaba.nacos.common.remote.client   : [c6ba271a-3d81-44bf-ac75-3884f7456e9b] Ack server push request, request = NotifySubscriberRequest, requestId = 4
16:44:11:097  INFO 22860 --- [main] com.hmall.item.ItemApplication           : Starting ItemApplication using Java 11.0.23 on lzy with PID 22860 (D:\ProgramData\javaproject\SpringCloud\datas\two\hmall\item-service\target\classes started by 11057 in D:\ProgramData\javaproject\SpringCloud\datas\two\hmall)
16:44:11:098 DEBUG 22860 --- [main] com.hmall.item.ItemApplication           : Running with Spring Boot v2.7.12, Spring v5.3.27
16:44:11:099  INFO 22860 --- [main] com.hmall.item.ItemApplication           : The following 1 profile is active: "local"
16:44:11:884  INFO 22860 --- [main] .s.d.r.c.RepositoryConfigurationDelegate : Multiple Spring Data modules found, entering strict repository configuration mode
16:44:11:886  INFO 22860 --- [main] .s.d.r.c.RepositoryConfigurationDelegate : Bootstrapping Spring Data Redis repositories in DEFAULT mode.
16:44:11:907  INFO 22860 --- [main] .s.d.r.c.RepositoryConfigurationDelegate : Finished Spring Data repository scanning in 8 ms. Found 0 Redis repository interfaces.
16:44:12:090  INFO 22860 --- [main] o.s.cloud.context.scope.GenericScope     : BeanFactory id=32bdadcd-848c-3529-9c3c-082c59bd9498
16:44:12:377  INFO 22860 --- [main] o.s.b.w.embedded.tomcat.TomcatWebServer  : Tomcat initialized with port(s): 8083 (http)
16:44:12:384  INFO 22860 --- [main] o.apache.catalina.core.StandardService   : Starting service [Tomcat]
16:44:12:384  INFO 22860 --- [main] org.apache.catalina.core.StandardEngine  : Starting Servlet engine: [Apache Tomcat/9.0.75]
16:44:12:503  INFO 22860 --- [main] o.a.c.c.C.[Tomcat].[localhost].[/]       : Initializing Spring embedded WebApplicationContext
16:44:12:504  INFO 22860 --- [main] w.s.c.ServletWebServerApplicationContext : Root WebApplicationContext: initialization completed in 1368 ms
16:44:17:694  INFO 22860 --- [main] pertySourcedRequestMappingHandlerMapping : Mapped URL path [/v2/api-docs] onto method [springfox.documentation.swagger2.web.Swagger2ControllerWebMvc#getDocumentation(String, HttpServletRequest)]
16:44:19:485  INFO 22860 --- [main] com.alibaba.nacos.common.remote.client   : [RpcClientFactory] create a new rpc client of ae7f2b6c-3779-4410-afe4-be94615908bf
16:44:19:519  INFO 22860 --- [main] org.reflections.Reflections              : Reflections took 19 ms to scan 1 urls, producing 3 keys and 6 values 
16:44:19:542  INFO 22860 --- [main] org.reflections.Reflections              : Reflections took 9 ms to scan 1 urls, producing 4 keys and 9 values 
16:44:19:551  INFO 22860 --- [main] org.reflections.Reflections              : Reflections took 5 ms to scan 1 urls, producing 3 keys and 10 values 
16:44:19:555  WARN 22860 --- [main] org.reflections.Reflections              : given scan urls are empty. set urls in the configuration
16:44:19:560  INFO 22860 --- [main] org.reflections.Reflections              : Reflections took 5 ms to scan 1 urls, producing 1 keys and 5 values 
16:44:19:569  INFO 22860 --- [main] org.reflections.Reflections              : Reflections took 7 ms to scan 1 urls, producing 1 keys and 7 values 
16:44:19:577  INFO 22860 --- [main] org.reflections.Reflections              : Reflections took 6 ms to scan 1 urls, producing 2 keys and 8 values 
16:44:19:580  WARN 22860 --- [main] org.reflections.Reflections              : given scan urls are empty. set urls in the configuration
16:44:19:581  INFO 22860 --- [main] com.alibaba.nacos.common.remote.client   : [ae7f2b6c-3779-4410-afe4-be94615908bf] RpcClient init label, labels = {module=naming, source=sdk}
16:44:19:583  INFO 22860 --- [main] com.alibaba.nacos.common.remote.client   : [ae7f2b6c-3779-4410-afe4-be94615908bf] RpcClient init, ServerListFactory = com.alibaba.nacos.client.naming.core.ServerListManager
16:44:19:584  INFO 22860 --- [main] com.alibaba.nacos.common.remote.client   : [ae7f2b6c-3779-4410-afe4-be94615908bf] Registry connection listener to current client:com.alibaba.nacos.client.naming.remote.gprc.redo.NamingGrpcRedoService
16:44:19:584  INFO 22860 --- [main] com.alibaba.nacos.common.remote.client   : [ae7f2b6c-3779-4410-afe4-be94615908bf] Register server push request handler:com.alibaba.nacos.client.naming.remote.gprc.NamingPushRequestHandler
16:44:19:585  INFO 22860 --- [main] com.alibaba.nacos.common.remote.client   : [ae7f2b6c-3779-4410-afe4-be94615908bf] Try to connect to server on start up, server: {serverIp = '192.168.88.135', server main port = 8848}
16:44:23:506  INFO 22860 --- [main] com.alibaba.nacos.common.remote.client   : [ae7f2b6c-3779-4410-afe4-be94615908bf] Success to connect to server [192.168.88.135:8848] on start up, connectionId = 1718642617218_192.168.88.1_58583
16:44:23:507  INFO 22860 --- [com.alibaba.nacos.client.remote.worker] com.alibaba.nacos.common.remote.client   : [ae7f2b6c-3779-4410-afe4-be94615908bf] Notify connected event to listeners.
16:44:23:507  INFO 22860 --- [main] com.alibaba.nacos.common.remote.client   : [ae7f2b6c-3779-4410-afe4-be94615908bf] Register server push request handler:com.alibaba.nacos.common.remote.client.RpcClient$ConnectResetRequestHandler
16:44:23:509  INFO 22860 --- [main] com.alibaba.nacos.common.remote.client   : [ae7f2b6c-3779-4410-afe4-be94615908bf] Register server push request handler:com.alibaba.nacos.common.remote.client.RpcClient$$Lambda$1065/0x00000008007b7440
16:44:23:558  INFO 22860 --- [main] o.s.b.w.embedded.tomcat.TomcatWebServer  : Tomcat started on port(s): 8083 (http) with context path ''
16:44:23:572  INFO 22860 --- [main] c.a.c.n.registry.NacosServiceRegistry    : nacos registry, DEFAULT_GROUP item-service 192.168.123.61:8083 register finished
16:44:24:031  INFO 26680 --- [nacos-grpc-client-executor-382] com.alibaba.nacos.common.remote.client   : [c6ba271a-3d81-44bf-ac75-3884f7456e9b] Receive server push request, request = NotifySubscriberRequest, requestId = 7
16:44:24:034  INFO 26680 --- [nacos-grpc-client-executor-382] com.alibaba.nacos.common.remote.client   : [c6ba271a-3d81-44bf-ac75-3884f7456e9b] Ack server push request, request = NotifySubscriberRequest, requestId = 7
16:44:24:045  INFO 22860 --- [nacos-grpc-client-executor-9] com.alibaba.nacos.common.remote.client   : [ae7f2b6c-3779-4410-afe4-be94615908bf] Receive server push request, request = NotifySubscriberRequest, requestId = 6
16:44:24:047  INFO 22860 --- [nacos-grpc-client-executor-9] com.alibaba.nacos.common.remote.client   : [ae7f2b6c-3779-4410-afe4-be94615908bf] Ack server push request, request = NotifySubscriberRequest, requestId = 6
16:44:25:084  INFO 22860 --- [main] d.s.w.p.DocumentationPluginsBootstrapper : Documentation plugins bootstrapped
16:44:25:087  INFO 22860 --- [main] d.s.w.p.DocumentationPluginsBootstrapper : Found 1 custom documentation plugin(s)
16:44:25:118  INFO 22860 --- [main] s.d.s.w.s.ApiListingReferenceScanner     : Scanning for api listing references
16:44:25:230  INFO 22860 --- [main] com.hmall.item.ItemApplication           : Started ItemApplication in 16.073 seconds (JVM running for 17.719)
16:44:37:568  INFO 26680 --- [http-nio-8081-exec-1] o.a.c.c.C.[Tomcat].[localhost].[/]       : Initializing Spring DispatcherServlet 'dispatcherServlet'
16:44:37:568  INFO 26680 --- [http-nio-8081-exec-1] o.s.web.servlet.DispatcherServlet        : Initializing Servlet 'dispatcherServlet'
16:44:37:569  INFO 26680 --- [http-nio-8081-exec-1] o.s.web.servlet.DispatcherServlet        : Completed initialization in 1 ms
16:44:37:638  INFO 26680 --- [http-nio-8081-exec-1] com.zaxxer.hikari.HikariDataSource       : HikariPool-1 - Starting...
16:44:37:903  INFO 26680 --- [http-nio-8081-exec-1] com.zaxxer.hikari.HikariDataSource       : HikariPool-1 - Start completed.
16:44:37:909 DEBUG 26680 --- [http-nio-8081-exec-1] c.h.i.mapper.ItemMapper.selectBatchIds   : ==>  Preparing: SELECT id,name,price,stock,image,category,brand,spec,sold,comment_count,isAD,status,create_time,update_time,creater,updater FROM item WHERE id IN ( ? )
16:44:37:931 DEBUG 26680 --- [http-nio-8081-exec-1] c.h.i.mapper.ItemMapper.selectBatchIds   : ==> Parameters: 100000006163(Long)
16:44:37:962 DEBUG 26680 --- [http-nio-8081-exec-1] c.h.i.mapper.ItemMapper.selectBatchIds   : <==      Total: 1
16:44:40:174  INFO 22860 --- [http-nio-8083-exec-1] o.a.c.c.C.[Tomcat].[localhost].[/]       : Initializing Spring DispatcherServlet 'dispatcherServlet'
16:44:40:174  INFO 22860 --- [http-nio-8083-exec-1] o.s.web.servlet.DispatcherServlet        : Initializing Servlet 'dispatcherServlet'
16:44:40:176  INFO 22860 --- [http-nio-8083-exec-1] o.s.web.servlet.DispatcherServlet        : Completed initialization in 2 ms
16:44:40:245  INFO 22860 --- [http-nio-8083-exec-1] com.zaxxer.hikari.HikariDataSource       : HikariPool-1 - Starting...
16:44:40:548  INFO 22860 --- [http-nio-8083-exec-1] com.zaxxer.hikari.HikariDataSource       : HikariPool-1 - Start completed.
16:44:40:555 DEBUG 22860 --- [http-nio-8083-exec-1] c.h.i.mapper.ItemMapper.selectBatchIds   : ==>  Preparing: SELECT id,name,price,stock,image,category,brand,spec,sold,comment_count,isAD,status,create_time,update_time,creater,updater FROM item WHERE id IN ( ? )
16:44:40:576 DEBUG 22860 --- [http-nio-8083-exec-1] c.h.i.mapper.ItemMapper.selectBatchIds   : ==> Parameters: 100000006163(Long)
16:44:40:604 DEBUG 22860 --- [http-nio-8083-exec-1] c.h.i.mapper.ItemMapper.selectBatchIds   : <==      Total: 1
19:32:23:110 DEBUG 26680 --- [http-nio-8081-exec-4] c.h.i.mapper.ItemMapper.selectBatchIds   : ==>  Preparing: SELECT id,name,price,stock,image,category,brand,spec,sold,comment_count,isAD,status,create_time,update_time,creater,updater FROM item WHERE id IN ( ? )
19:32:23:137 DEBUG 26680 --- [http-nio-8081-exec-4] c.h.i.mapper.ItemMapper.selectBatchIds   : ==> Parameters: 100000006163(Long)
19:32:23:156 DEBUG 26680 --- [http-nio-8081-exec-4] c.h.i.mapper.ItemMapper.selectBatchIds   : <==      Total: 1
19:32:23:668 DEBUG 22860 --- [http-nio-8083-exec-2] c.h.i.mapper.ItemMapper.selectBatchIds   : ==>  Preparing: SELECT id,name,price,stock,image,category,brand,spec,sold,comment_count,isAD,status,create_time,update_time,creater,updater FROM item WHERE id IN ( ? )
19:32:23:690 DEBUG 22860 --- [http-nio-8083-exec-2] c.h.i.mapper.ItemMapper.selectBatchIds   : ==> Parameters: 100000006163(Long)
19:32:23:710 DEBUG 22860 --- [http-nio-8083-exec-2] c.h.i.mapper.ItemMapper.selectBatchIds   : <==      Total: 1
19:32:24:352 DEBUG 26680 --- [http-nio-8081-exec-3] c.h.i.mapper.ItemMapper.selectBatchIds   : ==>  Preparing: SELECT id,name,price,stock,image,category,brand,spec,sold,comment_count,isAD,status,create_time,update_time,creater,updater FROM item WHERE id IN ( ? )
19:32:24:354 DEBUG 26680 --- [http-nio-8081-exec-3] c.h.i.mapper.ItemMapper.selectBatchIds   : ==> Parameters: 100000006163(Long)
19:32:24:357 DEBUG 26680 --- [http-nio-8081-exec-3] c.h.i.mapper.ItemMapper.selectBatchIds   : <==      Total: 1
19:41:12:599 DEBUG 22860 --- [http-nio-8083-exec-4] c.h.i.mapper.ItemMapper.selectBatchIds   : ==>  Preparing: SELECT id,name,price,stock,image,category,brand,spec,sold,comment_count,isAD,status,create_time,update_time,creater,updater FROM item WHERE id IN ( ? )
19:41:12:600 DEBUG 22860 --- [http-nio-8083-exec-4] c.h.i.mapper.ItemMapper.selectBatchIds   : ==> Parameters: 100000006163(Long)
19:41:12:603 DEBUG 22860 --- [http-nio-8083-exec-4] c.h.i.mapper.ItemMapper.selectBatchIds   : <==      Total: 1
19:47:30:083  WARN 22860 --- [Thread-4] c.a.nacos.common.notify.NotifyCenter     : [NotifyCenter] Start destroying Publisher
19:47:30:084  WARN 22860 --- [Thread-7] c.a.n.common.http.HttpClientBeanHolder   : [HttpClientBeanHolder] Start destroying common HttpClient
19:47:30:085  WARN 22860 --- [Thread-4] c.a.nacos.common.notify.NotifyCenter     : [NotifyCenter] Destruction of the end
19:47:30:087  WARN 22860 --- [Thread-7] c.a.n.common.http.HttpClientBeanHolder   : [HttpClientBeanHolder] Destruction of the end
19:47:30:123  WARN 26680 --- [Thread-4] c.a.nacos.common.notify.NotifyCenter     : [NotifyCenter] Start destroying Publisher
19:47:30:122  WARN 26680 --- [Thread-7] c.a.n.common.http.HttpClientBeanHolder   : [HttpClientBeanHolder] Start destroying common HttpClient
19:47:30:124  WARN 26680 --- [Thread-4] c.a.nacos.common.notify.NotifyCenter     : [NotifyCenter] Destruction of the end
19:47:30:133  WARN 26680 --- [Thread-7] c.a.n.common.http.HttpClientBeanHolder   : [HttpClientBeanHolder] Destruction of the end
19:47:31:426  INFO 22860 --- [SpringApplicationShutdownHook] c.a.c.n.registry.NacosServiceRegistry    : De-registering from Nacos Server now...
19:47:31:432  INFO 22860 --- [SpringApplicationShutdownHook] c.a.c.n.registry.NacosServiceRegistry    : De-registration finished.
19:47:31:560  INFO 26680 --- [SpringApplicationShutdownHook] c.a.c.n.registry.NacosServiceRegistry    : De-registering from Nacos Server now...
19:47:31:568  INFO 26680 --- [SpringApplicationShutdownHook] c.a.c.n.registry.NacosServiceRegistry    : De-registration finished.
19:47:31:760  INFO 22860 --- [SpringApplicationShutdownHook] com.alibaba.nacos.common.remote.client   : Shutdown rpc client, set status to shutdown
19:47:31:761  INFO 22860 --- [SpringApplicationShutdownHook] com.alibaba.nacos.common.remote.client   : Shutdown client event executor java.util.concurrent.ScheduledThreadPoolExecutor@698d8a7b[Running, pool size = 2, active threads = 2, queued tasks = 0, completed tasks = 0]
19:47:31:761  INFO 22860 --- [SpringApplicationShutdownHook] com.alibaba.nacos.common.remote.client   : Close current connection 1718642617218_192.168.88.1_58583
19:47:31:765  INFO 22860 --- [nacos-grpc-client-executor-2222] c.a.n.c.remote.client.grpc.GrpcClient    : [1718642617218_192.168.88.1_58583]Ignore complete event,isRunning:false,isAbandon=false
19:47:31:775  INFO 22860 --- [SpringApplicationShutdownHook] c.a.n.c.remote.client.grpc.GrpcClient    : Shutdown grpc executor java.util.concurrent.ThreadPoolExecutor@5b21ffd7[Running, pool size = 6, active threads = 0, queued tasks = 0, completed tasks = 2223]
19:47:31:794  INFO 22860 --- [SpringApplicationShutdownHook] com.zaxxer.hikari.HikariDataSource       : HikariPool-1 - Shutdown initiated...
19:47:31:828  INFO 22860 --- [SpringApplicationShutdownHook] com.zaxxer.hikari.HikariDataSource       : HikariPool-1 - Shutdown completed.
19:47:31:903  INFO 26680 --- [SpringApplicationShutdownHook] com.alibaba.nacos.common.remote.client   : Shutdown rpc client, set status to shutdown
19:47:31:903  INFO 26680 --- [SpringApplicationShutdownHook] com.alibaba.nacos.common.remote.client   : Shutdown client event executor java.util.concurrent.ScheduledThreadPoolExecutor@48b29a23[Running, pool size = 2, active threads = 2, queued tasks = 0, completed tasks = 0]
19:47:31:904  INFO 26680 --- [SpringApplicationShutdownHook] com.alibaba.nacos.common.remote.client   : Close current connection 1718640622353_192.168.88.1_62657
19:47:31:908  INFO 26680 --- [nacos-grpc-client-executor-2583] c.a.n.c.remote.client.grpc.GrpcClient    : [1718640622353_192.168.88.1_62657]Ignore complete event,isRunning:false,isAbandon=false
19:47:31:944  INFO 26680 --- [SpringApplicationShutdownHook] c.a.n.c.remote.client.grpc.GrpcClient    : Shutdown grpc executor java.util.concurrent.ThreadPoolExecutor@594a68b6[Running, pool size = 5, active threads = 0, queued tasks = 0, completed tasks = 2584]
19:47:31:963  INFO 26680 --- [SpringApplicationShutdownHook] com.zaxxer.hikari.HikariDataSource       : HikariPool-1 - Shutdown initiated...
19:47:31:981  INFO 26680 --- [SpringApplicationShutdownHook] com.zaxxer.hikari.HikariDataSource       : HikariPool-1 - Shutdown completed.
