18:24:11:316  INFO 21412 --- [main] com.hmall.user.UserApplication           : Starting UserApplication using Java 11.0.23 on lzy with PID 21412 (D:\ProgramData\javaproject\SpringCloud\datas\two\hmall\user-service\target\classes started by 11057 in D:\ProgramData\javaproject\SpringCloud\datas\two\hmall)
18:24:11:320 DEBUG 21412 --- [main] com.hmall.user.UserApplication           : Running with Spring Boot v2.7.12, Spring v5.3.27
18:24:11:321  INFO 21412 --- [main] com.hmall.user.UserApplication           : The following 1 profile is active: "local"
18:24:12:412  INFO 21412 --- [main] o.s.cloud.context.scope.GenericScope     : BeanFactory id=c84af717-a19d-34c5-ba5a-cf2bbbf28a33
18:24:12:818  INFO 21412 --- [main] o.s.b.w.embedded.tomcat.TomcatWebServer  : Tomcat initialized with port(s): 8084 (http)
18:24:12:828  INFO 21412 --- [main] o.apache.catalina.core.StandardService   : Starting service [Tomcat]
18:24:12:829  INFO 21412 --- [main] org.apache.catalina.core.StandardEngine  : Starting Servlet engine: [Apache Tomcat/9.0.75]
18:24:12:982  INFO 21412 --- [main] o.a.c.c.C.[Tomcat].[localhost].[/]       : Initializing Spring embedded WebApplicationContext
18:24:12:982  INFO 21412 --- [main] w.s.c.ServletWebServerApplicationContext : Root WebApplicationContext: initialization completed in 1619 ms
18:24:21:514  INFO 21412 --- [main] pertySourcedRequestMappingHandlerMapping : Mapped URL path [/v2/api-docs] onto method [springfox.documentation.swagger2.web.Swagger2ControllerWebMvc#getDocumentation(String, HttpServletRequest)]
18:24:23:983  INFO 21412 --- [main] com.alibaba.nacos.common.remote.client   : [RpcClientFactory] create a new rpc client of 9dd8f478-1ba0-41a0-af34-f75e5dddd2c7
18:24:24:044  INFO 21412 --- [main] org.reflections.Reflections              : Reflections took 24 ms to scan 1 urls, producing 3 keys and 6 values 
18:24:24:070  INFO 21412 --- [main] org.reflections.Reflections              : Reflections took 9 ms to scan 1 urls, producing 4 keys and 9 values 
18:24:24:079  INFO 21412 --- [main] org.reflections.Reflections              : Reflections took 7 ms to scan 1 urls, producing 3 keys and 10 values 
18:24:24:082  WARN 21412 --- [main] org.reflections.Reflections              : given scan urls are empty. set urls in the configuration
18:24:24:088  INFO 21412 --- [main] org.reflections.Reflections              : Reflections took 6 ms to scan 1 urls, producing 1 keys and 5 values 
18:24:24:097  INFO 21412 --- [main] org.reflections.Reflections              : Reflections took 7 ms to scan 1 urls, producing 1 keys and 7 values 
18:24:24:107  INFO 21412 --- [main] org.reflections.Reflections              : Reflections took 7 ms to scan 1 urls, producing 2 keys and 8 values 
18:24:24:111  WARN 21412 --- [main] org.reflections.Reflections              : given scan urls are empty. set urls in the configuration
18:24:24:112  INFO 21412 --- [main] com.alibaba.nacos.common.remote.client   : [9dd8f478-1ba0-41a0-af34-f75e5dddd2c7] RpcClient init label, labels = {module=naming, source=sdk}
18:24:24:114  INFO 21412 --- [main] com.alibaba.nacos.common.remote.client   : [9dd8f478-1ba0-41a0-af34-f75e5dddd2c7] RpcClient init, ServerListFactory = com.alibaba.nacos.client.naming.core.ServerListManager
18:24:24:114  INFO 21412 --- [main] com.alibaba.nacos.common.remote.client   : [9dd8f478-1ba0-41a0-af34-f75e5dddd2c7] Registry connection listener to current client:com.alibaba.nacos.client.naming.remote.gprc.redo.NamingGrpcRedoService
18:24:24:115  INFO 21412 --- [main] com.alibaba.nacos.common.remote.client   : [9dd8f478-1ba0-41a0-af34-f75e5dddd2c7] Register server push request handler:com.alibaba.nacos.client.naming.remote.gprc.NamingPushRequestHandler
18:24:24:116  INFO 21412 --- [main] com.alibaba.nacos.common.remote.client   : [9dd8f478-1ba0-41a0-af34-f75e5dddd2c7] Try to connect to server on start up, server: {serverIp = '192.168.88.135', server main port = 8848}
18:24:29:751 ERROR 21412 --- [main] c.a.n.c.remote.client.grpc.GrpcClient    : Server check fail, please check server 192.168.88.135 ,port 9848 is available , error ={}

java.util.concurrent.TimeoutException: Waited 3000 milliseconds (plus 16 milliseconds, 152900 nanoseconds delay) for com.alibaba.nacos.shaded.io.grpc.stub.ClientCalls$GrpcFuture@44dcc0e4[status=PENDING, info=[GrpcFuture{clientCall={delegate={delegate=ClientCallImpl{method=MethodDescriptor{fullMethodName=Request/request, type=UNARY, idempotent=false, safe=false, sampledToLocalTracing=true, requestMarshaller=com.alibaba.nacos.shaded.io.grpc.protobuf.lite.ProtoLiteUtils$MessageMarshaller@4eec5fa6, responseMarshaller=com.alibaba.nacos.shaded.io.grpc.protobuf.lite.ProtoLiteUtils$MessageMarshaller@21579b35, schemaDescriptor=com.alibaba.nacos.api.grpc.auto.RequestGrpc$RequestMethodDescriptorSupplier@25b83dce}}}}}]]
	at com.alibaba.nacos.shaded.com.google.common.util.concurrent.AbstractFuture.get(AbstractFuture.java:508) ~[nacos-client-2.0.4.jar:na]
	at com.alibaba.nacos.common.remote.client.grpc.GrpcClient.serverCheck(GrpcClient.java:148) ~[nacos-client-2.0.4.jar:na]
	at com.alibaba.nacos.common.remote.client.grpc.GrpcClient.connectToServer(GrpcClient.java:264) ~[nacos-client-2.0.4.jar:na]
	at com.alibaba.nacos.common.remote.client.RpcClient.start(RpcClient.java:390) ~[nacos-client-2.0.4.jar:na]
	at com.alibaba.nacos.client.naming.remote.gprc.NamingGrpcClientProxy.start(NamingGrpcClientProxy.java:96) ~[nacos-client-2.0.4.jar:na]
	at com.alibaba.nacos.client.naming.remote.gprc.NamingGrpcClientProxy.<init>(NamingGrpcClientProxy.java:89) ~[nacos-client-2.0.4.jar:na]
	at com.alibaba.nacos.client.naming.remote.NamingClientProxyDelegate.<init>(NamingClientProxyDelegate.java:76) ~[nacos-client-2.0.4.jar:na]
	at com.alibaba.nacos.client.naming.NacosNamingService.init(NacosNamingService.java:95) ~[nacos-client-2.0.4.jar:na]
	at com.alibaba.nacos.client.naming.NacosNamingService.<init>(NacosNamingService.java:81) ~[nacos-client-2.0.4.jar:na]
	at java.base/jdk.internal.reflect.NativeConstructorAccessorImpl.newInstance0(Native Method) ~[na:na]
	at java.base/jdk.internal.reflect.NativeConstructorAccessorImpl.newInstance(NativeConstructorAccessorImpl.java:62) ~[na:na]
	at java.base/jdk.internal.reflect.DelegatingConstructorAccessorImpl.newInstance(DelegatingConstructorAccessorImpl.java:45) ~[na:na]
	at java.base/java.lang.reflect.Constructor.newInstance(Constructor.java:490) ~[na:na]
	at com.alibaba.nacos.api.naming.NamingFactory.createNamingService(NamingFactory.java:59) ~[nacos-client-2.0.4.jar:na]
	at com.alibaba.nacos.api.NacosFactory.createNamingService(NacosFactory.java:77) ~[nacos-client-2.0.4.jar:na]
	at com.alibaba.cloud.nacos.NacosServiceManager.createNewNamingService(NacosServiceManager.java:99) ~[spring-cloud-starter-alibaba-nacos-discovery-2021.0.4.0.jar:2021.0.4.0]
	at com.alibaba.cloud.nacos.NacosServiceManager.buildNamingService(NacosServiceManager.java:90) ~[spring-cloud-starter-alibaba-nacos-discovery-2021.0.4.0.jar:2021.0.4.0]
	at com.alibaba.cloud.nacos.NacosServiceManager.getNamingService(NacosServiceManager.java:46) ~[spring-cloud-starter-alibaba-nacos-discovery-2021.0.4.0.jar:2021.0.4.0]
	at com.alibaba.cloud.nacos.discovery.NacosWatch.start(NacosWatch.java:130) ~[spring-cloud-starter-alibaba-nacos-discovery-2021.0.4.0.jar:2021.0.4.0]
	at org.springframework.context.support.DefaultLifecycleProcessor.doStart(DefaultLifecycleProcessor.java:178) ~[spring-context-5.3.27.jar:5.3.27]
	at org.springframework.context.support.DefaultLifecycleProcessor.access$200(DefaultLifecycleProcessor.java:54) ~[spring-context-5.3.27.jar:5.3.27]
	at org.springframework.context.support.DefaultLifecycleProcessor$LifecycleGroup.start(DefaultLifecycleProcessor.java:356) ~[spring-context-5.3.27.jar:5.3.27]
	at java.base/java.lang.Iterable.forEach(Iterable.java:75) ~[na:na]
	at org.springframework.context.support.DefaultLifecycleProcessor.startBeans(DefaultLifecycleProcessor.java:155) ~[spring-context-5.3.27.jar:5.3.27]
	at org.springframework.context.support.DefaultLifecycleProcessor.onRefresh(DefaultLifecycleProcessor.java:123) ~[spring-context-5.3.27.jar:5.3.27]
	at org.springframework.context.support.AbstractApplicationContext.finishRefresh(AbstractApplicationContext.java:937) ~[spring-context-5.3.27.jar:5.3.27]
	at org.springframework.context.support.AbstractApplicationContext.refresh(AbstractApplicationContext.java:586) ~[spring-context-5.3.27.jar:5.3.27]
	at org.springframework.boot.web.servlet.context.ServletWebServerApplicationContext.refresh(ServletWebServerApplicationContext.java:147) ~[spring-boot-2.7.12.jar:2.7.12]
	at org.springframework.boot.SpringApplication.refresh(SpringApplication.java:731) ~[spring-boot-2.7.12.jar:2.7.12]
	at org.springframework.boot.SpringApplication.refreshContext(SpringApplication.java:408) ~[spring-boot-2.7.12.jar:2.7.12]
	at org.springframework.boot.SpringApplication.run(SpringApplication.java:307) ~[spring-boot-2.7.12.jar:2.7.12]
	at org.springframework.boot.SpringApplication.run(SpringApplication.java:1303) ~[spring-boot-2.7.12.jar:2.7.12]
	at org.springframework.boot.SpringApplication.run(SpringApplication.java:1292) ~[spring-boot-2.7.12.jar:2.7.12]
	at com.hmall.user.UserApplication.main(UserApplication.java:10) ~[classes/:na]

18:24:29:765  INFO 21412 --- [main] com.alibaba.nacos.common.remote.client   : [9dd8f478-1ba0-41a0-af34-f75e5dddd2c7] Try to connect to server on start up, server: {serverIp = '192.168.88.135', server main port = 8848}
18:24:30:813  INFO 21412 --- [main] com.alibaba.nacos.common.remote.client   : [9dd8f478-1ba0-41a0-af34-f75e5dddd2c7] Success to connect to server [192.168.88.135:8848] on start up, connectionId = 1719743069952_192.168.88.1_60362
18:24:30:814  INFO 21412 --- [com.alibaba.nacos.client.remote.worker] com.alibaba.nacos.common.remote.client   : [9dd8f478-1ba0-41a0-af34-f75e5dddd2c7] Notify connected event to listeners.
18:24:30:816  INFO 21412 --- [main] com.alibaba.nacos.common.remote.client   : [9dd8f478-1ba0-41a0-af34-f75e5dddd2c7] Register server push request handler:com.alibaba.nacos.common.remote.client.RpcClient$ConnectResetRequestHandler
18:24:30:816  INFO 21412 --- [main] com.alibaba.nacos.common.remote.client   : [9dd8f478-1ba0-41a0-af34-f75e5dddd2c7] Register server push request handler:com.alibaba.nacos.common.remote.client.RpcClient$$Lambda$954/0x0000000800848040
18:24:30:931  INFO 21412 --- [main] o.s.b.w.embedded.tomcat.TomcatWebServer  : Tomcat started on port(s): 8084 (http) with context path ''
18:24:30:952  INFO 21412 --- [main] c.a.c.n.registry.NacosServiceRegistry    : nacos registry, DEFAULT_GROUP user-service 192.168.123.61:8084 register finished
18:24:31:422  INFO 21412 --- [nacos-grpc-client-executor-8] com.alibaba.nacos.common.remote.client   : [9dd8f478-1ba0-41a0-af34-f75e5dddd2c7] Receive server push request, request = NotifySubscriberRequest, requestId = 110
18:24:31:427  INFO 21412 --- [nacos-grpc-client-executor-8] com.alibaba.nacos.common.remote.client   : [9dd8f478-1ba0-41a0-af34-f75e5dddd2c7] Ack server push request, request = NotifySubscriberRequest, requestId = 110
18:24:33:033  INFO 21412 --- [main] d.s.w.p.DocumentationPluginsBootstrapper : Documentation plugins bootstrapped
18:24:33:035  INFO 21412 --- [main] d.s.w.p.DocumentationPluginsBootstrapper : Found 1 custom documentation plugin(s)
18:24:33:057  INFO 21412 --- [main] s.d.s.w.s.ApiListingReferenceScanner     : Scanning for api listing references
18:24:33:184  INFO 21412 --- [main] com.hmall.user.UserApplication           : Started UserApplication in 24.637 seconds (JVM running for 27.113)
18:32:38:522  INFO 21412 --- [http-nio-8084-exec-1] o.apache.tomcat.util.http.parser.Cookie  : A cookie header was received [Hm_lvt_9007fab6814e892d3020a64454da5a55=1706944313,1707027411;] that contained an invalid cookie. That cookie will be ignored.
 Note: further occurrences of this error will be logged at DEBUG level.
18:32:38:535  INFO 21412 --- [http-nio-8084-exec-1] o.a.c.c.C.[Tomcat].[localhost].[/]       : Initializing Spring DispatcherServlet 'dispatcherServlet'
18:32:38:536  INFO 21412 --- [http-nio-8084-exec-1] o.s.web.servlet.DispatcherServlet        : Initializing Servlet 'dispatcherServlet'
18:32:38:544  INFO 21412 --- [http-nio-8084-exec-1] o.s.web.servlet.DispatcherServlet        : Completed initialization in 8 ms
18:32:38:797  INFO 21412 --- [http-nio-8084-exec-1] com.zaxxer.hikari.HikariDataSource       : HikariPool-1 - Starting...
18:32:39:041  INFO 21412 --- [http-nio-8084-exec-1] com.zaxxer.hikari.HikariDataSource       : HikariPool-1 - Start completed.
18:32:39:047 DEBUG 21412 --- [http-nio-8084-exec-1] c.h.user.mapper.UserMapper.selectOne     : ==>  Preparing: SELECT id,username,password,phone,create_time,update_time,status,balance FROM user WHERE (username = ?)
18:32:39:071 DEBUG 21412 --- [http-nio-8084-exec-1] c.h.user.mapper.UserMapper.selectOne     : ==> Parameters: Rose(String)
18:32:39:152 DEBUG 21412 --- [http-nio-8084-exec-1] c.h.user.mapper.UserMapper.selectOne     : <==      Total: 1
18:32:56:556 DEBUG 21412 --- [http-nio-8084-exec-2] c.h.u.mapper.AddressMapper.selectList    : ==>  Preparing: SELECT id,user_id,province,city,town,mobile,street,contact,is_default,notes FROM address WHERE (user_id = ?)
18:32:56:556 DEBUG 21412 --- [http-nio-8084-exec-2] c.h.u.mapper.AddressMapper.selectList    : ==> Parameters: 2(Long)
18:32:56:563 DEBUG 21412 --- [http-nio-8084-exec-2] c.h.u.mapper.AddressMapper.selectList    : <==      Total: 0
18:34:25:608  INFO 21412 --- [http-nio-8084-exec-4] c.h.user.service.Impl.UserServiceImpl    : 开始扣款
18:34:25:610 DEBUG 21412 --- [http-nio-8084-exec-4] c.h.user.mapper.UserMapper.selectById    : ==>  Preparing: SELECT id,username,password,phone,create_time,update_time,status,balance FROM user WHERE id=?
18:34:25:610 DEBUG 21412 --- [http-nio-8084-exec-4] c.h.user.mapper.UserMapper.selectById    : ==> Parameters: 2(Long)
18:34:25:613 DEBUG 21412 --- [http-nio-8084-exec-4] c.h.user.mapper.UserMapper.selectById    : <==      Total: 1
18:34:25:685 DEBUG 21412 --- [http-nio-8084-exec-4] c.h.user.mapper.UserMapper.updateMoney   : ==>  Preparing: update user set balance = balance - 316100 where id = ?
18:34:25:686 DEBUG 21412 --- [http-nio-8084-exec-4] c.h.user.mapper.UserMapper.updateMoney   : ==> Parameters: 2(Long)
18:34:25:699 DEBUG 21412 --- [http-nio-8084-exec-4] c.h.user.mapper.UserMapper.updateMoney   : <==    Updates: 1
18:34:25:699  INFO 21412 --- [http-nio-8084-exec-4] c.h.user.service.Impl.UserServiceImpl    : 扣款成功
18:36:02:249  WARN 21412 --- [Thread-7] c.a.n.common.http.HttpClientBeanHolder   : [HttpClientBeanHolder] Start destroying common HttpClient
18:36:02:249  WARN 21412 --- [Thread-4] c.a.nacos.common.notify.NotifyCenter     : [NotifyCenter] Start destroying Publisher
18:36:02:251  WARN 21412 --- [Thread-4] c.a.nacos.common.notify.NotifyCenter     : [NotifyCenter] Destruction of the end
18:36:02:251  WARN 21412 --- [Thread-7] c.a.n.common.http.HttpClientBeanHolder   : [HttpClientBeanHolder] Destruction of the end
18:36:03:760  INFO 21412 --- [SpringApplicationShutdownHook] c.a.c.n.registry.NacosServiceRegistry    : De-registering from Nacos Server now...
18:36:03:767  INFO 21412 --- [SpringApplicationShutdownHook] c.a.c.n.registry.NacosServiceRegistry    : De-registration finished.
18:36:04:102  INFO 21412 --- [SpringApplicationShutdownHook] com.alibaba.nacos.common.remote.client   : Shutdown rpc client, set status to shutdown
18:36:04:102  INFO 21412 --- [SpringApplicationShutdownHook] com.alibaba.nacos.common.remote.client   : Shutdown client event executor java.util.concurrent.ScheduledThreadPoolExecutor@78378e07[Running, pool size = 2, active threads = 2, queued tasks = 0, completed tasks = 0]
18:36:04:102  INFO 21412 --- [SpringApplicationShutdownHook] com.alibaba.nacos.common.remote.client   : Close current connection 1719743069952_192.168.88.1_60362
18:36:04:106  INFO 21412 --- [nacos-grpc-client-executor-151] c.a.n.c.remote.client.grpc.GrpcClient    : [1719743069952_192.168.88.1_60362]Ignore complete event,isRunning:false,isAbandon=false
18:36:04:111  INFO 21412 --- [SpringApplicationShutdownHook] c.a.n.c.remote.client.grpc.GrpcClient    : Shutdown grpc executor java.util.concurrent.ThreadPoolExecutor@6c942d53[Running, pool size = 5, active threads = 0, queued tasks = 0, completed tasks = 152]
18:36:04:122  INFO 21412 --- [SpringApplicationShutdownHook] com.zaxxer.hikari.HikariDataSource       : HikariPool-1 - Shutdown initiated...
18:36:04:151  INFO 21412 --- [SpringApplicationShutdownHook] com.zaxxer.hikari.HikariDataSource       : HikariPool-1 - Shutdown completed.
